Namespace(batch_size=32, dataset='modelnet40', dropout=0.2, emb_dims=1024, epochs=250, eval=False, exp_name='ognet_1024_small_d0.2', k=20, lr=0.001, model='ognet-small', model_path='', momentum=0.9, no_cuda=False, num_points=1024, seed=1, test_batch_size=16, use_sgd=True)
Using GPU : 0 from 1 devices
Train 0, loss: 3.499065, train acc: 0.363090, train avg acc: 0.209064
Test 0, loss: 2.470506, test acc: 0.498379, test avg acc: 0.383134
Train 1, loss: 2.282399, train acc: 0.592427, train avg acc: 0.425516
Test 1, loss: 2.137896, test acc: 0.636143, test avg acc: 0.530006
Train 2, loss: 2.065132, train acc: 0.683632, train avg acc: 0.538560
Test 2, loss: 2.017497, test acc: 0.693274, test avg acc: 0.632349
Train 3, loss: 1.949540, train acc: 0.738090, train avg acc: 0.614230
Test 3, loss: 1.924839, test acc: 0.743517, test avg acc: 0.712808
Train 4, loss: 1.865591, train acc: 0.769748, train avg acc: 0.662605
Test 4, loss: 1.799894, test acc: 0.801459, test avg acc: 0.746302
Train 5, loss: 1.825709, train acc: 0.784609, train avg acc: 0.676545
Test 5, loss: 1.746204, test acc: 0.821313, test avg acc: 0.737477
Train 6, loss: 1.785410, train acc: 0.804967, train avg acc: 0.707048
Test 6, loss: 1.784177, test acc: 0.809562, test avg acc: 0.750913
Train 7, loss: 1.749829, train acc: 0.818099, train avg acc: 0.729825
Test 7, loss: 1.735091, test acc: 0.821313, test avg acc: 0.763756
Train 8, loss: 1.722703, train acc: 0.829092, train avg acc: 0.742182
Test 8, loss: 1.743265, test acc: 0.820097, test avg acc: 0.751000
Train 9, loss: 1.710334, train acc: 0.830110, train avg acc: 0.744864
Test 9, loss: 1.650523, test acc: 0.862642, test avg acc: 0.799477
Train 10, loss: 1.685879, train acc: 0.848331, train avg acc: 0.776293
Test 10, loss: 1.744295, test acc: 0.818882, test avg acc: 0.791855
Train 11, loss: 1.670043, train acc: 0.848331, train avg acc: 0.775355
Test 11, loss: 1.657023, test acc: 0.859806, test avg acc: 0.794890
Train 12, loss: 1.652025, train acc: 0.858713, train avg acc: 0.789015
Test 12, loss: 1.701917, test acc: 0.819692, test avg acc: 0.777669
Train 13, loss: 1.645459, train acc: 0.861665, train avg acc: 0.793669
Test 13, loss: 1.640559, test acc: 0.874392, test avg acc: 0.841221
Train 14, loss: 1.638216, train acc: 0.860138, train avg acc: 0.792349
Test 14, loss: 1.679381, test acc: 0.841572, test avg acc: 0.773209
Train 15, loss: 1.621475, train acc: 0.872353, train avg acc: 0.808369
Test 15, loss: 1.655402, test acc: 0.856969, test avg acc: 0.815959
Train 16, loss: 1.611599, train acc: 0.874695, train avg acc: 0.812889
Test 16, loss: 1.682396, test acc: 0.840762, test avg acc: 0.808215
Train 17, loss: 1.601099, train acc: 0.877850, train avg acc: 0.815843
Test 17, loss: 1.710432, test acc: 0.818071, test avg acc: 0.763785
Train 18, loss: 1.597192, train acc: 0.880395, train avg acc: 0.818378
Test 18, loss: 1.624258, test acc: 0.875203, test avg acc: 0.812424
Train 19, loss: 1.582330, train acc: 0.885993, train avg acc: 0.826930
Test 19, loss: 1.562993, test acc: 0.894246, test avg acc: 0.861424
Train 20, loss: 1.582285, train acc: 0.885688, train avg acc: 0.829053
Test 20, loss: 1.584247, test acc: 0.888169, test avg acc: 0.832645
Train 21, loss: 1.566823, train acc: 0.890472, train avg acc: 0.834702
Test 21, loss: 1.680527, test acc: 0.829822, test avg acc: 0.806285
Train 22, loss: 1.567507, train acc: 0.888436, train avg acc: 0.832910
Test 22, loss: 1.565576, test acc: 0.895462, test avg acc: 0.849081
Train 23, loss: 1.566909, train acc: 0.891694, train avg acc: 0.837924
Test 23, loss: 1.600969, test acc: 0.876418, test avg acc: 0.815785
Train 24, loss: 1.558785, train acc: 0.893628, train avg acc: 0.839582
Test 24, loss: 1.591383, test acc: 0.885737, test avg acc: 0.827680
Train 25, loss: 1.550947, train acc: 0.896173, train avg acc: 0.845335
Test 25, loss: 1.632976, test acc: 0.851702, test avg acc: 0.810529
Train 26, loss: 1.543592, train acc: 0.904621, train avg acc: 0.854714
Test 26, loss: 1.603691, test acc: 0.866694, test avg acc: 0.815157
Train 27, loss: 1.540974, train acc: 0.902789, train avg acc: 0.854487
Test 27, loss: 1.595313, test acc: 0.879660, test avg acc: 0.838738
Train 28, loss: 1.542022, train acc: 0.899532, train avg acc: 0.847523
Test 28, loss: 1.634792, test acc: 0.856159, test avg acc: 0.817297
Train 29, loss: 1.538020, train acc: 0.903094, train avg acc: 0.854454
Test 29, loss: 1.570353, test acc: 0.888169, test avg acc: 0.854855
Namespace(batch_size=32, dataset='modelnet40', dropout=0.2, emb_dims=1024, epochs=250, eval=False, exp_name='ognet_1024_small_d0.2', k=20, lr=0.001, model='ognet-small', model_path='', momentum=0.9, no_cuda=False, num_points=1024, seed=1, test_batch_size=16, use_sgd=True)
Using GPU : 0 from 1 devices
Train 0, loss: 3.414931, train acc: 0.364210, train avg acc: 0.212548
Test 0, loss: 2.450027, test acc: 0.487844, test avg acc: 0.371076
Train 1, loss: 2.237971, train acc: 0.617467, train avg acc: 0.449656
Test 1, loss: 1.978902, test acc: 0.736629, test avg acc: 0.618238
Train 2, loss: 2.021938, train acc: 0.706433, train avg acc: 0.566429
Test 2, loss: 1.974300, test acc: 0.699352, test avg acc: 0.635360
Train 3, loss: 1.917529, train acc: 0.741144, train avg acc: 0.615710
Test 3, loss: 1.892442, test acc: 0.744733, test avg acc: 0.684610
Train 4, loss: 1.846003, train acc: 0.778400, train avg acc: 0.668736
Test 4, loss: 1.815493, test acc: 0.792950, test avg acc: 0.692756
Train 5, loss: 1.797558, train acc: 0.795603, train avg acc: 0.696017
Test 5, loss: 1.776462, test acc: 0.800648, test avg acc: 0.727494
Train 6, loss: 1.760127, train acc: 0.810159, train avg acc: 0.716595
Test 6, loss: 1.712624, test acc: 0.827391, test avg acc: 0.768331
Train 7, loss: 1.727546, train acc: 0.824919, train avg acc: 0.739557
Test 7, loss: 1.686203, test acc: 0.843193, test avg acc: 0.788436
Train 8, loss: 1.712051, train acc: 0.830721, train avg acc: 0.748253
Test 8, loss: 1.723341, test acc: 0.831848, test avg acc: 0.759012
Train 9, loss: 1.691662, train acc: 0.840696, train avg acc: 0.760623
Test 9, loss: 1.713846, test acc: 0.832253, test avg acc: 0.761087
Train 10, loss: 1.674153, train acc: 0.845786, train avg acc: 0.773002
Test 10, loss: 1.685597, test acc: 0.843193, test avg acc: 0.774849
Train 11, loss: 1.653714, train acc: 0.858306, train avg acc: 0.788002
Test 11, loss: 1.682460, test acc: 0.840357, test avg acc: 0.785558
Train 12, loss: 1.638115, train acc: 0.864719, train avg acc: 0.797417
Test 12, loss: 1.767091, test acc: 0.804700, test avg acc: 0.763198
Train 13, loss: 1.623675, train acc: 0.869503, train avg acc: 0.803629
Test 13, loss: 1.579415, test acc: 0.889384, test avg acc: 0.838971
Train 14, loss: 1.615724, train acc: 0.869910, train avg acc: 0.804749
Test 14, loss: 1.734849, test acc: 0.825770, test avg acc: 0.760465
Train 15, loss: 1.606579, train acc: 0.873677, train avg acc: 0.813952
Test 15, loss: 1.610845, test acc: 0.866288, test avg acc: 0.831605
Train 16, loss: 1.596173, train acc: 0.878868, train avg acc: 0.817635
Test 16, loss: 1.647913, test acc: 0.850486, test avg acc: 0.810122
Train 17, loss: 1.591398, train acc: 0.878664, train avg acc: 0.821335
Test 17, loss: 1.629448, test acc: 0.867099, test avg acc: 0.814587
Train 18, loss: 1.590056, train acc: 0.880497, train avg acc: 0.822317
Test 18, loss: 1.585143, test acc: 0.882496, test avg acc: 0.834227
Train 19, loss: 1.573806, train acc: 0.884670, train avg acc: 0.824431
Test 19, loss: 1.609463, test acc: 0.880875, test avg acc: 0.839058
Train 20, loss: 1.570099, train acc: 0.885586, train avg acc: 0.830029
Test 20, loss: 1.599246, test acc: 0.874797, test avg acc: 0.836192
Train 21, loss: 1.559365, train acc: 0.893933, train avg acc: 0.842144
Test 21, loss: 1.647835, test acc: 0.854133, test avg acc: 0.811151
Train 22, loss: 1.555228, train acc: 0.888844, train avg acc: 0.830152
Test 22, loss: 1.567871, test acc: 0.895057, test avg acc: 0.857849
Train 23, loss: 1.554715, train acc: 0.894544, train avg acc: 0.843943
Test 23, loss: 1.550435, test acc: 0.895867, test avg acc: 0.840099
Train 24, loss: 1.550559, train acc: 0.896987, train avg acc: 0.847262
Test 24, loss: 1.574099, test acc: 0.888574, test avg acc: 0.835831
Train 25, loss: 1.544110, train acc: 0.896987, train avg acc: 0.844630
Test 25, loss: 1.598734, test acc: 0.874392, test avg acc: 0.817977
Train 26, loss: 1.543725, train acc: 0.896885, train avg acc: 0.845979
Test 26, loss: 1.576696, test acc: 0.877229, test avg acc: 0.831820
Train 27, loss: 1.535987, train acc: 0.904112, train avg acc: 0.857363
Test 27, loss: 1.584559, test acc: 0.886143, test avg acc: 0.825855
Train 28, loss: 1.537271, train acc: 0.900957, train avg acc: 0.851904
Test 28, loss: 1.595480, test acc: 0.874392, test avg acc: 0.842907
Train 29, loss: 1.525849, train acc: 0.905334, train avg acc: 0.856232
Test 29, loss: 1.613427, test acc: 0.858590, test avg acc: 0.815773
Train 30, loss: 1.528403, train acc: 0.903196, train avg acc: 0.852647
Test 30, loss: 1.623739, test acc: 0.857780, test avg acc: 0.810634
Train 31, loss: 1.522203, train acc: 0.908897, train avg acc: 0.863257
Test 31, loss: 1.587667, test acc: 0.880065, test avg acc: 0.840105
Train 32, loss: 1.517240, train acc: 0.912968, train avg acc: 0.871985
Test 32, loss: 1.572785, test acc: 0.886143, test avg acc: 0.833052
Train 33, loss: 1.509082, train acc: 0.913986, train avg acc: 0.871875
Test 33, loss: 1.557263, test acc: 0.897083, test avg acc: 0.854785
Train 34, loss: 1.510622, train acc: 0.912052, train avg acc: 0.869972
Test 34, loss: 1.578196, test acc: 0.898703, test avg acc: 0.864762
Train 35, loss: 1.509765, train acc: 0.911441, train avg acc: 0.866563
Test 35, loss: 1.572855, test acc: 0.884522, test avg acc: 0.839890
Train 36, loss: 1.507837, train acc: 0.914902, train avg acc: 0.873597
Test 36, loss: 1.612915, test acc: 0.869530, test avg acc: 0.853209
Train 37, loss: 1.500678, train acc: 0.915818, train avg acc: 0.870934
Test 37, loss: 1.588667, test acc: 0.878039, test avg acc: 0.823477
Train 38, loss: 1.506868, train acc: 0.910118, train avg acc: 0.864522
Test 38, loss: 1.588142, test acc: 0.884117, test avg acc: 0.844814
Train 39, loss: 1.504310, train acc: 0.915513, train avg acc: 0.869519
Test 39, loss: 1.588873, test acc: 0.887763, test avg acc: 0.839448
Train 40, loss: 1.492137, train acc: 0.920704, train avg acc: 0.882338
Test 40, loss: 1.567069, test acc: 0.889789, test avg acc: 0.830547
Train 41, loss: 1.501818, train acc: 0.914393, train avg acc: 0.870805
Test 41, loss: 1.583383, test acc: 0.873582, test avg acc: 0.845709
Train 42, loss: 1.492529, train acc: 0.921417, train avg acc: 0.881435
Test 42, loss: 1.648323, test acc: 0.858995, test avg acc: 0.802587
Train 43, loss: 1.492826, train acc: 0.918567, train avg acc: 0.877859
Test 43, loss: 1.573312, test acc: 0.880875, test avg acc: 0.840715
Train 44, loss: 1.493041, train acc: 0.921213, train avg acc: 0.881867
Test 44, loss: 1.588520, test acc: 0.873177, test avg acc: 0.825256
Train 45, loss: 1.489134, train acc: 0.919788, train avg acc: 0.879569
Test 45, loss: 1.547539, test acc: 0.888169, test avg acc: 0.839308
Train 46, loss: 1.491123, train acc: 0.922842, train avg acc: 0.884527
Test 46, loss: 1.627968, test acc: 0.872771, test avg acc: 0.828401
Train 47, loss: 1.490237, train acc: 0.919178, train avg acc: 0.874355
Test 47, loss: 1.582742, test acc: 0.873987, test avg acc: 0.822105
Train 48, loss: 1.481635, train acc: 0.925387, train avg acc: 0.887181
Test 48, loss: 1.567020, test acc: 0.887358, test avg acc: 0.849099
Train 49, loss: 1.484874, train acc: 0.923758, train avg acc: 0.885637
Test 49, loss: 1.641132, test acc: 0.863047, test avg acc: 0.820703
Train 50, loss: 1.481007, train acc: 0.924572, train avg acc: 0.884448
Test 50, loss: 1.559012, test acc: 0.884522, test avg acc: 0.839110
Train 51, loss: 1.480513, train acc: 0.926099, train avg acc: 0.891057
Test 51, loss: 1.576182, test acc: 0.889384, test avg acc: 0.848209
Train 52, loss: 1.481532, train acc: 0.924165, train avg acc: 0.885424
Test 52, loss: 1.535956, test acc: 0.907618, test avg acc: 0.863337
Train 53, loss: 1.471667, train acc: 0.929051, train avg acc: 0.893978
Test 53, loss: 1.540681, test acc: 0.893841, test avg acc: 0.852890
Train 54, loss: 1.475926, train acc: 0.927015, train avg acc: 0.889167
Test 54, loss: 1.550385, test acc: 0.885332, test avg acc: 0.844012
Train 55, loss: 1.474680, train acc: 0.927932, train avg acc: 0.891666
Test 55, loss: 1.558993, test acc: 0.890194, test avg acc: 0.855733
Train 56, loss: 1.475521, train acc: 0.926812, train avg acc: 0.888076
Test 56, loss: 1.697327, test acc: 0.833874, test avg acc: 0.800593
Train 57, loss: 1.471771, train acc: 0.928950, train avg acc: 0.891872
Test 57, loss: 1.582758, test acc: 0.886548, test avg acc: 0.849919
Train 58, loss: 1.474892, train acc: 0.925692, train avg acc: 0.887137
Test 58, loss: 1.567046, test acc: 0.894652, test avg acc: 0.852721
Train 59, loss: 1.464858, train acc: 0.931698, train avg acc: 0.901043
Test 59, loss: 1.568339, test acc: 0.883712, test avg acc: 0.844855
Train 60, loss: 1.469046, train acc: 0.930578, train avg acc: 0.896582
Test 60, loss: 1.572972, test acc: 0.888169, test avg acc: 0.849297
Train 61, loss: 1.464531, train acc: 0.929662, train avg acc: 0.895959
Test 61, loss: 1.546806, test acc: 0.901945, test avg acc: 0.854750
Train 62, loss: 1.463134, train acc: 0.932716, train avg acc: 0.898497
Test 62, loss: 1.545797, test acc: 0.891815, test avg acc: 0.860564
Train 63, loss: 1.460848, train acc: 0.933327, train avg acc: 0.899420
Test 63, loss: 1.589778, test acc: 0.874797, test avg acc: 0.833390
Train 64, loss: 1.463851, train acc: 0.932105, train avg acc: 0.895957
Test 64, loss: 1.549631, test acc: 0.890194, test avg acc: 0.838616
Train 65, loss: 1.461779, train acc: 0.931800, train avg acc: 0.898880
Test 65, loss: 1.534969, test acc: 0.899109, test avg acc: 0.864703
Train 66, loss: 1.450064, train acc: 0.935871, train avg acc: 0.903181
Test 66, loss: 1.709103, test acc: 0.851702, test avg acc: 0.801523
Train 67, loss: 1.456807, train acc: 0.934039, train avg acc: 0.899893
Test 67, loss: 1.601814, test acc: 0.879254, test avg acc: 0.819802
Train 68, loss: 1.451346, train acc: 0.934344, train avg acc: 0.900532
Test 68, loss: 1.578940, test acc: 0.880065, test avg acc: 0.838041
Train 69, loss: 1.451223, train acc: 0.938213, train avg acc: 0.906426
Test 69, loss: 1.521026, test acc: 0.901945, test avg acc: 0.863541
Train 70, loss: 1.448551, train acc: 0.938721, train avg acc: 0.909598
Test 70, loss: 1.588315, test acc: 0.875608, test avg acc: 0.845023
Train 71, loss: 1.452487, train acc: 0.937093, train avg acc: 0.905472
Test 71, loss: 1.574837, test acc: 0.884522, test avg acc: 0.842634
Train 72, loss: 1.452593, train acc: 0.933225, train avg acc: 0.899142
Test 72, loss: 1.536635, test acc: 0.899919, test avg acc: 0.855186
Train 73, loss: 1.446072, train acc: 0.939129, train avg acc: 0.909699
Test 73, loss: 1.553201, test acc: 0.888979, test avg acc: 0.852297
Train 74, loss: 1.442366, train acc: 0.939129, train avg acc: 0.906059
Test 74, loss: 1.526925, test acc: 0.903566, test avg acc: 0.867750
Train 75, loss: 1.449922, train acc: 0.936686, train avg acc: 0.907949
Test 75, loss: 1.524662, test acc: 0.900324, test avg acc: 0.857081
Train 76, loss: 1.437521, train acc: 0.942386, train avg acc: 0.912923
Test 76, loss: 1.562071, test acc: 0.893031, test avg acc: 0.849285
Train 77, loss: 1.440251, train acc: 0.941979, train avg acc: 0.913075
Test 77, loss: 1.533548, test acc: 0.897488, test avg acc: 0.865041
Train 78, loss: 1.437680, train acc: 0.942590, train avg acc: 0.915332
Test 78, loss: 1.543099, test acc: 0.897083, test avg acc: 0.842430
Train 79, loss: 1.432747, train acc: 0.941572, train avg acc: 0.912216
Test 79, loss: 1.544079, test acc: 0.890194, test avg acc: 0.864209
Train 80, loss: 1.439142, train acc: 0.943404, train avg acc: 0.918059
Test 80, loss: 1.574782, test acc: 0.876013, test avg acc: 0.838221
Train 81, loss: 1.431121, train acc: 0.943404, train avg acc: 0.915357
Test 81, loss: 1.540711, test acc: 0.893841, test avg acc: 0.865552
Train 82, loss: 1.433572, train acc: 0.940656, train avg acc: 0.910569
Test 82, loss: 1.529634, test acc: 0.894246, test avg acc: 0.849924
Train 83, loss: 1.433283, train acc: 0.942997, train avg acc: 0.911584
Test 83, loss: 1.559710, test acc: 0.887358, test avg acc: 0.850517
Train 84, loss: 1.429672, train acc: 0.942895, train avg acc: 0.913163
Test 84, loss: 1.530070, test acc: 0.891410, test avg acc: 0.856436
Train 85, loss: 1.431943, train acc: 0.945134, train avg acc: 0.915250
Test 85, loss: 1.530643, test acc: 0.900324, test avg acc: 0.864744
Train 86, loss: 1.426124, train acc: 0.946356, train avg acc: 0.921479
Test 86, loss: 1.535840, test acc: 0.903971, test avg acc: 0.874285
Train 87, loss: 1.426533, train acc: 0.946356, train avg acc: 0.919322
Test 87, loss: 1.544631, test acc: 0.897488, test avg acc: 0.861297
Train 88, loss: 1.425935, train acc: 0.947374, train avg acc: 0.920955
Test 88, loss: 1.556039, test acc: 0.883306, test avg acc: 0.864029
Train 89, loss: 1.429693, train acc: 0.943099, train avg acc: 0.915252
Test 89, loss: 1.501618, test acc: 0.909238, test avg acc: 0.868924
Train 90, loss: 1.420968, train acc: 0.947781, train avg acc: 0.921690
Test 90, loss: 1.550788, test acc: 0.895462, test avg acc: 0.860971
Train 91, loss: 1.420955, train acc: 0.946967, train avg acc: 0.921781
Test 91, loss: 1.528485, test acc: 0.899514, test avg acc: 0.869645
Train 92, loss: 1.420731, train acc: 0.949206, train avg acc: 0.924603
Test 92, loss: 1.589187, test acc: 0.881280, test avg acc: 0.834599
Train 93, loss: 1.422584, train acc: 0.947781, train avg acc: 0.919986
Test 93, loss: 1.505350, test acc: 0.914911, test avg acc: 0.875634
Train 94, loss: 1.419527, train acc: 0.948290, train avg acc: 0.921361
Test 94, loss: 1.538464, test acc: 0.892626, test avg acc: 0.843843
Train 95, loss: 1.422184, train acc: 0.946050, train avg acc: 0.919302
Test 95, loss: 1.517870, test acc: 0.899919, test avg acc: 0.859273
Train 96, loss: 1.417275, train acc: 0.948290, train avg acc: 0.922065
Test 96, loss: 1.530611, test acc: 0.903160, test avg acc: 0.869599
Train 97, loss: 1.416073, train acc: 0.951140, train avg acc: 0.927943
Test 97, loss: 1.515758, test acc: 0.901945, test avg acc: 0.855517
Train 98, loss: 1.413785, train acc: 0.950122, train avg acc: 0.921272
Test 98, loss: 1.531380, test acc: 0.893841, test avg acc: 0.867081
Train 99, loss: 1.412768, train acc: 0.951547, train avg acc: 0.929180
Test 99, loss: 1.518532, test acc: 0.901945, test avg acc: 0.872878
Train 100, loss: 1.412056, train acc: 0.951140, train avg acc: 0.926709
Test 100, loss: 1.504276, test acc: 0.911669, test avg acc: 0.876424
Train 101, loss: 1.410223, train acc: 0.951140, train avg acc: 0.926409
Test 101, loss: 1.540399, test acc: 0.891815, test avg acc: 0.853256
Train 102, loss: 1.412390, train acc: 0.950733, train avg acc: 0.927949
Test 102, loss: 1.521051, test acc: 0.905186, test avg acc: 0.863291
Train 103, loss: 1.400180, train acc: 0.955110, train avg acc: 0.933662
Test 103, loss: 1.504971, test acc: 0.904781, test avg acc: 0.867099
Train 104, loss: 1.406743, train acc: 0.953278, train avg acc: 0.930876
Test 104, loss: 1.512364, test acc: 0.901540, test avg acc: 0.858180
Train 105, loss: 1.410609, train acc: 0.952158, train avg acc: 0.927214
Test 105, loss: 1.520139, test acc: 0.903971, test avg acc: 0.867895
Train 106, loss: 1.402686, train acc: 0.955314, train avg acc: 0.932675
Test 106, loss: 1.517269, test acc: 0.910454, test avg acc: 0.864587
Train 107, loss: 1.404094, train acc: 0.956535, train avg acc: 0.932238
Test 107, loss: 1.515028, test acc: 0.898298, test avg acc: 0.860634
Train 108, loss: 1.402995, train acc: 0.954397, train avg acc: 0.931331
Test 108, loss: 1.529556, test acc: 0.892220, test avg acc: 0.864576
Train 109, loss: 1.399589, train acc: 0.957451, train avg acc: 0.936196
Test 109, loss: 1.506632, test acc: 0.900324, test avg acc: 0.868645
Train 110, loss: 1.396138, train acc: 0.957960, train avg acc: 0.935831
Test 110, loss: 1.502326, test acc: 0.905186, test avg acc: 0.863349
Train 111, loss: 1.393626, train acc: 0.959589, train avg acc: 0.937629
Test 111, loss: 1.511746, test acc: 0.905592, test avg acc: 0.871599
Train 112, loss: 1.400450, train acc: 0.955415, train avg acc: 0.934415
Test 112, loss: 1.508879, test acc: 0.910859, test avg acc: 0.879831
Train 113, loss: 1.394692, train acc: 0.961523, train avg acc: 0.943003
Test 113, loss: 1.509548, test acc: 0.905997, test avg acc: 0.880430
Train 114, loss: 1.390637, train acc: 0.957146, train avg acc: 0.936300
Test 114, loss: 1.497987, test acc: 0.911264, test avg acc: 0.868500
Train 115, loss: 1.389162, train acc: 0.959080, train avg acc: 0.938290
Test 115, loss: 1.514142, test acc: 0.904376, test avg acc: 0.873994
Train 116, loss: 1.393063, train acc: 0.958978, train avg acc: 0.938663
Test 116, loss: 1.506038, test acc: 0.912885, test avg acc: 0.873331
Train 117, loss: 1.387600, train acc: 0.960200, train avg acc: 0.940613
Test 117, loss: 1.532452, test acc: 0.896272, test avg acc: 0.852890
Train 118, loss: 1.386875, train acc: 0.962541, train avg acc: 0.943591
Test 118, loss: 1.529244, test acc: 0.899514, test avg acc: 0.863698
Train 119, loss: 1.389700, train acc: 0.959996, train avg acc: 0.938582
Test 119, loss: 1.517372, test acc: 0.907618, test avg acc: 0.886337
Train 120, loss: 1.384284, train acc: 0.962643, train avg acc: 0.941841
Test 120, loss: 1.509891, test acc: 0.903971, test avg acc: 0.868878
Train 121, loss: 1.389066, train acc: 0.959691, train avg acc: 0.939464
Test 121, loss: 1.502344, test acc: 0.904781, test avg acc: 0.868843
Namespace(batch_size=32, dataset='modelnet40', dropout=0.2, emb_dims=1024, epochs=250, eval=False, exp_name='ognet_1024_small_d0.2', k=20, lr=0.001, model='ognet-small', model_path='', momentum=0.9, no_cuda=False, num_points=1024, seed=1, test_batch_size=16, use_sgd=True)
Using GPU : 0 from 1 devices
Train 0, loss: 3.199687, train acc: 0.416836, train avg acc: 0.270068
Test 0, loss: 2.319240, test acc: 0.563614, test avg acc: 0.461727
Train 1, loss: 2.166309, train acc: 0.640778, train avg acc: 0.481417
Test 1, loss: 2.045110, test acc: 0.689222, test avg acc: 0.567035
Train 2, loss: 2.001771, train acc: 0.712846, train avg acc: 0.574605
Test 2, loss: 2.045428, test acc: 0.720827, test avg acc: 0.683977
Train 3, loss: 1.901854, train acc: 0.754682, train avg acc: 0.635753
Test 3, loss: 1.919938, test acc: 0.749595, test avg acc: 0.721023
Train 4, loss: 1.853382, train acc: 0.772496, train avg acc: 0.666304
Test 4, loss: 1.773793, test acc: 0.824959, test avg acc: 0.737628
Train 5, loss: 1.805523, train acc: 0.793261, train avg acc: 0.693455
Test 5, loss: 1.724884, test acc: 0.836305, test avg acc: 0.750797
Train 6, loss: 1.765650, train acc: 0.812093, train avg acc: 0.721298
Test 6, loss: 1.755317, test acc: 0.803079, test avg acc: 0.747291
Train 7, loss: 1.737993, train acc: 0.823392, train avg acc: 0.738840
Test 7, loss: 1.694140, test acc: 0.842382, test avg acc: 0.769047
Train 8, loss: 1.713272, train acc: 0.833367, train avg acc: 0.750206
Test 8, loss: 1.695012, test acc: 0.840357, test avg acc: 0.773099
Train 9, loss: 1.693694, train acc: 0.837744, train avg acc: 0.759942
Test 9, loss: 1.689066, test acc: 0.839141, test avg acc: 0.775523
Train 10, loss: 1.672554, train acc: 0.850875, train avg acc: 0.779372
Test 10, loss: 1.672149, test acc: 0.858590, test avg acc: 0.804843
Train 11, loss: 1.656681, train acc: 0.858103, train avg acc: 0.786590
Test 11, loss: 1.637764, test acc: 0.867909, test avg acc: 0.819843
Train 12, loss: 1.637642, train acc: 0.866857, train avg acc: 0.802743
Test 12, loss: 1.656366, test acc: 0.851702, test avg acc: 0.794773
Train 13, loss: 1.633054, train acc: 0.867162, train avg acc: 0.803473
Test 13, loss: 1.623971, test acc: 0.862237, test avg acc: 0.816610
Train 14, loss: 1.620619, train acc: 0.866450, train avg acc: 0.800309
Test 14, loss: 1.642547, test acc: 0.864668, test avg acc: 0.818407
Train 15, loss: 1.612690, train acc: 0.872353, train avg acc: 0.812957
Test 15, loss: 1.608869, test acc: 0.868720, test avg acc: 0.823651
Train 16, loss: 1.599034, train acc: 0.878156, train avg acc: 0.817400
Test 16, loss: 1.628138, test acc: 0.870746, test avg acc: 0.843721
Train 17, loss: 1.587012, train acc: 0.881413, train avg acc: 0.820736
Test 17, loss: 1.612300, test acc: 0.876418, test avg acc: 0.813715
Train 18, loss: 1.587920, train acc: 0.882533, train avg acc: 0.826088
Test 18, loss: 1.610685, test acc: 0.866288, test avg acc: 0.807645
Train 19, loss: 1.584575, train acc: 0.882838, train avg acc: 0.823022
Test 19, loss: 1.596915, test acc: 0.882091, test avg acc: 0.839203
Train 20, loss: 1.575114, train acc: 0.887724, train avg acc: 0.833405
Test 20, loss: 1.590359, test acc: 0.883712, test avg acc: 0.821802
Train 21, loss: 1.560559, train acc: 0.892305, train avg acc: 0.838318
Test 21, loss: 1.642253, test acc: 0.858185, test avg acc: 0.816517
Train 22, loss: 1.561425, train acc: 0.888335, train avg acc: 0.832024
Test 22, loss: 1.605271, test acc: 0.875203, test avg acc: 0.820052
Train 23, loss: 1.556605, train acc: 0.895867, train avg acc: 0.842397
Test 23, loss: 1.596511, test acc: 0.873987, test avg acc: 0.819895
Train 24, loss: 1.557952, train acc: 0.894646, train avg acc: 0.841780
Test 24, loss: 1.566251, test acc: 0.897083, test avg acc: 0.836250
Train 25, loss: 1.547476, train acc: 0.896783, train avg acc: 0.847057
Test 25, loss: 1.596458, test acc: 0.885332, test avg acc: 0.838762
Train 26, loss: 1.536884, train acc: 0.902280, train avg acc: 0.850644
Test 26, loss: 1.617452, test acc: 0.865883, test avg acc: 0.820622
Train 27, loss: 1.535845, train acc: 0.904825, train avg acc: 0.857979
Test 27, loss: 1.573264, test acc: 0.888169, test avg acc: 0.822831
Train 28, loss: 1.531332, train acc: 0.908693, train avg acc: 0.863462
Test 28, loss: 1.583116, test acc: 0.884117, test avg acc: 0.845105
Train 29, loss: 1.533744, train acc: 0.905537, train avg acc: 0.859674
Test 29, loss: 1.646169, test acc: 0.847245, test avg acc: 0.816727
Train 30, loss: 1.528783, train acc: 0.904112, train avg acc: 0.854518
Test 30, loss: 1.585349, test acc: 0.888169, test avg acc: 0.842773
Train 31, loss: 1.525742, train acc: 0.906046, train avg acc: 0.857959
Test 31, loss: 1.562836, test acc: 0.889384, test avg acc: 0.850721
Train 32, loss: 1.522260, train acc: 0.909304, train avg acc: 0.862162
Test 32, loss: 1.582517, test acc: 0.876013, test avg acc: 0.827029
Train 33, loss: 1.521439, train acc: 0.910627, train avg acc: 0.865818
Test 33, loss: 1.584036, test acc: 0.885737, test avg acc: 0.838343
Train 34, loss: 1.513164, train acc: 0.913884, train avg acc: 0.868506
Test 34, loss: 1.590713, test acc: 0.883306, test avg acc: 0.847756
Train 35, loss: 1.516934, train acc: 0.910322, train avg acc: 0.863683
Test 35, loss: 1.553067, test acc: 0.887763, test avg acc: 0.837558
Train 36, loss: 1.513270, train acc: 0.913375, train avg acc: 0.870600
Test 36, loss: 1.626348, test acc: 0.861426, test avg acc: 0.842733
Train 37, loss: 1.505305, train acc: 0.914292, train avg acc: 0.869665
Test 37, loss: 1.611805, test acc: 0.888169, test avg acc: 0.840180
Train 38, loss: 1.508547, train acc: 0.914699, train avg acc: 0.869378
Test 38, loss: 1.573205, test acc: 0.884927, test avg acc: 0.840698
Train 39, loss: 1.510086, train acc: 0.912052, train avg acc: 0.866201
Test 39, loss: 1.610082, test acc: 0.874797, test avg acc: 0.827506
Train 40, loss: 1.501144, train acc: 0.917345, train avg acc: 0.876121
Test 40, loss: 1.549247, test acc: 0.892220, test avg acc: 0.836256
Train 41, loss: 1.499910, train acc: 0.917651, train avg acc: 0.875251
Test 41, loss: 1.578379, test acc: 0.877229, test avg acc: 0.844953
Train 42, loss: 1.492572, train acc: 0.920501, train avg acc: 0.879356
Test 42, loss: 1.594860, test acc: 0.878444, test avg acc: 0.819494
Train 43, loss: 1.496284, train acc: 0.916633, train avg acc: 0.873924
Test 43, loss: 1.564448, test acc: 0.886143, test avg acc: 0.850174
Train 44, loss: 1.493258, train acc: 0.921722, train avg acc: 0.877996
Test 44, loss: 1.562762, test acc: 0.879660, test avg acc: 0.832924
Train 45, loss: 1.489371, train acc: 0.921926, train avg acc: 0.881693
Test 45, loss: 1.588996, test acc: 0.885737, test avg acc: 0.834110
Train 46, loss: 1.490521, train acc: 0.921926, train avg acc: 0.879972
Test 46, loss: 1.580672, test acc: 0.883306, test avg acc: 0.825884
Train 47, loss: 1.495621, train acc: 0.917651, train avg acc: 0.876516
Test 47, loss: 1.545456, test acc: 0.900729, test avg acc: 0.855535
Train 48, loss: 1.484126, train acc: 0.924878, train avg acc: 0.887945
Test 48, loss: 1.581697, test acc: 0.881686, test avg acc: 0.834878
Train 49, loss: 1.482951, train acc: 0.923860, train avg acc: 0.882909
Test 49, loss: 1.634781, test acc: 0.864263, test avg acc: 0.827017
Train 50, loss: 1.483105, train acc: 0.925387, train avg acc: 0.886274
Test 50, loss: 1.552730, test acc: 0.893031, test avg acc: 0.840552
Train 51, loss: 1.483600, train acc: 0.923249, train avg acc: 0.886821
Test 51, loss: 1.590634, test acc: 0.876418, test avg acc: 0.839517
Train 52, loss: 1.478982, train acc: 0.925896, train avg acc: 0.889247
Test 52, loss: 1.529921, test acc: 0.903160, test avg acc: 0.858256
Train 53, loss: 1.477408, train acc: 0.928950, train avg acc: 0.894969
Test 53, loss: 1.585881, test acc: 0.879254, test avg acc: 0.846017
Train 54, loss: 1.481906, train acc: 0.923758, train avg acc: 0.885423
Test 54, loss: 1.544394, test acc: 0.897488, test avg acc: 0.835709
Train 55, loss: 1.470734, train acc: 0.930171, train avg acc: 0.895145
Test 55, loss: 1.525528, test acc: 0.900324, test avg acc: 0.861971
Train 56, loss: 1.473829, train acc: 0.927830, train avg acc: 0.889678
Test 56, loss: 1.592563, test acc: 0.873987, test avg acc: 0.845384
Train 57, loss: 1.470895, train acc: 0.929662, train avg acc: 0.891427
Test 57, loss: 1.546737, test acc: 0.892626, test avg acc: 0.844093
Train 58, loss: 1.475275, train acc: 0.925285, train avg acc: 0.888996
Test 58, loss: 1.527028, test acc: 0.901945, test avg acc: 0.862936
Train 59, loss: 1.470707, train acc: 0.930069, train avg acc: 0.892701
Test 59, loss: 1.523421, test acc: 0.898703, test avg acc: 0.849930
Train 60, loss: 1.468430, train acc: 0.931698, train avg acc: 0.897406
Test 60, loss: 1.612299, test acc: 0.870340, test avg acc: 0.841733
Train 61, loss: 1.465522, train acc: 0.930884, train avg acc: 0.894705
Test 61, loss: 1.543707, test acc: 0.905186, test avg acc: 0.865035
Train 62, loss: 1.462154, train acc: 0.932309, train avg acc: 0.897891
Test 62, loss: 1.560663, test acc: 0.892220, test avg acc: 0.852855
Train 63, loss: 1.465892, train acc: 0.929764, train avg acc: 0.891181
Test 63, loss: 1.544883, test acc: 0.895057, test avg acc: 0.865221
Train 64, loss: 1.463454, train acc: 0.930273, train avg acc: 0.895302
Test 64, loss: 1.567596, test acc: 0.892626, test avg acc: 0.851640
Train 65, loss: 1.462108, train acc: 0.931901, train avg acc: 0.897288
Test 65, loss: 1.539084, test acc: 0.900324, test avg acc: 0.859326
Train 66, loss: 1.459296, train acc: 0.935770, train avg acc: 0.902677
Test 66, loss: 1.531837, test acc: 0.902755, test avg acc: 0.855081
Train 67, loss: 1.458700, train acc: 0.935261, train avg acc: 0.902887
Test 67, loss: 1.534319, test acc: 0.894246, test avg acc: 0.840802
Train 68, loss: 1.453418, train acc: 0.936482, train avg acc: 0.904542
Test 68, loss: 1.543936, test acc: 0.889789, test avg acc: 0.852843
Train 69, loss: 1.456627, train acc: 0.935770, train avg acc: 0.901392
Test 69, loss: 1.513070, test acc: 0.905186, test avg acc: 0.867087
Train 70, loss: 1.452630, train acc: 0.935159, train avg acc: 0.902613
Test 70, loss: 1.575913, test acc: 0.883306, test avg acc: 0.844465
Train 71, loss: 1.457495, train acc: 0.933225, train avg acc: 0.898409
Test 71, loss: 1.565467, test acc: 0.895867, test avg acc: 0.847977
Train 72, loss: 1.451942, train acc: 0.935464, train avg acc: 0.903054
Test 72, loss: 1.543911, test acc: 0.903566, test avg acc: 0.863616
Train 73, loss: 1.446167, train acc: 0.937500, train avg acc: 0.907133
Test 73, loss: 1.573649, test acc: 0.881686, test avg acc: 0.852541
Train 74, loss: 1.446835, train acc: 0.938213, train avg acc: 0.907378
Test 74, loss: 1.530263, test acc: 0.899109, test avg acc: 0.858041
Train 75, loss: 1.449268, train acc: 0.938009, train avg acc: 0.908804
Test 75, loss: 1.515746, test acc: 0.910454, test avg acc: 0.872407
Train 76, loss: 1.448262, train acc: 0.938620, train avg acc: 0.905206
Test 76, loss: 1.532302, test acc: 0.900324, test avg acc: 0.842884
Train 77, loss: 1.442661, train acc: 0.940859, train avg acc: 0.909716
Test 77, loss: 1.523150, test acc: 0.902350, test avg acc: 0.863547
Train 78, loss: 1.440559, train acc: 0.938314, train avg acc: 0.908452
Test 78, loss: 1.507893, test acc: 0.914100, test avg acc: 0.864797
Train 79, loss: 1.436914, train acc: 0.944116, train avg acc: 0.915619
Test 79, loss: 1.533754, test acc: 0.891410, test avg acc: 0.867721
Train 80, loss: 1.439553, train acc: 0.942182, train avg acc: 0.915890
Test 80, loss: 1.553967, test acc: 0.888169, test avg acc: 0.861337
Train 81, loss: 1.439028, train acc: 0.940554, train avg acc: 0.910768
Test 81, loss: 1.537173, test acc: 0.893031, test avg acc: 0.857355
Train 82, loss: 1.434159, train acc: 0.943200, train avg acc: 0.915409
Test 82, loss: 1.540419, test acc: 0.897083, test avg acc: 0.869262
Train 83, loss: 1.437477, train acc: 0.940452, train avg acc: 0.910723
Test 83, loss: 1.545602, test acc: 0.888574, test avg acc: 0.848965
Train 84, loss: 1.433405, train acc: 0.943913, train avg acc: 0.916044
Test 84, loss: 1.543878, test acc: 0.891410, test avg acc: 0.856186
Train 85, loss: 1.432844, train acc: 0.944015, train avg acc: 0.914445
Test 85, loss: 1.573209, test acc: 0.882091, test avg acc: 0.848703
Train 86, loss: 1.433063, train acc: 0.941164, train avg acc: 0.912279
Test 86, loss: 1.537701, test acc: 0.901135, test avg acc: 0.883512
Train 87, loss: 1.427165, train acc: 0.946152, train avg acc: 0.920644
Test 87, loss: 1.538292, test acc: 0.894246, test avg acc: 0.869756
Train 88, loss: 1.424239, train acc: 0.949613, train avg acc: 0.926214
Test 88, loss: 1.527538, test acc: 0.896272, test avg acc: 0.861122
Train 89, loss: 1.430227, train acc: 0.944931, train avg acc: 0.917216
Test 89, loss: 1.529399, test acc: 0.903971, test avg acc: 0.858645
Train 90, loss: 1.426486, train acc: 0.943913, train avg acc: 0.913562
Test 90, loss: 1.560958, test acc: 0.888169, test avg acc: 0.852901
Train 91, loss: 1.428882, train acc: 0.944116, train avg acc: 0.914016
Test 91, loss: 1.540260, test acc: 0.901135, test avg acc: 0.854506
Train 92, loss: 1.413661, train acc: 0.950631, train avg acc: 0.925058
Test 92, loss: 1.549638, test acc: 0.884117, test avg acc: 0.835674
Train 93, loss: 1.417524, train acc: 0.948697, train avg acc: 0.923023
Test 93, loss: 1.524914, test acc: 0.906807, test avg acc: 0.874378
Train 94, loss: 1.426159, train acc: 0.947679, train avg acc: 0.921260
Test 94, loss: 1.573440, test acc: 0.878444, test avg acc: 0.829035
Train 95, loss: 1.420934, train acc: 0.949104, train avg acc: 0.924333
Test 95, loss: 1.515699, test acc: 0.905592, test avg acc: 0.860390
Train 96, loss: 1.418764, train acc: 0.949104, train avg acc: 0.921835
Test 96, loss: 1.520097, test acc: 0.896272, test avg acc: 0.850837
Train 97, loss: 1.415368, train acc: 0.949817, train avg acc: 0.925947
Test 97, loss: 1.517702, test acc: 0.902350, test avg acc: 0.847674
Train 98, loss: 1.418575, train acc: 0.949817, train avg acc: 0.924283
Test 98, loss: 1.505292, test acc: 0.905592, test avg acc: 0.864523
Train 99, loss: 1.412933, train acc: 0.952362, train avg acc: 0.929467
Test 99, loss: 1.505668, test acc: 0.903971, test avg acc: 0.865256
Train 100, loss: 1.412546, train acc: 0.951038, train avg acc: 0.927177
Test 100, loss: 1.514174, test acc: 0.907212, test avg acc: 0.868622
Train 101, loss: 1.414012, train acc: 0.950733, train avg acc: 0.926072
Test 101, loss: 1.515616, test acc: 0.903566, test avg acc: 0.861262
Train 102, loss: 1.411765, train acc: 0.952565, train avg acc: 0.928174
Test 102, loss: 1.510336, test acc: 0.909643, test avg acc: 0.867547
Train 103, loss: 1.406863, train acc: 0.952667, train avg acc: 0.928289
Test 103, loss: 1.498092, test acc: 0.905997, test avg acc: 0.873424
Train 104, loss: 1.407295, train acc: 0.953685, train avg acc: 0.931384
Test 104, loss: 1.516445, test acc: 0.902350, test avg acc: 0.874826
Train 105, loss: 1.410417, train acc: 0.953278, train avg acc: 0.931868
Test 105, loss: 1.500738, test acc: 0.911264, test avg acc: 0.869343
Train 106, loss: 1.409453, train acc: 0.949308, train avg acc: 0.923914
Test 106, loss: 1.514204, test acc: 0.901540, test avg acc: 0.854302
Train 107, loss: 1.403834, train acc: 0.955822, train avg acc: 0.932248
Test 107, loss: 1.509794, test acc: 0.901540, test avg acc: 0.858291
Train 108, loss: 1.403090, train acc: 0.956026, train avg acc: 0.931203
Test 108, loss: 1.514795, test acc: 0.907212, test avg acc: 0.873895
Train 109, loss: 1.400883, train acc: 0.953685, train avg acc: 0.930548
Test 109, loss: 1.529664, test acc: 0.896272, test avg acc: 0.869047
Train 110, loss: 1.399931, train acc: 0.953583, train avg acc: 0.932423
Test 110, loss: 1.502278, test acc: 0.905186, test avg acc: 0.874965
Train 111, loss: 1.397182, train acc: 0.957655, train avg acc: 0.935818
Test 111, loss: 1.506690, test acc: 0.901135, test avg acc: 0.861430
Train 112, loss: 1.396279, train acc: 0.957858, train avg acc: 0.936327
Test 112, loss: 1.489607, test acc: 0.915316, test avg acc: 0.873000
Train 113, loss: 1.393138, train acc: 0.957248, train avg acc: 0.933140
Test 113, loss: 1.523550, test acc: 0.895057, test avg acc: 0.857983
Train 114, loss: 1.396602, train acc: 0.956637, train avg acc: 0.932825
Test 114, loss: 1.502974, test acc: 0.910859, test avg acc: 0.872512
Train 115, loss: 1.392922, train acc: 0.958673, train avg acc: 0.939554
Test 115, loss: 1.495262, test acc: 0.918558, test avg acc: 0.886703
Train 116, loss: 1.394349, train acc: 0.957858, train avg acc: 0.936973
Test 116, loss: 1.493866, test acc: 0.915721, test avg acc: 0.873901
Train 117, loss: 1.385760, train acc: 0.959080, train avg acc: 0.938604
Test 117, loss: 1.505963, test acc: 0.910049, test avg acc: 0.877494
Train 118, loss: 1.386696, train acc: 0.961523, train avg acc: 0.942972
Test 118, loss: 1.520109, test acc: 0.907212, test avg acc: 0.865262
Train 119, loss: 1.385404, train acc: 0.963559, train avg acc: 0.943914
Test 119, loss: 1.505741, test acc: 0.906402, test avg acc: 0.876721
Train 120, loss: 1.386575, train acc: 0.962744, train avg acc: 0.942803
Test 120, loss: 1.547733, test acc: 0.887358, test avg acc: 0.856186
Train 121, loss: 1.384803, train acc: 0.962134, train avg acc: 0.944032
Test 121, loss: 1.504258, test acc: 0.906807, test avg acc: 0.857459
Train 122, loss: 1.381931, train acc: 0.963151, train avg acc: 0.944889
Test 122, loss: 1.516631, test acc: 0.904781, test avg acc: 0.858006
Train 123, loss: 1.378540, train acc: 0.963151, train avg acc: 0.945639
Test 123, loss: 1.491858, test acc: 0.910859, test avg acc: 0.877250
Train 124, loss: 1.382823, train acc: 0.961523, train avg acc: 0.941546
Test 124, loss: 1.498277, test acc: 0.907618, test avg acc: 0.866709
Train 125, loss: 1.379593, train acc: 0.964882, train avg acc: 0.948745
Test 125, loss: 1.494972, test acc: 0.908428, test avg acc: 0.867581
Train 126, loss: 1.379104, train acc: 0.965798, train avg acc: 0.947966
Test 126, loss: 1.487992, test acc: 0.906807, test avg acc: 0.868227
Train 127, loss: 1.375354, train acc: 0.964882, train avg acc: 0.948595
Test 127, loss: 1.490631, test acc: 0.908428, test avg acc: 0.866285
Train 128, loss: 1.377000, train acc: 0.964577, train avg acc: 0.946196
Test 128, loss: 1.511802, test acc: 0.900324, test avg acc: 0.864680
Train 129, loss: 1.375108, train acc: 0.963559, train avg acc: 0.944978
Test 129, loss: 1.508990, test acc: 0.892626, test avg acc: 0.861215
Train 130, loss: 1.373366, train acc: 0.967529, train avg acc: 0.950560
Test 130, loss: 1.495526, test acc: 0.914100, test avg acc: 0.883169
Train 131, loss: 1.370726, train acc: 0.967427, train avg acc: 0.952253
Test 131, loss: 1.488722, test acc: 0.914506, test avg acc: 0.876750
Train 132, loss: 1.371559, train acc: 0.967630, train avg acc: 0.951098
Test 132, loss: 1.515156, test acc: 0.900324, test avg acc: 0.862680
Train 133, loss: 1.369564, train acc: 0.967834, train avg acc: 0.952922
Test 133, loss: 1.505552, test acc: 0.906807, test avg acc: 0.882831
Train 134, loss: 1.371437, train acc: 0.964678, train avg acc: 0.948347
Test 134, loss: 1.507898, test acc: 0.901540, test avg acc: 0.868343
Train 135, loss: 1.370574, train acc: 0.964984, train avg acc: 0.945829
Test 135, loss: 1.481587, test acc: 0.911264, test avg acc: 0.877797
Train 136, loss: 1.361432, train acc: 0.972211, train avg acc: 0.958282
Test 136, loss: 1.483826, test acc: 0.914100, test avg acc: 0.884843
Train 137, loss: 1.362392, train acc: 0.968139, train avg acc: 0.952758
Test 137, loss: 1.494022, test acc: 0.909643, test avg acc: 0.875709
Train 138, loss: 1.365371, train acc: 0.969463, train avg acc: 0.952450
Test 138, loss: 1.493094, test acc: 0.906807, test avg acc: 0.872203
Train 139, loss: 1.359077, train acc: 0.970786, train avg acc: 0.956236
Test 139, loss: 1.478711, test acc: 0.915316, test avg acc: 0.880587
Train 140, loss: 1.360859, train acc: 0.971397, train avg acc: 0.957005
Test 140, loss: 1.483954, test acc: 0.915721, test avg acc: 0.872256
Train 141, loss: 1.359035, train acc: 0.972313, train avg acc: 0.960943
Test 141, loss: 1.491109, test acc: 0.911669, test avg acc: 0.883872
Train 142, loss: 1.353735, train acc: 0.972822, train avg acc: 0.958413
Test 142, loss: 1.472360, test acc: 0.919368, test avg acc: 0.875081
Train 143, loss: 1.353511, train acc: 0.972414, train avg acc: 0.958917
Test 143, loss: 1.486464, test acc: 0.910859, test avg acc: 0.883791
Train 144, loss: 1.357609, train acc: 0.972007, train avg acc: 0.959611
Test 144, loss: 1.490327, test acc: 0.907212, test avg acc: 0.870628
Train 145, loss: 1.356733, train acc: 0.973229, train avg acc: 0.959944
Test 145, loss: 1.491963, test acc: 0.908023, test avg acc: 0.882959
Train 146, loss: 1.350827, train acc: 0.975366, train avg acc: 0.963598
Test 146, loss: 1.490015, test acc: 0.904781, test avg acc: 0.874971
Train 147, loss: 1.350114, train acc: 0.972516, train avg acc: 0.958394
Test 147, loss: 1.482506, test acc: 0.910454, test avg acc: 0.884047
Train 148, loss: 1.353767, train acc: 0.971295, train avg acc: 0.958586
Test 148, loss: 1.496785, test acc: 0.908428, test avg acc: 0.875453
Train 149, loss: 1.352937, train acc: 0.972822, train avg acc: 0.958550
Test 149, loss: 1.481573, test acc: 0.913695, test avg acc: 0.873500
Train 150, loss: 1.347765, train acc: 0.974145, train avg acc: 0.960340
Test 150, loss: 1.495863, test acc: 0.907212, test avg acc: 0.877453
Train 151, loss: 1.343286, train acc: 0.976893, train avg acc: 0.966002
Test 151, loss: 1.483508, test acc: 0.912075, test avg acc: 0.871837
Train 152, loss: 1.345666, train acc: 0.975061, train avg acc: 0.961543
Test 152, loss: 1.494892, test acc: 0.902350, test avg acc: 0.874047
Train 153, loss: 1.343401, train acc: 0.976792, train avg acc: 0.965299
Test 153, loss: 1.484304, test acc: 0.910049, test avg acc: 0.877535
Train 154, loss: 1.341459, train acc: 0.975570, train avg acc: 0.964714
Test 154, loss: 1.506732, test acc: 0.905997, test avg acc: 0.873302
Train 155, loss: 1.340376, train acc: 0.978013, train avg acc: 0.967215
Test 155, loss: 1.486755, test acc: 0.915316, test avg acc: 0.874052
Train 156, loss: 1.338629, train acc: 0.978522, train avg acc: 0.966905
Test 156, loss: 1.502368, test acc: 0.906402, test avg acc: 0.876087
Train 157, loss: 1.340340, train acc: 0.978420, train avg acc: 0.968325
Test 157, loss: 1.505753, test acc: 0.902755, test avg acc: 0.869302
Train 158, loss: 1.338133, train acc: 0.978624, train avg acc: 0.967797
Test 158, loss: 1.492057, test acc: 0.910454, test avg acc: 0.883843
Train 159, loss: 1.337692, train acc: 0.977708, train avg acc: 0.967276
Test 159, loss: 1.485509, test acc: 0.904781, test avg acc: 0.868128
Train 160, loss: 1.334632, train acc: 0.979438, train avg acc: 0.968307
Test 160, loss: 1.491001, test acc: 0.906807, test avg acc: 0.872593
Train 161, loss: 1.334608, train acc: 0.979642, train avg acc: 0.969839
Test 161, loss: 1.485726, test acc: 0.906402, test avg acc: 0.873872
Train 162, loss: 1.333287, train acc: 0.979438, train avg acc: 0.968546
Test 162, loss: 1.489318, test acc: 0.901135, test avg acc: 0.866000
Train 163, loss: 1.329808, train acc: 0.981779, train avg acc: 0.972282
Test 163, loss: 1.482709, test acc: 0.914506, test avg acc: 0.884238
Train 164, loss: 1.331145, train acc: 0.980558, train avg acc: 0.970810
Test 164, loss: 1.478272, test acc: 0.912480, test avg acc: 0.876628
Train 165, loss: 1.327726, train acc: 0.981983, train avg acc: 0.973056
Test 165, loss: 1.473804, test acc: 0.919773, test avg acc: 0.895494
Train 166, loss: 1.326233, train acc: 0.981983, train avg acc: 0.974038
Test 166, loss: 1.476291, test acc: 0.913290, test avg acc: 0.874331
Train 167, loss: 1.326661, train acc: 0.980660, train avg acc: 0.971580
Test 167, loss: 1.477251, test acc: 0.919368, test avg acc: 0.885878
Train 168, loss: 1.327040, train acc: 0.982695, train avg acc: 0.974885
Test 168, loss: 1.466163, test acc: 0.918558, test avg acc: 0.887372
Train 169, loss: 1.322246, train acc: 0.983204, train avg acc: 0.975371
Test 169, loss: 1.472146, test acc: 0.920178, test avg acc: 0.891419
Train 170, loss: 1.322927, train acc: 0.983103, train avg acc: 0.975267
Test 170, loss: 1.465442, test acc: 0.920989, test avg acc: 0.888035
Train 171, loss: 1.320187, train acc: 0.984528, train avg acc: 0.977685
Test 171, loss: 1.471979, test acc: 0.918152, test avg acc: 0.885872
Train 172, loss: 1.319646, train acc: 0.983612, train avg acc: 0.975252
Test 172, loss: 1.471599, test acc: 0.916937, test avg acc: 0.883628
Train 173, loss: 1.318080, train acc: 0.983713, train avg acc: 0.975823
Test 173, loss: 1.474713, test acc: 0.911669, test avg acc: 0.879378
Train 174, loss: 1.319148, train acc: 0.983510, train avg acc: 0.975902
Test 174, loss: 1.473870, test acc: 0.910859, test avg acc: 0.876500
Train 175, loss: 1.317658, train acc: 0.984629, train avg acc: 0.977398
Test 175, loss: 1.467769, test acc: 0.920583, test avg acc: 0.880994
Train 176, loss: 1.316970, train acc: 0.983815, train avg acc: 0.976216
Test 176, loss: 1.459105, test acc: 0.921799, test avg acc: 0.887953
Train 177, loss: 1.314607, train acc: 0.984528, train avg acc: 0.977642
Test 177, loss: 1.464209, test acc: 0.916126, test avg acc: 0.882872
Train 178, loss: 1.311495, train acc: 0.987276, train avg acc: 0.980810
Test 178, loss: 1.474929, test acc: 0.910454, test avg acc: 0.873645
Train 179, loss: 1.311467, train acc: 0.986564, train avg acc: 0.980840
Test 179, loss: 1.467836, test acc: 0.920178, test avg acc: 0.884116
Train 180, loss: 1.308843, train acc: 0.988803, train avg acc: 0.984290
Test 180, loss: 1.475359, test acc: 0.913290, test avg acc: 0.885663
Train 181, loss: 1.308825, train acc: 0.987989, train avg acc: 0.982084
Test 181, loss: 1.478193, test acc: 0.910859, test avg acc: 0.879663
Train 182, loss: 1.309172, train acc: 0.986055, train avg acc: 0.978126
Test 182, loss: 1.472043, test acc: 0.913290, test avg acc: 0.880209
Train 183, loss: 1.308840, train acc: 0.987378, train avg acc: 0.981676
Test 183, loss: 1.458520, test acc: 0.919368, test avg acc: 0.884000
Train 184, loss: 1.306998, train acc: 0.987989, train avg acc: 0.983133
Test 184, loss: 1.475289, test acc: 0.911264, test avg acc: 0.887680
Train 185, loss: 1.306461, train acc: 0.989312, train avg acc: 0.984454
Test 185, loss: 1.482539, test acc: 0.907618, test avg acc: 0.873058
Train 186, loss: 1.305051, train acc: 0.988090, train avg acc: 0.980575
Test 186, loss: 1.464588, test acc: 0.919773, test avg acc: 0.877535
Train 187, loss: 1.305670, train acc: 0.987480, train avg acc: 0.982050
Test 187, loss: 1.456467, test acc: 0.916532, test avg acc: 0.877453
Train 188, loss: 1.303991, train acc: 0.987378, train avg acc: 0.981930
Test 188, loss: 1.466219, test acc: 0.916126, test avg acc: 0.878953
Train 189, loss: 1.302862, train acc: 0.991551, train avg acc: 0.987240
Test 189, loss: 1.465907, test acc: 0.919773, test avg acc: 0.887878
Train 190, loss: 1.300473, train acc: 0.990228, train avg acc: 0.985822
Test 190, loss: 1.473199, test acc: 0.908833, test avg acc: 0.875669
Train 191, loss: 1.301705, train acc: 0.988905, train avg acc: 0.982565
Test 191, loss: 1.462199, test acc: 0.918558, test avg acc: 0.886669
Train 192, loss: 1.301313, train acc: 0.990024, train avg acc: 0.986072
Test 192, loss: 1.472338, test acc: 0.914100, test avg acc: 0.884791
Train 193, loss: 1.297072, train acc: 0.990533, train avg acc: 0.985271
Test 193, loss: 1.459883, test acc: 0.921799, test avg acc: 0.886622
Train 194, loss: 1.298125, train acc: 0.989821, train avg acc: 0.984968
Test 194, loss: 1.465465, test acc: 0.915721, test avg acc: 0.887459
Train 195, loss: 1.296414, train acc: 0.992569, train avg acc: 0.988786
Test 195, loss: 1.457158, test acc: 0.923420, test avg acc: 0.887866
Train 196, loss: 1.294134, train acc: 0.991958, train avg acc: 0.988020
Test 196, loss: 1.466490, test acc: 0.910454, test avg acc: 0.881419
Train 197, loss: 1.296519, train acc: 0.991551, train avg acc: 0.987406
Test 197, loss: 1.466882, test acc: 0.916937, test avg acc: 0.883337
Train 198, loss: 1.293745, train acc: 0.992875, train avg acc: 0.989315
Test 198, loss: 1.457705, test acc: 0.918558, test avg acc: 0.886500
Train 199, loss: 1.291877, train acc: 0.993384, train avg acc: 0.990095
Test 199, loss: 1.463464, test acc: 0.918558, test avg acc: 0.886663
Train 200, loss: 1.291663, train acc: 0.993282, train avg acc: 0.990557
Test 200, loss: 1.461024, test acc: 0.917747, test avg acc: 0.888500
Train 201, loss: 1.290981, train acc: 0.993485, train avg acc: 0.990760
Test 201, loss: 1.462641, test acc: 0.919773, test avg acc: 0.883203
Train 202, loss: 1.290813, train acc: 0.993893, train avg acc: 0.991114
Test 202, loss: 1.456069, test acc: 0.925851, test avg acc: 0.886622
Train 203, loss: 1.290224, train acc: 0.993791, train avg acc: 0.991384
Test 203, loss: 1.471738, test acc: 0.914911, test avg acc: 0.888250
Train 204, loss: 1.289188, train acc: 0.994096, train avg acc: 0.991144
Test 204, loss: 1.463072, test acc: 0.919368, test avg acc: 0.885122
Train 205, loss: 1.289879, train acc: 0.993384, train avg acc: 0.990208
Test 205, loss: 1.466917, test acc: 0.913290, test avg acc: 0.879331
Train 206, loss: 1.288600, train acc: 0.993893, train avg acc: 0.990682
Test 206, loss: 1.462544, test acc: 0.914506, test avg acc: 0.884000
Train 207, loss: 1.287215, train acc: 0.993587, train avg acc: 0.990652
Test 207, loss: 1.462338, test acc: 0.917342, test avg acc: 0.888669
Train 208, loss: 1.286478, train acc: 0.994605, train avg acc: 0.992467
Test 208, loss: 1.458431, test acc: 0.918963, test avg acc: 0.889459
Train 209, loss: 1.286933, train acc: 0.994401, train avg acc: 0.991710
Test 209, loss: 1.461781, test acc: 0.918558, test avg acc: 0.891663
Train 210, loss: 1.285688, train acc: 0.994809, train avg acc: 0.991572
Test 210, loss: 1.461274, test acc: 0.917342, test avg acc: 0.886831
Train 211, loss: 1.284542, train acc: 0.995521, train avg acc: 0.992929
Test 211, loss: 1.458285, test acc: 0.922204, test avg acc: 0.891622
Train 212, loss: 1.284327, train acc: 0.994707, train avg acc: 0.992296
Test 212, loss: 1.463590, test acc: 0.914100, test avg acc: 0.882831
Train 213, loss: 1.285686, train acc: 0.994401, train avg acc: 0.992125
Test 213, loss: 1.461017, test acc: 0.918152, test avg acc: 0.892209
Train 214, loss: 1.283178, train acc: 0.995725, train avg acc: 0.993327
Test 214, loss: 1.460048, test acc: 0.920989, test avg acc: 0.891000
Train 215, loss: 1.285106, train acc: 0.995419, train avg acc: 0.993477
Test 215, loss: 1.463204, test acc: 0.916937, test avg acc: 0.884291
Train 216, loss: 1.283161, train acc: 0.995928, train avg acc: 0.993960
Test 216, loss: 1.464917, test acc: 0.918963, test avg acc: 0.890831
Train 217, loss: 1.281464, train acc: 0.996030, train avg acc: 0.993593
Test 217, loss: 1.462470, test acc: 0.918963, test avg acc: 0.888953
Train 218, loss: 1.283403, train acc: 0.994809, train avg acc: 0.992345
Test 218, loss: 1.462243, test acc: 0.916126, test avg acc: 0.885041
Train 219, loss: 1.281356, train acc: 0.995725, train avg acc: 0.992755
Test 219, loss: 1.458369, test acc: 0.920989, test avg acc: 0.890837
Train 220, loss: 1.281879, train acc: 0.995827, train avg acc: 0.993434
Test 220, loss: 1.457001, test acc: 0.922204, test avg acc: 0.892831
Train 221, loss: 1.281169, train acc: 0.996234, train avg acc: 0.994593
Test 221, loss: 1.461895, test acc: 0.919773, test avg acc: 0.892250
Train 222, loss: 1.279605, train acc: 0.996743, train avg acc: 0.995323
Test 222, loss: 1.462836, test acc: 0.918963, test avg acc: 0.888791
Train 223, loss: 1.279735, train acc: 0.996132, train avg acc: 0.994065
Test 223, loss: 1.461898, test acc: 0.918963, test avg acc: 0.885750
Train 224, loss: 1.280117, train acc: 0.996437, train avg acc: 0.994595
Test 224, loss: 1.457576, test acc: 0.919773, test avg acc: 0.889291
Train 225, loss: 1.279449, train acc: 0.996437, train avg acc: 0.994604
Test 225, loss: 1.459584, test acc: 0.923015, test avg acc: 0.895169
Train 226, loss: 1.279401, train acc: 0.996437, train avg acc: 0.994946
Test 226, loss: 1.463941, test acc: 0.919368, test avg acc: 0.891285
Train 227, loss: 1.278456, train acc: 0.996743, train avg acc: 0.995051
Test 227, loss: 1.463341, test acc: 0.919773, test avg acc: 0.889453
Train 228, loss: 1.278493, train acc: 0.997557, train avg acc: 0.996345
Test 228, loss: 1.462191, test acc: 0.921799, test avg acc: 0.894744
Train 229, loss: 1.278007, train acc: 0.997862, train avg acc: 0.996836
Test 229, loss: 1.461450, test acc: 0.923825, test avg acc: 0.893953
Train 230, loss: 1.278046, train acc: 0.997150, train avg acc: 0.995604
Test 230, loss: 1.462706, test acc: 0.920178, test avg acc: 0.890703
Train 231, loss: 1.277730, train acc: 0.997252, train avg acc: 0.996241
Test 231, loss: 1.459010, test acc: 0.920178, test avg acc: 0.889663
Train 232, loss: 1.276969, train acc: 0.997252, train avg acc: 0.995931
Test 232, loss: 1.461436, test acc: 0.918558, test avg acc: 0.887541
Train 233, loss: 1.278517, train acc: 0.996641, train avg acc: 0.995620
Test 233, loss: 1.459789, test acc: 0.922609, test avg acc: 0.894413
Train 234, loss: 1.276735, train acc: 0.997557, train avg acc: 0.995892
Test 234, loss: 1.459778, test acc: 0.923015, test avg acc: 0.896535
Train 235, loss: 1.276878, train acc: 0.996946, train avg acc: 0.995225
Test 235, loss: 1.459121, test acc: 0.921799, test avg acc: 0.893791
Train 236, loss: 1.278554, train acc: 0.995827, train avg acc: 0.993496
Test 236, loss: 1.459862, test acc: 0.920583, test avg acc: 0.890122
Train 237, loss: 1.276294, train acc: 0.997455, train avg acc: 0.996217
Test 237, loss: 1.460742, test acc: 0.922204, test avg acc: 0.894163
Train 238, loss: 1.277190, train acc: 0.997252, train avg acc: 0.996045
Test 238, loss: 1.459325, test acc: 0.922204, test avg acc: 0.892203
Train 239, loss: 1.276585, train acc: 0.997557, train avg acc: 0.996532
Test 239, loss: 1.459465, test acc: 0.923015, test avg acc: 0.893581
Train 240, loss: 1.275757, train acc: 0.997659, train avg acc: 0.996329
Test 240, loss: 1.461930, test acc: 0.920178, test avg acc: 0.891663
Train 241, loss: 1.275037, train acc: 0.998270, train avg acc: 0.997454
Test 241, loss: 1.460628, test acc: 0.920989, test avg acc: 0.889372
Train 242, loss: 1.276709, train acc: 0.996336, train avg acc: 0.994799
Test 242, loss: 1.461275, test acc: 0.922204, test avg acc: 0.892791
Train 243, loss: 1.276036, train acc: 0.997353, train avg acc: 0.995973
Test 243, loss: 1.460570, test acc: 0.920178, test avg acc: 0.888791
Train 244, loss: 1.275681, train acc: 0.997557, train avg acc: 0.996431
Test 244, loss: 1.462854, test acc: 0.920583, test avg acc: 0.891000
Train 245, loss: 1.275686, train acc: 0.997150, train avg acc: 0.995350
Test 245, loss: 1.462159, test acc: 0.920178, test avg acc: 0.890581
Train 246, loss: 1.275267, train acc: 0.997557, train avg acc: 0.996909
Test 246, loss: 1.460845, test acc: 0.920583, test avg acc: 0.889831
Train 247, loss: 1.275711, train acc: 0.997557, train avg acc: 0.996261
Test 247, loss: 1.460891, test acc: 0.919773, test avg acc: 0.889622
Train 248, loss: 1.275656, train acc: 0.997353, train avg acc: 0.996144
Test 248, loss: 1.461729, test acc: 0.918558, test avg acc: 0.887541
Train 249, loss: 1.276508, train acc: 0.997455, train avg acc: 0.996055
Test 249, loss: 1.462158, test acc: 0.919773, test avg acc: 0.890081
