Namespace(batch_size=32, dataset='modelnet40', dropout=0.0, emb_dims=1024, epochs=250, eval=False, exp_name='msg_d0', k=20, lr=0.001, model='msg', model_path='', momentum=0.9, no_cuda=False, num_points=1024, seed=1, test_batch_size=16, use_sgd=True)
Using GPU : 0 from 1 devices
Namespace(batch_size=32, dataset='modelnet40', dropout=0.0, emb_dims=1024, epochs=250, eval=False, exp_name='msg_d0', k=20, lr=0.001, model='msg', model_path='', momentum=0.9, no_cuda=False, num_points=1024, seed=1, test_batch_size=16, use_sgd=True)
Using GPU : 0 from 1 devices
Namespace(batch_size=32, dataset='modelnet40', dropout=0.0, emb_dims=1024, epochs=250, eval=False, exp_name='msg_d0', k=20, lr=0.001, model='msg', model_path='', momentum=0.9, no_cuda=False, num_points=1024, seed=1, test_batch_size=16, use_sgd=True)
Using GPU : 0 from 1 devices
Namespace(batch_size=32, dataset='modelnet40', dropout=0.0, emb_dims=1024, epochs=250, eval=False, exp_name='msg_d0', k=20, lr=0.001, model='ssg', model_path='', momentum=0.9, no_cuda=False, num_points=1024, seed=1, test_batch_size=16, use_sgd=True)
Using GPU : 0 from 1 devices
Namespace(batch_size=32, dataset='modelnet40', dropout=0.0, emb_dims=1024, epochs=250, eval=False, exp_name='msg_d0', k=20, lr=0.001, model='msg', model_path='', momentum=0.9, no_cuda=False, num_points=1024, seed=1, test_batch_size=16, use_sgd=True)
Using GPU : 0 from 1 devices
Namespace(batch_size=32, dataset='modelnet40', dropout=0.0, emb_dims=1024, epochs=250, eval=False, exp_name='msg_d0', k=20, lr=0.001, model='msg', model_path='', momentum=0.9, no_cuda=False, num_points=1024, seed=1, test_batch_size=16, use_sgd=True)
Using GPU : 0 from 1 devices
Train 0, loss: 2.785454, train acc: 0.548453, train avg acc: 0.403523
Test 0, loss: 1.921033, test acc: 0.758104, test avg acc: 0.629140
Train 1, loss: 1.872531, train acc: 0.768017, train avg acc: 0.646429
Test 1, loss: 1.824516, test acc: 0.789708, test avg acc: 0.722256
Train 2, loss: 1.783616, train acc: 0.804153, train avg acc: 0.701581
Test 2, loss: 1.795882, test acc: 0.788088, test avg acc: 0.728093
Train 3, loss: 1.719097, train acc: 0.831535, train avg acc: 0.742320
Test 3, loss: 1.754835, test acc: 0.833063, test avg acc: 0.744064
Train 4, loss: 1.680530, train acc: 0.844666, train avg acc: 0.763057
Test 4, loss: 1.644047, test acc: 0.858185, test avg acc: 0.775070
Train 5, loss: 1.655342, train acc: 0.852606, train avg acc: 0.777211
Test 5, loss: 1.738411, test acc: 0.824554, test avg acc: 0.759419
Train 6, loss: 1.633173, train acc: 0.865432, train avg acc: 0.794326
Test 6, loss: 1.663329, test acc: 0.858590, test avg acc: 0.822477
Train 7, loss: 1.614334, train acc: 0.870725, train avg acc: 0.804965
Test 7, loss: 1.650031, test acc: 0.863452, test avg acc: 0.813081
Train 8, loss: 1.604817, train acc: 0.874593, train avg acc: 0.813410
Test 8, loss: 1.663069, test acc: 0.860211, test avg acc: 0.791616
Train 9, loss: 1.596736, train acc: 0.877239, train avg acc: 0.816092
Test 9, loss: 1.614152, test acc: 0.872366, test avg acc: 0.814465
Train 10, loss: 1.579006, train acc: 0.884365, train avg acc: 0.821728
Test 10, loss: 1.610247, test acc: 0.880470, test avg acc: 0.815971
Train 11, loss: 1.571260, train acc: 0.884467, train avg acc: 0.821509
Test 11, loss: 1.639204, test acc: 0.873582, test avg acc: 0.807616
Train 12, loss: 1.559645, train acc: 0.893933, train avg acc: 0.836771
Test 12, loss: 1.615150, test acc: 0.873987, test avg acc: 0.831517
Train 13, loss: 1.560221, train acc: 0.887113, train avg acc: 0.831805
Test 13, loss: 1.595660, test acc: 0.885737, test avg acc: 0.812628
Train 14, loss: 1.552105, train acc: 0.894035, train avg acc: 0.836879
Test 14, loss: 1.613413, test acc: 0.876418, test avg acc: 0.846669
Train 15, loss: 1.550623, train acc: 0.896682, train avg acc: 0.841086
Test 15, loss: 1.587411, test acc: 0.884522, test avg acc: 0.848465
Train 16, loss: 1.542168, train acc: 0.898412, train avg acc: 0.843612
Test 16, loss: 1.578133, test acc: 0.893841, test avg acc: 0.813797
Train 17, loss: 1.531950, train acc: 0.903603, train avg acc: 0.850618
Test 17, loss: 1.623536, test acc: 0.885332, test avg acc: 0.836000
Train 18, loss: 1.530402, train acc: 0.905232, train avg acc: 0.852786
Test 18, loss: 1.608102, test acc: 0.876013, test avg acc: 0.832052
Train 19, loss: 1.526080, train acc: 0.901568, train avg acc: 0.848823
Test 19, loss: 1.602514, test acc: 0.892626, test avg acc: 0.845221
Train 20, loss: 1.522932, train acc: 0.906148, train avg acc: 0.859336
Test 20, loss: 1.581078, test acc: 0.882091, test avg acc: 0.827924
Train 21, loss: 1.520013, train acc: 0.907370, train avg acc: 0.858806
Test 21, loss: 1.561392, test acc: 0.888979, test avg acc: 0.851512
Train 22, loss: 1.517771, train acc: 0.908388, train avg acc: 0.861843
Test 22, loss: 1.576454, test acc: 0.892626, test avg acc: 0.847849
Train 23, loss: 1.515294, train acc: 0.909914, train avg acc: 0.861133
Test 23, loss: 1.567195, test acc: 0.896677, test avg acc: 0.857424
Train 24, loss: 1.510542, train acc: 0.908388, train avg acc: 0.859027
Test 24, loss: 1.564352, test acc: 0.888979, test avg acc: 0.852145
Train 25, loss: 1.507650, train acc: 0.911747, train avg acc: 0.866079
Test 25, loss: 1.591302, test acc: 0.869935, test avg acc: 0.822186
Train 26, loss: 1.507280, train acc: 0.910729, train avg acc: 0.864407
Test 26, loss: 1.577316, test acc: 0.889789, test avg acc: 0.850035
Train 27, loss: 1.504514, train acc: 0.915004, train avg acc: 0.867362
Test 27, loss: 1.589799, test acc: 0.880875, test avg acc: 0.835320
Train 28, loss: 1.502622, train acc: 0.914088, train avg acc: 0.867927
Test 28, loss: 1.658403, test acc: 0.859400, test avg acc: 0.829703
Train 29, loss: 1.500482, train acc: 0.910627, train avg acc: 0.865171
Test 29, loss: 1.543592, test acc: 0.899109, test avg acc: 0.857814
Train 30, loss: 1.497287, train acc: 0.916022, train avg acc: 0.870528
Test 30, loss: 1.660310, test acc: 0.851702, test avg acc: 0.820006
Train 31, loss: 1.501331, train acc: 0.915208, train avg acc: 0.871697
Test 31, loss: 1.569808, test acc: 0.888574, test avg acc: 0.833727
Train 32, loss: 1.489189, train acc: 0.919788, train avg acc: 0.879813
Test 32, loss: 1.704708, test acc: 0.829822, test avg acc: 0.792727
Train 33, loss: 1.495395, train acc: 0.918058, train avg acc: 0.878062
Test 33, loss: 1.551241, test acc: 0.888979, test avg acc: 0.836802
Train 34, loss: 1.496642, train acc: 0.913884, train avg acc: 0.870246
Test 34, loss: 1.674770, test acc: 0.858590, test avg acc: 0.832436
Train 35, loss: 1.489991, train acc: 0.918567, train avg acc: 0.876791
Test 35, loss: 1.591580, test acc: 0.875203, test avg acc: 0.840203
Train 36, loss: 1.488595, train acc: 0.920094, train avg acc: 0.877318
Test 36, loss: 1.545321, test acc: 0.895867, test avg acc: 0.850593
Train 37, loss: 1.485948, train acc: 0.920806, train avg acc: 0.877918
Test 37, loss: 1.539550, test acc: 0.896272, test avg acc: 0.856471
Train 38, loss: 1.486132, train acc: 0.918261, train avg acc: 0.876674
Test 38, loss: 1.550264, test acc: 0.889789, test avg acc: 0.828250
Train 39, loss: 1.486720, train acc: 0.920195, train avg acc: 0.882066
Test 39, loss: 1.584116, test acc: 0.879254, test avg acc: 0.831622
Train 40, loss: 1.482677, train acc: 0.920603, train avg acc: 0.878159
Test 40, loss: 1.530066, test acc: 0.910859, test avg acc: 0.883750
Train 41, loss: 1.475986, train acc: 0.924980, train avg acc: 0.886986
Test 41, loss: 1.584743, test acc: 0.882901, test avg acc: 0.841227
Train 42, loss: 1.479162, train acc: 0.926608, train avg acc: 0.889197
Test 42, loss: 1.617695, test acc: 0.861021, test avg acc: 0.825058
Train 43, loss: 1.477612, train acc: 0.921621, train avg acc: 0.881033
Test 43, loss: 1.591694, test acc: 0.888574, test avg acc: 0.832163
Train 44, loss: 1.472079, train acc: 0.927524, train avg acc: 0.890654
Test 44, loss: 1.671385, test acc: 0.858995, test avg acc: 0.828355
Train 45, loss: 1.468824, train acc: 0.926303, train avg acc: 0.890300
Test 45, loss: 1.580420, test acc: 0.882496, test avg acc: 0.837145
Train 46, loss: 1.473467, train acc: 0.925998, train avg acc: 0.884058
Test 46, loss: 1.556437, test acc: 0.897083, test avg acc: 0.835884
Train 47, loss: 1.475454, train acc: 0.925183, train avg acc: 0.884474
Test 47, loss: 1.587637, test acc: 0.883712, test avg acc: 0.848256
Train 48, loss: 1.472690, train acc: 0.924980, train avg acc: 0.887078
Test 48, loss: 1.542314, test acc: 0.901135, test avg acc: 0.868395
Train 49, loss: 1.474679, train acc: 0.924267, train avg acc: 0.885738
Test 49, loss: 1.534123, test acc: 0.902755, test avg acc: 0.855512
Train 50, loss: 1.464212, train acc: 0.928848, train avg acc: 0.892079
Test 50, loss: 1.602307, test acc: 0.881280, test avg acc: 0.839802
Train 51, loss: 1.463437, train acc: 0.929153, train avg acc: 0.892473
Test 51, loss: 1.586806, test acc: 0.879254, test avg acc: 0.852378
Train 52, loss: 1.466307, train acc: 0.927626, train avg acc: 0.890242
Test 52, loss: 1.624462, test acc: 0.870340, test avg acc: 0.837273
Train 53, loss: 1.472037, train acc: 0.925692, train avg acc: 0.887559
Test 53, loss: 1.554973, test acc: 0.896272, test avg acc: 0.856837
Train 54, loss: 1.461704, train acc: 0.932105, train avg acc: 0.897257
Test 54, loss: 1.588384, test acc: 0.869125, test avg acc: 0.858052
Train 55, loss: 1.462406, train acc: 0.932512, train avg acc: 0.897090
Test 55, loss: 1.561394, test acc: 0.884117, test avg acc: 0.845052
Train 56, loss: 1.461041, train acc: 0.932410, train avg acc: 0.895586
Test 56, loss: 1.577842, test acc: 0.879254, test avg acc: 0.850453
Train 57, loss: 1.458712, train acc: 0.930578, train avg acc: 0.893220
Test 57, loss: 1.604543, test acc: 0.866288, test avg acc: 0.809866
Train 58, loss: 1.457981, train acc: 0.932919, train avg acc: 0.898636
Test 58, loss: 1.580493, test acc: 0.879254, test avg acc: 0.851000
Train 59, loss: 1.455766, train acc: 0.932207, train avg acc: 0.895652
Test 59, loss: 1.636675, test acc: 0.853728, test avg acc: 0.837041
Train 60, loss: 1.454813, train acc: 0.932410, train avg acc: 0.895412
Test 60, loss: 1.608723, test acc: 0.869935, test avg acc: 0.829733
Train 61, loss: 1.458339, train acc: 0.931087, train avg acc: 0.896300
Test 61, loss: 1.573237, test acc: 0.897488, test avg acc: 0.853913
Train 62, loss: 1.458923, train acc: 0.932919, train avg acc: 0.898198
Test 62, loss: 1.548175, test acc: 0.895867, test avg acc: 0.850326
Train 63, loss: 1.454127, train acc: 0.934853, train avg acc: 0.903642
Test 63, loss: 1.555659, test acc: 0.892220, test avg acc: 0.847640
Train 64, loss: 1.448876, train acc: 0.935362, train avg acc: 0.901220
Test 64, loss: 1.529967, test acc: 0.898703, test avg acc: 0.858733
Train 65, loss: 1.449680, train acc: 0.934344, train avg acc: 0.903297
Test 65, loss: 1.585673, test acc: 0.888979, test avg acc: 0.840163
Train 66, loss: 1.453509, train acc: 0.933225, train avg acc: 0.899900
Test 66, loss: 1.594609, test acc: 0.883712, test avg acc: 0.843000
Train 67, loss: 1.451888, train acc: 0.934141, train avg acc: 0.899860
Test 67, loss: 1.556487, test acc: 0.891815, test avg acc: 0.858186
Train 68, loss: 1.448132, train acc: 0.934039, train avg acc: 0.901299
Test 68, loss: 1.559579, test acc: 0.899109, test avg acc: 0.873238
Train 69, loss: 1.448521, train acc: 0.934650, train avg acc: 0.900667
Test 69, loss: 1.571930, test acc: 0.887358, test avg acc: 0.846733
Train 70, loss: 1.443378, train acc: 0.937093, train avg acc: 0.904593
Test 70, loss: 1.627959, test acc: 0.858185, test avg acc: 0.836186
Train 71, loss: 1.447111, train acc: 0.936686, train avg acc: 0.902434
Test 71, loss: 1.556868, test acc: 0.891815, test avg acc: 0.862291
Train 72, loss: 1.446138, train acc: 0.934141, train avg acc: 0.900495
Test 72, loss: 1.527584, test acc: 0.906807, test avg acc: 0.856785
Train 73, loss: 1.447462, train acc: 0.935973, train avg acc: 0.905170
Test 73, loss: 1.547548, test acc: 0.896272, test avg acc: 0.861593
Train 74, loss: 1.436924, train acc: 0.939943, train avg acc: 0.908719
Test 74, loss: 1.582465, test acc: 0.884927, test avg acc: 0.860965
Train 75, loss: 1.438880, train acc: 0.939230, train avg acc: 0.907415
Test 75, loss: 1.564935, test acc: 0.901945, test avg acc: 0.858826
Train 76, loss: 1.438471, train acc: 0.937907, train avg acc: 0.905242
Test 76, loss: 1.561766, test acc: 0.886548, test avg acc: 0.828267
Train 77, loss: 1.441696, train acc: 0.937907, train avg acc: 0.902477
Test 77, loss: 1.613069, test acc: 0.863857, test avg acc: 0.848971
Train 78, loss: 1.443751, train acc: 0.938009, train avg acc: 0.906443
Test 78, loss: 1.550552, test acc: 0.898703, test avg acc: 0.859843
Train 79, loss: 1.434991, train acc: 0.940350, train avg acc: 0.910473
Test 79, loss: 1.531013, test acc: 0.898703, test avg acc: 0.863360
Train 80, loss: 1.430775, train acc: 0.943302, train avg acc: 0.913464
Test 80, loss: 1.538830, test acc: 0.891815, test avg acc: 0.873430
Train 81, loss: 1.429366, train acc: 0.944422, train avg acc: 0.913132
Test 81, loss: 1.585098, test acc: 0.878444, test avg acc: 0.846669
Train 82, loss: 1.435772, train acc: 0.940147, train avg acc: 0.905830
Test 82, loss: 1.606921, test acc: 0.864668, test avg acc: 0.823709
Train 83, loss: 1.436196, train acc: 0.938620, train avg acc: 0.910034
Test 83, loss: 1.508858, test acc: 0.909643, test avg acc: 0.875919
Train 84, loss: 1.429794, train acc: 0.942691, train avg acc: 0.911526
Test 84, loss: 1.572655, test acc: 0.883712, test avg acc: 0.859198
Train 85, loss: 1.431271, train acc: 0.941470, train avg acc: 0.913533
Test 85, loss: 1.553476, test acc: 0.889789, test avg acc: 0.855901
Train 86, loss: 1.429755, train acc: 0.941164, train avg acc: 0.909803
Test 86, loss: 1.533736, test acc: 0.900324, test avg acc: 0.869215
Train 87, loss: 1.424565, train acc: 0.943811, train avg acc: 0.914930
Test 87, loss: 1.537516, test acc: 0.900324, test avg acc: 0.859901
Train 88, loss: 1.429787, train acc: 0.942284, train avg acc: 0.914354
Test 88, loss: 1.606207, test acc: 0.871151, test avg acc: 0.841895
Train 89, loss: 1.427444, train acc: 0.942793, train avg acc: 0.912028
Test 89, loss: 1.557077, test acc: 0.885332, test avg acc: 0.861988
Train 90, loss: 1.419698, train acc: 0.946763, train avg acc: 0.921257
Test 90, loss: 1.552615, test acc: 0.895057, test avg acc: 0.848762
Train 91, loss: 1.421861, train acc: 0.947985, train avg acc: 0.922266
Test 91, loss: 1.498256, test acc: 0.917342, test avg acc: 0.873953
Train 92, loss: 1.421487, train acc: 0.944625, train avg acc: 0.915469
Test 92, loss: 1.532333, test acc: 0.898703, test avg acc: 0.858936
Train 93, loss: 1.418804, train acc: 0.948799, train avg acc: 0.921229
Test 93, loss: 1.607700, test acc: 0.879254, test avg acc: 0.863151
Train 94, loss: 1.417023, train acc: 0.946763, train avg acc: 0.920164
Test 94, loss: 1.525043, test acc: 0.907212, test avg acc: 0.863250
Train 95, loss: 1.415297, train acc: 0.947170, train avg acc: 0.921321
Test 95, loss: 1.519074, test acc: 0.910049, test avg acc: 0.871384
Train 96, loss: 1.416326, train acc: 0.948799, train avg acc: 0.922737
Test 96, loss: 1.526277, test acc: 0.902350, test avg acc: 0.862419
Train 97, loss: 1.411085, train acc: 0.949104, train avg acc: 0.921237
Test 97, loss: 1.542745, test acc: 0.890194, test avg acc: 0.855494
Train 98, loss: 1.415507, train acc: 0.948188, train avg acc: 0.921954
Test 98, loss: 1.548658, test acc: 0.897083, test avg acc: 0.876169
Train 99, loss: 1.418482, train acc: 0.944625, train avg acc: 0.913840
Test 99, loss: 1.529089, test acc: 0.903160, test avg acc: 0.870506
Train 100, loss: 1.409815, train acc: 0.948086, train avg acc: 0.922589
Test 100, loss: 1.521591, test acc: 0.902755, test avg acc: 0.854709
Train 101, loss: 1.412789, train acc: 0.948595, train avg acc: 0.921185
Test 101, loss: 1.536900, test acc: 0.904781, test avg acc: 0.872006
Train 102, loss: 1.408782, train acc: 0.950631, train avg acc: 0.924539
Test 102, loss: 1.541375, test acc: 0.889789, test avg acc: 0.851453
Train 103, loss: 1.408423, train acc: 0.950936, train avg acc: 0.926266
Test 103, loss: 1.542806, test acc: 0.899919, test avg acc: 0.862517
Train 104, loss: 1.410945, train acc: 0.949715, train avg acc: 0.922023
Test 104, loss: 1.531128, test acc: 0.907618, test avg acc: 0.865047
Train 105, loss: 1.409910, train acc: 0.949919, train avg acc: 0.923496
Test 105, loss: 1.521892, test acc: 0.906402, test avg acc: 0.870209
Train 106, loss: 1.405626, train acc: 0.951853, train avg acc: 0.925962
Test 106, loss: 1.513425, test acc: 0.906402, test avg acc: 0.865581
Train 107, loss: 1.402340, train acc: 0.953379, train avg acc: 0.929986
Test 107, loss: 1.526562, test acc: 0.904376, test avg acc: 0.862000
Train 108, loss: 1.399180, train acc: 0.954397, train avg acc: 0.931282
Test 108, loss: 1.534981, test acc: 0.890600, test avg acc: 0.849233
Train 109, loss: 1.403138, train acc: 0.953379, train avg acc: 0.927915
Test 109, loss: 1.535648, test acc: 0.904376, test avg acc: 0.861808
Train 110, loss: 1.396633, train acc: 0.954092, train avg acc: 0.928984
Test 110, loss: 1.541607, test acc: 0.898298, test avg acc: 0.859186
Train 111, loss: 1.400835, train acc: 0.952056, train avg acc: 0.928978
Test 111, loss: 1.551760, test acc: 0.884522, test avg acc: 0.843808
Train 112, loss: 1.401752, train acc: 0.954499, train avg acc: 0.931255
Test 112, loss: 1.535397, test acc: 0.892626, test avg acc: 0.862756
Train 113, loss: 1.394787, train acc: 0.956026, train avg acc: 0.932874
Test 113, loss: 1.536407, test acc: 0.892220, test avg acc: 0.864669
Train 114, loss: 1.397906, train acc: 0.952158, train avg acc: 0.926917
Test 114, loss: 1.548830, test acc: 0.897083, test avg acc: 0.863047
Train 115, loss: 1.392918, train acc: 0.954397, train avg acc: 0.928755
Test 115, loss: 1.551629, test acc: 0.904376, test avg acc: 0.872855
Train 116, loss: 1.394591, train acc: 0.955110, train avg acc: 0.930417
Test 116, loss: 1.544929, test acc: 0.897083, test avg acc: 0.868953
Train 117, loss: 1.390878, train acc: 0.956230, train avg acc: 0.930494
Test 117, loss: 1.559189, test acc: 0.884927, test avg acc: 0.864884
Train 118, loss: 1.393939, train acc: 0.955721, train avg acc: 0.933056
Test 118, loss: 1.539734, test acc: 0.900729, test avg acc: 0.861587
Train 119, loss: 1.393902, train acc: 0.958164, train avg acc: 0.938932
Test 119, loss: 1.532473, test acc: 0.905186, test avg acc: 0.882750
Train 120, loss: 1.389576, train acc: 0.957044, train avg acc: 0.934896
Test 120, loss: 1.514174, test acc: 0.906402, test avg acc: 0.881872
Train 121, loss: 1.383720, train acc: 0.959996, train avg acc: 0.940505
Test 121, loss: 1.521035, test acc: 0.896272, test avg acc: 0.860576
Train 122, loss: 1.384221, train acc: 0.961014, train avg acc: 0.941509
Test 122, loss: 1.498360, test acc: 0.909238, test avg acc: 0.877291
Train 123, loss: 1.386671, train acc: 0.958062, train avg acc: 0.935611
Test 123, loss: 1.537732, test acc: 0.899919, test avg acc: 0.867320
Train 124, loss: 1.381649, train acc: 0.959894, train avg acc: 0.939086
Test 124, loss: 1.500577, test acc: 0.909238, test avg acc: 0.880180
Train 125, loss: 1.386106, train acc: 0.958876, train avg acc: 0.939276
Test 125, loss: 1.509919, test acc: 0.899514, test avg acc: 0.849581
Train 126, loss: 1.382397, train acc: 0.959792, train avg acc: 0.938265
Test 126, loss: 1.536053, test acc: 0.892220, test avg acc: 0.864535
Train 127, loss: 1.379415, train acc: 0.963253, train avg acc: 0.943915
Test 127, loss: 1.504730, test acc: 0.905997, test avg acc: 0.882140
Train 128, loss: 1.388634, train acc: 0.957553, train avg acc: 0.935922
Test 128, loss: 1.487813, test acc: 0.916532, test avg acc: 0.877576
Train 129, loss: 1.382498, train acc: 0.957553, train avg acc: 0.933783
Test 129, loss: 1.509747, test acc: 0.905997, test avg acc: 0.871430
Train 130, loss: 1.374932, train acc: 0.963050, train avg acc: 0.944495
Test 130, loss: 1.513593, test acc: 0.899919, test avg acc: 0.873140
Train 131, loss: 1.375969, train acc: 0.963050, train avg acc: 0.943677
Test 131, loss: 1.522377, test acc: 0.905186, test avg acc: 0.879419
Train 132, loss: 1.376062, train acc: 0.960403, train avg acc: 0.939692
Test 132, loss: 1.516353, test acc: 0.902350, test avg acc: 0.866471
Train 133, loss: 1.374021, train acc: 0.963966, train avg acc: 0.946276
Test 133, loss: 1.521276, test acc: 0.903566, test avg acc: 0.879628
Train 134, loss: 1.366358, train acc: 0.966307, train avg acc: 0.949032
Test 134, loss: 1.529142, test acc: 0.897893, test avg acc: 0.860378
Train 135, loss: 1.373090, train acc: 0.963966, train avg acc: 0.947505
Test 135, loss: 1.514529, test acc: 0.906807, test avg acc: 0.883331
Train 136, loss: 1.370633, train acc: 0.965289, train avg acc: 0.946654
Test 136, loss: 1.505093, test acc: 0.906402, test avg acc: 0.874128
Train 137, loss: 1.369934, train acc: 0.961726, train avg acc: 0.944433
Test 137, loss: 1.525642, test acc: 0.904781, test avg acc: 0.870727
Train 138, loss: 1.371030, train acc: 0.962744, train avg acc: 0.944074
Test 138, loss: 1.515668, test acc: 0.902755, test avg acc: 0.867081
Train 139, loss: 1.362660, train acc: 0.967223, train avg acc: 0.950445
Test 139, loss: 1.531569, test acc: 0.899514, test avg acc: 0.866174
Train 140, loss: 1.364455, train acc: 0.965289, train avg acc: 0.946378
Test 140, loss: 1.483482, test acc: 0.911669, test avg acc: 0.865750
Train 141, loss: 1.367810, train acc: 0.964984, train avg acc: 0.945463
Test 141, loss: 1.503719, test acc: 0.914506, test avg acc: 0.877663
Train 142, loss: 1.366343, train acc: 0.964678, train avg acc: 0.945438
Test 142, loss: 1.501625, test acc: 0.908023, test avg acc: 0.863913
Train 143, loss: 1.361372, train acc: 0.968343, train avg acc: 0.950833
Test 143, loss: 1.494797, test acc: 0.913695, test avg acc: 0.877744
Train 144, loss: 1.363129, train acc: 0.966612, train avg acc: 0.948738
Test 144, loss: 1.508146, test acc: 0.903971, test avg acc: 0.875913
Train 145, loss: 1.356779, train acc: 0.969768, train avg acc: 0.953941
Test 145, loss: 1.500245, test acc: 0.909238, test avg acc: 0.881372
Train 146, loss: 1.357718, train acc: 0.970480, train avg acc: 0.956082
Test 146, loss: 1.494667, test acc: 0.907618, test avg acc: 0.888890
Train 147, loss: 1.353876, train acc: 0.969157, train avg acc: 0.953461
Test 147, loss: 1.509106, test acc: 0.906402, test avg acc: 0.871541
Train 148, loss: 1.356802, train acc: 0.968546, train avg acc: 0.951744
Test 148, loss: 1.508856, test acc: 0.909643, test avg acc: 0.886802
Train 149, loss: 1.353259, train acc: 0.970480, train avg acc: 0.956166
Test 149, loss: 1.493303, test acc: 0.917342, test avg acc: 0.883163
Train 150, loss: 1.355794, train acc: 0.969666, train avg acc: 0.951940
Test 150, loss: 1.520640, test acc: 0.897083, test avg acc: 0.874326
Train 151, loss: 1.351367, train acc: 0.971295, train avg acc: 0.955903
Test 151, loss: 1.490345, test acc: 0.912480, test avg acc: 0.882052
Train 152, loss: 1.351828, train acc: 0.972414, train avg acc: 0.959017
Test 152, loss: 1.507220, test acc: 0.905997, test avg acc: 0.871791
Train 153, loss: 1.351507, train acc: 0.969768, train avg acc: 0.953811
Test 153, loss: 1.484413, test acc: 0.914100, test avg acc: 0.882419
Train 154, loss: 1.343490, train acc: 0.973534, train avg acc: 0.959239
Test 154, loss: 1.480582, test acc: 0.910454, test avg acc: 0.879669
Train 155, loss: 1.347978, train acc: 0.971295, train avg acc: 0.957684
Test 155, loss: 1.487526, test acc: 0.909238, test avg acc: 0.878459
Train 156, loss: 1.348475, train acc: 0.970582, train avg acc: 0.953936
Test 156, loss: 1.498173, test acc: 0.905186, test avg acc: 0.863494
Train 157, loss: 1.342348, train acc: 0.973534, train avg acc: 0.959880
Test 157, loss: 1.494759, test acc: 0.902350, test avg acc: 0.863093
Train 158, loss: 1.343315, train acc: 0.973738, train avg acc: 0.960757
Test 158, loss: 1.491017, test acc: 0.911669, test avg acc: 0.878291
Train 159, loss: 1.343539, train acc: 0.973840, train avg acc: 0.961724
Test 159, loss: 1.477016, test acc: 0.916532, test avg acc: 0.881122
Train 160, loss: 1.341596, train acc: 0.973331, train avg acc: 0.960234
Test 160, loss: 1.498471, test acc: 0.911264, test avg acc: 0.871041
Train 161, loss: 1.341589, train acc: 0.973840, train avg acc: 0.958968
Test 161, loss: 1.490982, test acc: 0.909238, test avg acc: 0.884256
Train 162, loss: 1.337089, train acc: 0.976792, train avg acc: 0.963906
Test 162, loss: 1.490943, test acc: 0.913290, test avg acc: 0.883209
Train 163, loss: 1.337960, train acc: 0.976893, train avg acc: 0.966129
Test 163, loss: 1.484779, test acc: 0.913695, test avg acc: 0.874924
Train 164, loss: 1.337582, train acc: 0.974654, train avg acc: 0.961379
Test 164, loss: 1.488428, test acc: 0.905997, test avg acc: 0.875616
Train 165, loss: 1.331356, train acc: 0.977300, train avg acc: 0.964768
Test 165, loss: 1.488592, test acc: 0.906402, test avg acc: 0.871709
Train 166, loss: 1.334733, train acc: 0.976079, train avg acc: 0.963699
Test 166, loss: 1.494679, test acc: 0.901945, test avg acc: 0.880878
Train 167, loss: 1.336282, train acc: 0.974145, train avg acc: 0.959279
Test 167, loss: 1.476636, test acc: 0.908428, test avg acc: 0.877872
Train 168, loss: 1.330498, train acc: 0.977402, train avg acc: 0.965539
Test 168, loss: 1.509546, test acc: 0.908428, test avg acc: 0.877506
Train 169, loss: 1.333286, train acc: 0.976283, train avg acc: 0.964783
Test 169, loss: 1.488539, test acc: 0.908023, test avg acc: 0.866965
Train 170, loss: 1.333824, train acc: 0.977606, train avg acc: 0.964756
Test 170, loss: 1.491113, test acc: 0.905592, test avg acc: 0.882541
Train 171, loss: 1.329491, train acc: 0.979133, train avg acc: 0.970184
Test 171, loss: 1.494382, test acc: 0.907212, test avg acc: 0.884343
Train 172, loss: 1.328487, train acc: 0.979540, train avg acc: 0.969617
Test 172, loss: 1.474717, test acc: 0.911264, test avg acc: 0.879209
Train 173, loss: 1.325429, train acc: 0.981169, train avg acc: 0.970082
Test 173, loss: 1.487688, test acc: 0.910454, test avg acc: 0.888465
Train 174, loss: 1.322335, train acc: 0.980965, train avg acc: 0.970842
Test 174, loss: 1.472093, test acc: 0.912885, test avg acc: 0.867041
Train 175, loss: 1.322661, train acc: 0.979336, train avg acc: 0.969373
Test 175, loss: 1.463851, test acc: 0.920583, test avg acc: 0.893907
Train 176, loss: 1.320679, train acc: 0.981169, train avg acc: 0.972828
Test 176, loss: 1.482233, test acc: 0.915316, test avg acc: 0.889465
Train 177, loss: 1.320188, train acc: 0.980863, train avg acc: 0.969641
Test 177, loss: 1.477760, test acc: 0.914911, test avg acc: 0.886471
Train 178, loss: 1.317043, train acc: 0.984324, train avg acc: 0.975836
Test 178, loss: 1.466666, test acc: 0.921799, test avg acc: 0.894000
Train 179, loss: 1.318456, train acc: 0.983408, train avg acc: 0.974125
Test 179, loss: 1.474476, test acc: 0.916126, test avg acc: 0.887453
Train 180, loss: 1.320535, train acc: 0.980660, train avg acc: 0.971221
Test 180, loss: 1.493898, test acc: 0.912480, test avg acc: 0.879878
Train 181, loss: 1.316406, train acc: 0.984324, train avg acc: 0.975670
Test 181, loss: 1.465934, test acc: 0.917747, test avg acc: 0.879831
Train 182, loss: 1.316971, train acc: 0.983001, train avg acc: 0.974046
Test 182, loss: 1.471506, test acc: 0.912075, test avg acc: 0.878419
Train 183, loss: 1.315908, train acc: 0.982085, train avg acc: 0.973472
Test 183, loss: 1.474213, test acc: 0.911264, test avg acc: 0.869541
Train 184, loss: 1.313552, train acc: 0.983713, train avg acc: 0.975946
Test 184, loss: 1.477751, test acc: 0.911264, test avg acc: 0.882959
Train 185, loss: 1.311166, train acc: 0.985240, train avg acc: 0.975827
Test 185, loss: 1.469682, test acc: 0.916937, test avg acc: 0.884907
Train 186, loss: 1.313261, train acc: 0.983306, train avg acc: 0.974315
Test 186, loss: 1.467885, test acc: 0.916532, test avg acc: 0.885994
Train 187, loss: 1.311937, train acc: 0.982797, train avg acc: 0.973738
Test 187, loss: 1.469246, test acc: 0.913695, test avg acc: 0.882413
Train 188, loss: 1.310490, train acc: 0.983713, train avg acc: 0.975556
Test 188, loss: 1.467619, test acc: 0.916532, test avg acc: 0.883203
Train 189, loss: 1.308653, train acc: 0.984222, train avg acc: 0.976605
Test 189, loss: 1.472835, test acc: 0.909238, test avg acc: 0.883465
Train 190, loss: 1.307141, train acc: 0.985647, train avg acc: 0.977795
Test 190, loss: 1.465252, test acc: 0.920178, test avg acc: 0.892959
Train 191, loss: 1.309066, train acc: 0.984833, train avg acc: 0.976454
Test 191, loss: 1.456483, test acc: 0.920583, test avg acc: 0.891285
Train 192, loss: 1.304881, train acc: 0.984833, train avg acc: 0.976686
Test 192, loss: 1.474419, test acc: 0.918558, test avg acc: 0.894163
Train 193, loss: 1.304510, train acc: 0.985749, train avg acc: 0.978690
Test 193, loss: 1.460743, test acc: 0.915721, test avg acc: 0.885163
Train 194, loss: 1.303650, train acc: 0.987785, train avg acc: 0.981255
Test 194, loss: 1.460142, test acc: 0.913695, test avg acc: 0.884122
Train 195, loss: 1.303045, train acc: 0.986869, train avg acc: 0.980909
Test 195, loss: 1.465164, test acc: 0.913695, test avg acc: 0.882587
Train 196, loss: 1.301285, train acc: 0.986869, train avg acc: 0.979710
Test 196, loss: 1.465046, test acc: 0.915316, test avg acc: 0.886506
Train 197, loss: 1.301561, train acc: 0.986971, train avg acc: 0.980285
Test 197, loss: 1.459857, test acc: 0.916937, test avg acc: 0.889326
Train 198, loss: 1.299504, train acc: 0.988192, train avg acc: 0.981869
Test 198, loss: 1.466293, test acc: 0.912885, test avg acc: 0.888297
Train 199, loss: 1.299197, train acc: 0.987378, train avg acc: 0.981177
Test 199, loss: 1.462886, test acc: 0.920583, test avg acc: 0.893953
Train 200, loss: 1.298785, train acc: 0.988905, train avg acc: 0.982908
Test 200, loss: 1.457885, test acc: 0.918963, test avg acc: 0.882994
Train 201, loss: 1.297808, train acc: 0.988192, train avg acc: 0.981270
Test 201, loss: 1.465572, test acc: 0.918558, test avg acc: 0.893913
Train 202, loss: 1.296444, train acc: 0.987887, train avg acc: 0.982195
Test 202, loss: 1.467254, test acc: 0.916126, test avg acc: 0.892826
Train 203, loss: 1.295994, train acc: 0.989312, train avg acc: 0.983364
Test 203, loss: 1.456323, test acc: 0.920989, test avg acc: 0.891663
Train 204, loss: 1.295269, train acc: 0.989108, train avg acc: 0.983033
Test 204, loss: 1.458150, test acc: 0.920583, test avg acc: 0.889494
Train 205, loss: 1.293596, train acc: 0.989821, train avg acc: 0.984728
Test 205, loss: 1.456664, test acc: 0.924230, test avg acc: 0.899291
Train 206, loss: 1.293518, train acc: 0.989414, train avg acc: 0.983372
Test 206, loss: 1.456213, test acc: 0.919773, test avg acc: 0.892622
Train 207, loss: 1.292726, train acc: 0.990228, train avg acc: 0.985812
Test 207, loss: 1.447650, test acc: 0.923825, test avg acc: 0.889994
Train 208, loss: 1.293317, train acc: 0.989108, train avg acc: 0.983444
Test 208, loss: 1.461339, test acc: 0.912480, test avg acc: 0.885872
Train 209, loss: 1.291626, train acc: 0.988192, train avg acc: 0.981025
Test 209, loss: 1.454350, test acc: 0.919773, test avg acc: 0.888663
Train 210, loss: 1.289607, train acc: 0.990737, train avg acc: 0.986734
Test 210, loss: 1.458728, test acc: 0.918963, test avg acc: 0.890953
Train 211, loss: 1.289570, train acc: 0.991551, train avg acc: 0.986475
Test 211, loss: 1.459030, test acc: 0.920178, test avg acc: 0.892622
Train 212, loss: 1.291466, train acc: 0.990432, train avg acc: 0.985663
Test 212, loss: 1.454218, test acc: 0.917747, test avg acc: 0.889453
Train 213, loss: 1.289953, train acc: 0.989821, train avg acc: 0.984828
Test 213, loss: 1.456217, test acc: 0.917747, test avg acc: 0.890035
Train 214, loss: 1.288031, train acc: 0.991144, train avg acc: 0.986192
Test 214, loss: 1.453384, test acc: 0.917342, test avg acc: 0.887494
Train 215, loss: 1.289818, train acc: 0.989617, train avg acc: 0.982375
Test 215, loss: 1.457825, test acc: 0.914506, test avg acc: 0.885576
Train 216, loss: 1.286677, train acc: 0.991246, train avg acc: 0.988482
Test 216, loss: 1.452075, test acc: 0.923825, test avg acc: 0.894907
Train 217, loss: 1.286494, train acc: 0.991857, train avg acc: 0.987755
Test 217, loss: 1.452452, test acc: 0.920583, test avg acc: 0.889203
Train 218, loss: 1.284931, train acc: 0.992875, train avg acc: 0.989271
Test 218, loss: 1.454667, test acc: 0.916937, test avg acc: 0.892407
Train 219, loss: 1.284598, train acc: 0.992773, train avg acc: 0.989171
Test 219, loss: 1.454357, test acc: 0.920178, test avg acc: 0.892616
Train 220, loss: 1.284665, train acc: 0.992060, train avg acc: 0.987497
Test 220, loss: 1.446740, test acc: 0.920178, test avg acc: 0.887785
Train 221, loss: 1.284935, train acc: 0.992773, train avg acc: 0.989112
Test 221, loss: 1.448638, test acc: 0.921799, test avg acc: 0.894076
Train 222, loss: 1.286280, train acc: 0.990839, train avg acc: 0.985892
Test 222, loss: 1.459277, test acc: 0.917342, test avg acc: 0.892785
Train 223, loss: 1.283306, train acc: 0.993689, train avg acc: 0.990446
Test 223, loss: 1.454764, test acc: 0.918152, test avg acc: 0.893826
Train 224, loss: 1.283954, train acc: 0.992366, train avg acc: 0.988993
Test 224, loss: 1.451768, test acc: 0.917747, test avg acc: 0.887576
Train 225, loss: 1.282143, train acc: 0.993485, train avg acc: 0.990056
Test 225, loss: 1.452898, test acc: 0.919368, test avg acc: 0.891244
Train 226, loss: 1.282674, train acc: 0.993384, train avg acc: 0.990401
Test 226, loss: 1.450019, test acc: 0.920989, test avg acc: 0.892326
Train 227, loss: 1.282647, train acc: 0.993485, train avg acc: 0.990908
Test 227, loss: 1.448722, test acc: 0.926661, test avg acc: 0.901157
Train 228, loss: 1.282238, train acc: 0.993078, train avg acc: 0.989413
Test 228, loss: 1.450835, test acc: 0.921394, test avg acc: 0.894744
Train 229, loss: 1.282334, train acc: 0.993791, train avg acc: 0.990065
Test 229, loss: 1.454424, test acc: 0.920989, test avg acc: 0.896494
Train 230, loss: 1.281372, train acc: 0.993994, train avg acc: 0.991127
Test 230, loss: 1.452222, test acc: 0.922609, test avg acc: 0.896163
Train 231, loss: 1.281153, train acc: 0.993587, train avg acc: 0.990296
Test 231, loss: 1.451569, test acc: 0.923825, test avg acc: 0.900116
Train 232, loss: 1.281829, train acc: 0.993078, train avg acc: 0.989415
Test 232, loss: 1.454821, test acc: 0.920178, test avg acc: 0.895744
Train 233, loss: 1.280505, train acc: 0.993689, train avg acc: 0.990905
Test 233, loss: 1.452925, test acc: 0.920583, test avg acc: 0.893953
Train 234, loss: 1.280925, train acc: 0.993485, train avg acc: 0.990140
Test 234, loss: 1.452249, test acc: 0.921394, test avg acc: 0.891326
Train 235, loss: 1.280422, train acc: 0.993180, train avg acc: 0.989993
Test 235, loss: 1.452662, test acc: 0.920989, test avg acc: 0.895372
Train 236, loss: 1.281091, train acc: 0.993587, train avg acc: 0.990172
Test 236, loss: 1.450168, test acc: 0.921799, test avg acc: 0.895035
Train 237, loss: 1.281580, train acc: 0.993587, train avg acc: 0.990152
Test 237, loss: 1.449241, test acc: 0.924230, test avg acc: 0.896535
Train 238, loss: 1.279973, train acc: 0.993485, train avg acc: 0.990163
Test 238, loss: 1.453336, test acc: 0.920989, test avg acc: 0.896576
Train 239, loss: 1.279814, train acc: 0.993791, train avg acc: 0.990235
Test 239, loss: 1.452487, test acc: 0.923420, test avg acc: 0.895076
Train 240, loss: 1.278859, train acc: 0.994401, train avg acc: 0.991914
Test 240, loss: 1.451335, test acc: 0.920989, test avg acc: 0.892494
Train 241, loss: 1.279810, train acc: 0.994300, train avg acc: 0.992078
Test 241, loss: 1.452360, test acc: 0.921799, test avg acc: 0.893994
Train 242, loss: 1.280136, train acc: 0.993180, train avg acc: 0.989575
Test 242, loss: 1.450276, test acc: 0.921799, test avg acc: 0.894953
Train 243, loss: 1.278908, train acc: 0.995114, train avg acc: 0.992483
Test 243, loss: 1.454812, test acc: 0.921394, test avg acc: 0.895663
Train 244, loss: 1.280475, train acc: 0.993689, train avg acc: 0.989613
Test 244, loss: 1.452744, test acc: 0.922609, test avg acc: 0.896494
Train 245, loss: 1.280011, train acc: 0.993485, train avg acc: 0.989773
Test 245, loss: 1.452327, test acc: 0.920178, test avg acc: 0.894622
Train 246, loss: 1.279731, train acc: 0.994401, train avg acc: 0.992432
Test 246, loss: 1.451444, test acc: 0.922609, test avg acc: 0.895535
Train 247, loss: 1.278643, train acc: 0.995318, train avg acc: 0.993196
Test 247, loss: 1.450515, test acc: 0.921799, test avg acc: 0.892953
Train 248, loss: 1.279022, train acc: 0.993689, train avg acc: 0.990776
Test 248, loss: 1.452373, test acc: 0.921394, test avg acc: 0.892785
Train 249, loss: 1.278958, train acc: 0.993893, train avg acc: 0.990247
Test 249, loss: 1.453051, test acc: 0.923420, test avg acc: 0.897035
