Namespace(batch_size=32, dataset='modelnet40', dropout=0.5, emb_dims=1024, epochs=250, eval=False, exp_name='ognet_1024', k=20, lr=0.001, model='ognet', model_path='', momentum=0.9, no_cuda=False, num_points=1024, seed=1, test_batch_size=16, use_sgd=True)
Using GPU : 0 from 2 devices
Namespace(batch_size=32, dataset='modelnet40', dropout=0.5, emb_dims=1024, epochs=250, eval=False, exp_name='ognet_1024', k=20, lr=0.001, model='ognet', model_path='', momentum=0.9, no_cuda=False, num_points=1024, seed=1, test_batch_size=16, use_sgd=True)
Using GPU : 0 from 2 devices
Namespace(batch_size=32, dataset='modelnet40', dropout=0.5, emb_dims=1024, epochs=250, eval=False, exp_name='ognet_1024', k=20, lr=0.001, model='ognet', model_path='', momentum=0.9, no_cuda=False, num_points=1024, seed=1, test_batch_size=16, use_sgd=True)
Using GPU : 0 from 2 devices
Train 0, loss: 7.570513, train acc: 0.071967, train avg acc: 0.038301
Test 0, loss: 3.873887, test acc: 0.086710, test avg acc: 0.053500
Train 1, loss: 5.382500, train acc: 0.119503, train avg acc: 0.060783
Test 1, loss: 3.630635, test acc: 0.186386, test avg acc: 0.115000
Train 2, loss: 3.658900, train acc: 0.203074, train avg acc: 0.102254
Test 2, loss: 2.850310, test acc: 0.333468, test avg acc: 0.223785
Train 3, loss: 2.977799, train acc: 0.344564, train avg acc: 0.191848
Test 3, loss: 2.576789, test acc: 0.450567, test avg acc: 0.327343
Train 4, loss: 2.728047, train acc: 0.437500, train avg acc: 0.266882
Test 4, loss: 2.345673, test acc: 0.552269, test avg acc: 0.426599
Train 5, loss: 2.547551, train acc: 0.501629, train avg acc: 0.330489
Test 5, loss: 2.246768, test acc: 0.599676, test avg acc: 0.492250
Train 6, loss: 2.420794, train acc: 0.546519, train avg acc: 0.380636
Test 6, loss: 2.107831, test acc: 0.693679, test avg acc: 0.578791
Train 7, loss: 2.306066, train acc: 0.600265, train avg acc: 0.440051
Test 7, loss: 2.095779, test acc: 0.672609, test avg acc: 0.564622
Train 8, loss: 2.206614, train acc: 0.639963, train avg acc: 0.487662
Test 8, loss: 1.936355, test acc: 0.745948, test avg acc: 0.646837
Train 9, loss: 2.126998, train acc: 0.678746, train avg acc: 0.535882
Test 9, loss: 1.937684, test acc: 0.747974, test avg acc: 0.637052
Train 10, loss: 2.061206, train acc: 0.710505, train avg acc: 0.574776
Test 10, loss: 1.897510, test acc: 0.752836, test avg acc: 0.657221
Train 11, loss: 2.026635, train acc: 0.717936, train avg acc: 0.587567
Test 11, loss: 1.790350, test acc: 0.817666, test avg acc: 0.697378
Train 12, loss: 1.992370, train acc: 0.733103, train avg acc: 0.607082
Test 12, loss: 1.884081, test acc: 0.782415, test avg acc: 0.684564
Train 13, loss: 1.944119, train acc: 0.757838, train avg acc: 0.637749
Test 13, loss: 1.784140, test acc: 0.820502, test avg acc: 0.734471
Train 14, loss: 1.909113, train acc: 0.767101, train avg acc: 0.654624
Test 14, loss: 1.827529, test acc: 0.791734, test avg acc: 0.701174
Train 15, loss: 1.884114, train acc: 0.783489, train avg acc: 0.675420
Test 15, loss: 1.804845, test acc: 0.792139, test avg acc: 0.738430
Train 16, loss: 1.870989, train acc: 0.785322, train avg acc: 0.677758
Test 16, loss: 1.824811, test acc: 0.792950, test avg acc: 0.718273
Train 17, loss: 1.853101, train acc: 0.797740, train avg acc: 0.696316
Test 17, loss: 1.755402, test acc: 0.830227, test avg acc: 0.740273
Train 18, loss: 1.832642, train acc: 0.800489, train avg acc: 0.701844
Test 18, loss: 1.750477, test acc: 0.821313, test avg acc: 0.736238
Train 19, loss: 1.835397, train acc: 0.803033, train avg acc: 0.707710
Test 19, loss: 1.709666, test acc: 0.832658, test avg acc: 0.778384
Train 20, loss: 1.803960, train acc: 0.814943, train avg acc: 0.723066
Test 20, loss: 1.729891, test acc: 0.833874, test avg acc: 0.744523
Train 21, loss: 1.787138, train acc: 0.821356, train avg acc: 0.732328
Test 21, loss: 1.705319, test acc: 0.843193, test avg acc: 0.793953
Train 22, loss: 1.782484, train acc: 0.820745, train avg acc: 0.732976
Test 22, loss: 1.690077, test acc: 0.862642, test avg acc: 0.794773
Train 23, loss: 1.765022, train acc: 0.827667, train avg acc: 0.739291
Test 23, loss: 1.703956, test acc: 0.841167, test avg acc: 0.785878
Train 24, loss: 1.764309, train acc: 0.825224, train avg acc: 0.738667
Test 24, loss: 1.719415, test acc: 0.833468, test avg acc: 0.772442
Train 25, loss: 1.755698, train acc: 0.832349, train avg acc: 0.748274
Test 25, loss: 1.664132, test acc: 0.857780, test avg acc: 0.800599
Train 26, loss: 1.741619, train acc: 0.836421, train avg acc: 0.755104
Test 26, loss: 1.663811, test acc: 0.862237, test avg acc: 0.815099
Train 27, loss: 1.735122, train acc: 0.840086, train avg acc: 0.760134
Test 27, loss: 1.727513, test acc: 0.821313, test avg acc: 0.784035
Train 28, loss: 1.727255, train acc: 0.846397, train avg acc: 0.768962
Test 28, loss: 1.654316, test acc: 0.871151, test avg acc: 0.797599
Train 29, loss: 1.719917, train acc: 0.850265, train avg acc: 0.774877
Test 29, loss: 1.619104, test acc: 0.875608, test avg acc: 0.810715
Train 30, loss: 1.710412, train acc: 0.852300, train avg acc: 0.775422
Test 30, loss: 1.668898, test acc: 0.854538, test avg acc: 0.800099
Train 31, loss: 1.710117, train acc: 0.851384, train avg acc: 0.779490
Test 31, loss: 1.647373, test acc: 0.859806, test avg acc: 0.803878
Train 32, loss: 1.697676, train acc: 0.853115, train avg acc: 0.783112
Test 32, loss: 1.643468, test acc: 0.874797, test avg acc: 0.824116
Train 33, loss: 1.697848, train acc: 0.854235, train avg acc: 0.782613
Test 33, loss: 1.649653, test acc: 0.858590, test avg acc: 0.812558
Train 34, loss: 1.681423, train acc: 0.863192, train avg acc: 0.796957
Test 34, loss: 1.604907, test acc: 0.887763, test avg acc: 0.836087
Train 35, loss: 1.682132, train acc: 0.866857, train avg acc: 0.799137
Test 35, loss: 1.629892, test acc: 0.861426, test avg acc: 0.822343
Train 36, loss: 1.680440, train acc: 0.862276, train avg acc: 0.794462
Test 36, loss: 1.669877, test acc: 0.850486, test avg acc: 0.800436
Train 37, loss: 1.679103, train acc: 0.859731, train avg acc: 0.788077
Test 37, loss: 1.614292, test acc: 0.871961, test avg acc: 0.817401
Train 38, loss: 1.677775, train acc: 0.863599, train avg acc: 0.797356
Test 38, loss: 1.635920, test acc: 0.873987, test avg acc: 0.811006
Train 39, loss: 1.670464, train acc: 0.868078, train avg acc: 0.803236
Test 39, loss: 1.609080, test acc: 0.878849, test avg acc: 0.820866
Train 40, loss: 1.662625, train acc: 0.867264, train avg acc: 0.802508
Test 40, loss: 1.609393, test acc: 0.876013, test avg acc: 0.838762
Train 41, loss: 1.659670, train acc: 0.866450, train avg acc: 0.802043
Test 41, loss: 1.575791, test acc: 0.889789, test avg acc: 0.844291
Train 42, loss: 1.661103, train acc: 0.869605, train avg acc: 0.803418
Test 42, loss: 1.572395, test acc: 0.892220, test avg acc: 0.830308
Train 43, loss: 1.641696, train acc: 0.877036, train avg acc: 0.816746
Test 43, loss: 1.615502, test acc: 0.867504, test avg acc: 0.829477
Train 44, loss: 1.641667, train acc: 0.877443, train avg acc: 0.818375
Test 44, loss: 1.621822, test acc: 0.879254, test avg acc: 0.845924
Train 45, loss: 1.643357, train acc: 0.877952, train avg acc: 0.821232
Test 45, loss: 1.623712, test acc: 0.869125, test avg acc: 0.834494
Train 46, loss: 1.636058, train acc: 0.877952, train avg acc: 0.815595
Test 46, loss: 1.614195, test acc: 0.869935, test avg acc: 0.824122
Train 47, loss: 1.635847, train acc: 0.878054, train avg acc: 0.815841
Test 47, loss: 1.615692, test acc: 0.870340, test avg acc: 0.835227
Train 48, loss: 1.625891, train acc: 0.886095, train avg acc: 0.829464
Test 48, loss: 1.587148, test acc: 0.889789, test avg acc: 0.832140
Train 49, loss: 1.631028, train acc: 0.881413, train avg acc: 0.821385
Test 49, loss: 1.600331, test acc: 0.869125, test avg acc: 0.818936
Train 50, loss: 1.620486, train acc: 0.885586, train avg acc: 0.825019
Test 50, loss: 1.591391, test acc: 0.880875, test avg acc: 0.841273
Train 51, loss: 1.621387, train acc: 0.883754, train avg acc: 0.827937
Test 51, loss: 1.627576, test acc: 0.882901, test avg acc: 0.832640
Train 52, loss: 1.617035, train acc: 0.885179, train avg acc: 0.824591
Test 52, loss: 1.589138, test acc: 0.884522, test avg acc: 0.841023
Train 53, loss: 1.610377, train acc: 0.887724, train avg acc: 0.830886
Test 53, loss: 1.579908, test acc: 0.886548, test avg acc: 0.842285
Train 54, loss: 1.611457, train acc: 0.887011, train avg acc: 0.834285
Test 54, loss: 1.588395, test acc: 0.887763, test avg acc: 0.835244
Train 55, loss: 1.606765, train acc: 0.891083, train avg acc: 0.836265
Test 55, loss: 1.604327, test acc: 0.886143, test avg acc: 0.848593
Train 56, loss: 1.603339, train acc: 0.892508, train avg acc: 0.839387
Test 56, loss: 1.571328, test acc: 0.887763, test avg acc: 0.852936
Train 57, loss: 1.604280, train acc: 0.891185, train avg acc: 0.837142
Test 57, loss: 1.584562, test acc: 0.893436, test avg acc: 0.842006
Train 58, loss: 1.599587, train acc: 0.892203, train avg acc: 0.835286
Test 58, loss: 1.576793, test acc: 0.896677, test avg acc: 0.835552
Train 59, loss: 1.593329, train acc: 0.894748, train avg acc: 0.841400
Test 59, loss: 1.595779, test acc: 0.889789, test avg acc: 0.848901
Train 60, loss: 1.583370, train acc: 0.899125, train avg acc: 0.846143
Test 60, loss: 1.558065, test acc: 0.900324, test avg acc: 0.858924
Train 61, loss: 1.582522, train acc: 0.900957, train avg acc: 0.849830
Test 61, loss: 1.571897, test acc: 0.892220, test avg acc: 0.850099
Train 62, loss: 1.582577, train acc: 0.897598, train avg acc: 0.847876
Test 62, loss: 1.585282, test acc: 0.878849, test avg acc: 0.830390
Train 63, loss: 1.580814, train acc: 0.903196, train avg acc: 0.853591
Test 63, loss: 1.579820, test acc: 0.882901, test avg acc: 0.840913
Train 64, loss: 1.583042, train acc: 0.900143, train avg acc: 0.848507
Test 64, loss: 1.579815, test acc: 0.884927, test avg acc: 0.839808
Train 65, loss: 1.587687, train acc: 0.892203, train avg acc: 0.838819
Test 65, loss: 1.575361, test acc: 0.896272, test avg acc: 0.852750
Train 66, loss: 1.585420, train acc: 0.897292, train avg acc: 0.846686
Test 66, loss: 1.582375, test acc: 0.895462, test avg acc: 0.842180
Train 67, loss: 1.573183, train acc: 0.904723, train avg acc: 0.855004
Test 67, loss: 1.554069, test acc: 0.889789, test avg acc: 0.846837
Train 68, loss: 1.566002, train acc: 0.907573, train avg acc: 0.860973
Test 68, loss: 1.565654, test acc: 0.878039, test avg acc: 0.844634
Train 69, loss: 1.569187, train acc: 0.902993, train avg acc: 0.857566
Test 69, loss: 1.551968, test acc: 0.896272, test avg acc: 0.838180
Train 70, loss: 1.568724, train acc: 0.902993, train avg acc: 0.853389
Test 70, loss: 1.562819, test acc: 0.883712, test avg acc: 0.846215
Train 71, loss: 1.558033, train acc: 0.909406, train avg acc: 0.862077
Test 71, loss: 1.548719, test acc: 0.895867, test avg acc: 0.865424
Train 72, loss: 1.552836, train acc: 0.914393, train avg acc: 0.872066
Test 72, loss: 1.573075, test acc: 0.884522, test avg acc: 0.839547
Train 73, loss: 1.552302, train acc: 0.914190, train avg acc: 0.871040
Test 73, loss: 1.582530, test acc: 0.883712, test avg acc: 0.840320
Train 74, loss: 1.561808, train acc: 0.905130, train avg acc: 0.857275
Test 74, loss: 1.570881, test acc: 0.891815, test avg acc: 0.857529
Train 75, loss: 1.551316, train acc: 0.911849, train avg acc: 0.865320
Test 75, loss: 1.555107, test acc: 0.893031, test avg acc: 0.850442
Train 76, loss: 1.552380, train acc: 0.912968, train avg acc: 0.869360
Test 76, loss: 1.545390, test acc: 0.896272, test avg acc: 0.859023
Train 77, loss: 1.548569, train acc: 0.913681, train avg acc: 0.867717
Test 77, loss: 1.554474, test acc: 0.905997, test avg acc: 0.869517
Train 78, loss: 1.552489, train acc: 0.907675, train avg acc: 0.863280
Test 78, loss: 1.565704, test acc: 0.894246, test avg acc: 0.858901
Train 79, loss: 1.539928, train acc: 0.914597, train avg acc: 0.870281
Test 79, loss: 1.542982, test acc: 0.890600, test avg acc: 0.857802
Train 80, loss: 1.545747, train acc: 0.912561, train avg acc: 0.866419
Test 80, loss: 1.555147, test acc: 0.891410, test avg acc: 0.844988
Train 81, loss: 1.541591, train acc: 0.915411, train avg acc: 0.875357
Test 81, loss: 1.528158, test acc: 0.899514, test avg acc: 0.854640
Train 82, loss: 1.532529, train acc: 0.917752, train avg acc: 0.876353
Test 82, loss: 1.548481, test acc: 0.892220, test avg acc: 0.857738
Train 83, loss: 1.535299, train acc: 0.917752, train avg acc: 0.877988
Test 83, loss: 1.532761, test acc: 0.899514, test avg acc: 0.859465
Train 84, loss: 1.530051, train acc: 0.918465, train avg acc: 0.876327
Test 84, loss: 1.550938, test acc: 0.899919, test avg acc: 0.861477
Train 85, loss: 1.537108, train acc: 0.918160, train avg acc: 0.875993
Test 85, loss: 1.590458, test acc: 0.880470, test avg acc: 0.837099
Train 86, loss: 1.536455, train acc: 0.915818, train avg acc: 0.873737
Test 86, loss: 1.532765, test acc: 0.906807, test avg acc: 0.859279
Train 87, loss: 1.530897, train acc: 0.917651, train avg acc: 0.877396
Test 87, loss: 1.548958, test acc: 0.886953, test avg acc: 0.843302
Train 88, loss: 1.530503, train acc: 0.918261, train avg acc: 0.875949
Test 88, loss: 1.534290, test acc: 0.902755, test avg acc: 0.857314
Train 89, loss: 1.516933, train acc: 0.922435, train avg acc: 0.882651
Test 89, loss: 1.548729, test acc: 0.901135, test avg acc: 0.859203
Train 90, loss: 1.514008, train acc: 0.925590, train avg acc: 0.888756
Test 90, loss: 1.532480, test acc: 0.900324, test avg acc: 0.853890
Train 91, loss: 1.523650, train acc: 0.921621, train avg acc: 0.879663
Test 91, loss: 1.540664, test acc: 0.891815, test avg acc: 0.855535
Train 92, loss: 1.514569, train acc: 0.922333, train avg acc: 0.884842
Test 92, loss: 1.536814, test acc: 0.902755, test avg acc: 0.860209
Train 93, loss: 1.507556, train acc: 0.927423, train avg acc: 0.889942
Test 93, loss: 1.541559, test acc: 0.892626, test avg acc: 0.849343
Train 94, loss: 1.514462, train acc: 0.919992, train avg acc: 0.879611
Test 94, loss: 1.586820, test acc: 0.884117, test avg acc: 0.851820
Train 95, loss: 1.516094, train acc: 0.924674, train avg acc: 0.888287
Test 95, loss: 1.533451, test acc: 0.893031, test avg acc: 0.857308
Train 96, loss: 1.503588, train acc: 0.928441, train avg acc: 0.895071
Test 96, loss: 1.527054, test acc: 0.905186, test avg acc: 0.862041
Train 97, loss: 1.509857, train acc: 0.924674, train avg acc: 0.888063
Test 97, loss: 1.547320, test acc: 0.894246, test avg acc: 0.853151
Train 98, loss: 1.506439, train acc: 0.925794, train avg acc: 0.888981
Test 98, loss: 1.518565, test acc: 0.901540, test avg acc: 0.861831
Train 99, loss: 1.498382, train acc: 0.931800, train avg acc: 0.896629
Test 99, loss: 1.534337, test acc: 0.903566, test avg acc: 0.864727
Train 100, loss: 1.504320, train acc: 0.926812, train avg acc: 0.890992
Test 100, loss: 1.525455, test acc: 0.900324, test avg acc: 0.876215
Train 101, loss: 1.496212, train acc: 0.929967, train avg acc: 0.895428
Test 101, loss: 1.525410, test acc: 0.906807, test avg acc: 0.855465
Train 102, loss: 1.493570, train acc: 0.931189, train avg acc: 0.897906
Test 102, loss: 1.523317, test acc: 0.900729, test avg acc: 0.876453
Train 103, loss: 1.484443, train acc: 0.935362, train avg acc: 0.901824
Test 103, loss: 1.546304, test acc: 0.889789, test avg acc: 0.859890
Train 104, loss: 1.491554, train acc: 0.931596, train avg acc: 0.895517
Test 104, loss: 1.553093, test acc: 0.891815, test avg acc: 0.868762
Train 105, loss: 1.488674, train acc: 0.934548, train avg acc: 0.904277
Test 105, loss: 1.525020, test acc: 0.904376, test avg acc: 0.860919
Train 106, loss: 1.487117, train acc: 0.934853, train avg acc: 0.902779
Test 106, loss: 1.532352, test acc: 0.901540, test avg acc: 0.855419
Train 107, loss: 1.483825, train acc: 0.934955, train avg acc: 0.900543
Test 107, loss: 1.539028, test acc: 0.894246, test avg acc: 0.851715
Train 108, loss: 1.485544, train acc: 0.933632, train avg acc: 0.899474
Test 108, loss: 1.537223, test acc: 0.899919, test avg acc: 0.851052
Train 109, loss: 1.482563, train acc: 0.935261, train avg acc: 0.901445
Test 109, loss: 1.524274, test acc: 0.908833, test avg acc: 0.873721
Train 110, loss: 1.479320, train acc: 0.937500, train avg acc: 0.908230
Test 110, loss: 1.529038, test acc: 0.910454, test avg acc: 0.869523
Train 111, loss: 1.477775, train acc: 0.938111, train avg acc: 0.907374
Test 111, loss: 1.491803, test acc: 0.918963, test avg acc: 0.875831
Train 112, loss: 1.474043, train acc: 0.938111, train avg acc: 0.905878
Test 112, loss: 1.542922, test acc: 0.902350, test avg acc: 0.863744
Train 113, loss: 1.472637, train acc: 0.940656, train avg acc: 0.909862
Test 113, loss: 1.512152, test acc: 0.900729, test avg acc: 0.863669
Train 114, loss: 1.473744, train acc: 0.939638, train avg acc: 0.911196
Test 114, loss: 1.505177, test acc: 0.910049, test avg acc: 0.863378
Train 115, loss: 1.465080, train acc: 0.942691, train avg acc: 0.914524
Test 115, loss: 1.507274, test acc: 0.905997, test avg acc: 0.865512
Train 116, loss: 1.462505, train acc: 0.940757, train avg acc: 0.909772
Test 116, loss: 1.504058, test acc: 0.907618, test avg acc: 0.879006
Train 117, loss: 1.469094, train acc: 0.939434, train avg acc: 0.907276
Test 117, loss: 1.523540, test acc: 0.900324, test avg acc: 0.858634
Train 118, loss: 1.470094, train acc: 0.940248, train avg acc: 0.909826
Test 118, loss: 1.507512, test acc: 0.903160, test avg acc: 0.864965
Train 119, loss: 1.457869, train acc: 0.945236, train avg acc: 0.915815
Test 119, loss: 1.516247, test acc: 0.902350, test avg acc: 0.860581
Train 120, loss: 1.460282, train acc: 0.944524, train avg acc: 0.916216
Test 120, loss: 1.504602, test acc: 0.900324, test avg acc: 0.862436
Train 121, loss: 1.457965, train acc: 0.944727, train avg acc: 0.917693
Test 121, loss: 1.490322, test acc: 0.915721, test avg acc: 0.875006
Train 122, loss: 1.460450, train acc: 0.943709, train avg acc: 0.916875
Test 122, loss: 1.496567, test acc: 0.911669, test avg acc: 0.877244
Train 123, loss: 1.457080, train acc: 0.945338, train avg acc: 0.916798
Test 123, loss: 1.523830, test acc: 0.903160, test avg acc: 0.876895
Train 124, loss: 1.448892, train acc: 0.950835, train avg acc: 0.925640
Test 124, loss: 1.515406, test acc: 0.908833, test avg acc: 0.877622
Train 125, loss: 1.449879, train acc: 0.947781, train avg acc: 0.921681
Test 125, loss: 1.494963, test acc: 0.908833, test avg acc: 0.872715
Train 126, loss: 1.447018, train acc: 0.948901, train avg acc: 0.923244
Test 126, loss: 1.495708, test acc: 0.909643, test avg acc: 0.873134
Train 127, loss: 1.443881, train acc: 0.951649, train avg acc: 0.926120
Test 127, loss: 1.515180, test acc: 0.897893, test avg acc: 0.864401
Train 128, loss: 1.444366, train acc: 0.948697, train avg acc: 0.921585
Test 128, loss: 1.511502, test acc: 0.910049, test avg acc: 0.877680
Train 129, loss: 1.442247, train acc: 0.950529, train avg acc: 0.926037
Test 129, loss: 1.492104, test acc: 0.913695, test avg acc: 0.878331
Train 130, loss: 1.446779, train acc: 0.947068, train avg acc: 0.921576
Test 130, loss: 1.505745, test acc: 0.903160, test avg acc: 0.869855
Train 131, loss: 1.442023, train acc: 0.949817, train avg acc: 0.924130
Test 131, loss: 1.510235, test acc: 0.910454, test avg acc: 0.883785
Train 132, loss: 1.437911, train acc: 0.952362, train avg acc: 0.929656
Test 132, loss: 1.522788, test acc: 0.899109, test avg acc: 0.855791
Train 133, loss: 1.435788, train acc: 0.951853, train avg acc: 0.927749
Test 133, loss: 1.496187, test acc: 0.910049, test avg acc: 0.874994
Train 134, loss: 1.429943, train acc: 0.956230, train avg acc: 0.934293
Test 134, loss: 1.495919, test acc: 0.909643, test avg acc: 0.877785
Train 135, loss: 1.433716, train acc: 0.952667, train avg acc: 0.929717
Test 135, loss: 1.499186, test acc: 0.913695, test avg acc: 0.873709
Train 136, loss: 1.432090, train acc: 0.952972, train avg acc: 0.927724
Test 136, loss: 1.516915, test acc: 0.903160, test avg acc: 0.869587
Train 137, loss: 1.428664, train acc: 0.955517, train avg acc: 0.931378
Test 137, loss: 1.493661, test acc: 0.911669, test avg acc: 0.874663
Train 138, loss: 1.423078, train acc: 0.959385, train avg acc: 0.938458
Test 138, loss: 1.495904, test acc: 0.914911, test avg acc: 0.888826
Train 139, loss: 1.421698, train acc: 0.959487, train avg acc: 0.939871
Test 139, loss: 1.481233, test acc: 0.914506, test avg acc: 0.870453
Train 140, loss: 1.424909, train acc: 0.953888, train avg acc: 0.931672
Test 140, loss: 1.507935, test acc: 0.901540, test avg acc: 0.863215
Train 141, loss: 1.424107, train acc: 0.955314, train avg acc: 0.934059
Test 141, loss: 1.486758, test acc: 0.912480, test avg acc: 0.879884
Train 142, loss: 1.422377, train acc: 0.957248, train avg acc: 0.936190
Test 142, loss: 1.492293, test acc: 0.910049, test avg acc: 0.870122
Train 143, loss: 1.420165, train acc: 0.958367, train avg acc: 0.936100
Test 143, loss: 1.494234, test acc: 0.907212, test avg acc: 0.872994
Train 144, loss: 1.419514, train acc: 0.959589, train avg acc: 0.938491
Test 144, loss: 1.498225, test acc: 0.904781, test avg acc: 0.874047
Train 145, loss: 1.414165, train acc: 0.961014, train avg acc: 0.942724
Test 145, loss: 1.483252, test acc: 0.918963, test avg acc: 0.881041
Train 146, loss: 1.407737, train acc: 0.961828, train avg acc: 0.942130
Test 146, loss: 1.483228, test acc: 0.910049, test avg acc: 0.870587
Train 147, loss: 1.409691, train acc: 0.961523, train avg acc: 0.940749
Test 147, loss: 1.489325, test acc: 0.915316, test avg acc: 0.878593
Train 148, loss: 1.407155, train acc: 0.963864, train avg acc: 0.947612
Test 148, loss: 1.501703, test acc: 0.905186, test avg acc: 0.863913
Train 149, loss: 1.406225, train acc: 0.962439, train avg acc: 0.942637
Test 149, loss: 1.486623, test acc: 0.920178, test avg acc: 0.874913
Train 150, loss: 1.403007, train acc: 0.965798, train avg acc: 0.949220
Test 150, loss: 1.481024, test acc: 0.913695, test avg acc: 0.876547
Train 151, loss: 1.402188, train acc: 0.964780, train avg acc: 0.944853
Test 151, loss: 1.484952, test acc: 0.911669, test avg acc: 0.867959
Train 152, loss: 1.400150, train acc: 0.965696, train avg acc: 0.948447
Test 152, loss: 1.482785, test acc: 0.912480, test avg acc: 0.872669
Train 153, loss: 1.398652, train acc: 0.966612, train avg acc: 0.949813
Test 153, loss: 1.482315, test acc: 0.913290, test avg acc: 0.883343
Train 154, loss: 1.398790, train acc: 0.965187, train avg acc: 0.947732
Test 154, loss: 1.494635, test acc: 0.913695, test avg acc: 0.878250
Train 155, loss: 1.395735, train acc: 0.966816, train avg acc: 0.950231
Test 155, loss: 1.496368, test acc: 0.914506, test avg acc: 0.875988
Train 156, loss: 1.397082, train acc: 0.965289, train avg acc: 0.946275
Test 156, loss: 1.493859, test acc: 0.906807, test avg acc: 0.872587
Train 157, loss: 1.392913, train acc: 0.968139, train avg acc: 0.952148
Test 157, loss: 1.484436, test acc: 0.908428, test avg acc: 0.875262
Train 158, loss: 1.395925, train acc: 0.967732, train avg acc: 0.952159
Test 158, loss: 1.487832, test acc: 0.912075, test avg acc: 0.875250
Train 159, loss: 1.385443, train acc: 0.970989, train avg acc: 0.955665
Test 159, loss: 1.482767, test acc: 0.916937, test avg acc: 0.889413
Train 160, loss: 1.389943, train acc: 0.969055, train avg acc: 0.953248
Test 160, loss: 1.503814, test acc: 0.899919, test avg acc: 0.872547
Train 161, loss: 1.387540, train acc: 0.970786, train avg acc: 0.952870
Test 161, loss: 1.476220, test acc: 0.914911, test avg acc: 0.882797
Train 162, loss: 1.384657, train acc: 0.971091, train avg acc: 0.956430
Test 162, loss: 1.480061, test acc: 0.914100, test avg acc: 0.882297
Train 163, loss: 1.381928, train acc: 0.973432, train avg acc: 0.958719
Test 163, loss: 1.484633, test acc: 0.912480, test avg acc: 0.881419
Train 164, loss: 1.381666, train acc: 0.971397, train avg acc: 0.956167
Test 164, loss: 1.494334, test acc: 0.911669, test avg acc: 0.870145
Train 165, loss: 1.381030, train acc: 0.971702, train avg acc: 0.955514
Test 165, loss: 1.467878, test acc: 0.919368, test avg acc: 0.884000
Train 166, loss: 1.379211, train acc: 0.972007, train avg acc: 0.958772
Test 166, loss: 1.490177, test acc: 0.913290, test avg acc: 0.877390
Train 167, loss: 1.378402, train acc: 0.971804, train avg acc: 0.955583
Test 167, loss: 1.482424, test acc: 0.909643, test avg acc: 0.870209
Train 168, loss: 1.374446, train acc: 0.974756, train avg acc: 0.961299
Test 168, loss: 1.482849, test acc: 0.916126, test avg acc: 0.876000
Train 169, loss: 1.379519, train acc: 0.973738, train avg acc: 0.961743
Test 169, loss: 1.483257, test acc: 0.907212, test avg acc: 0.871081
Train 170, loss: 1.372334, train acc: 0.974857, train avg acc: 0.963110
Test 170, loss: 1.476955, test acc: 0.914506, test avg acc: 0.882041
Train 171, loss: 1.372155, train acc: 0.972720, train avg acc: 0.957988
Test 171, loss: 1.485312, test acc: 0.909643, test avg acc: 0.875256
Train 172, loss: 1.372652, train acc: 0.974552, train avg acc: 0.958922
Test 172, loss: 1.496312, test acc: 0.905592, test avg acc: 0.870674
Train 173, loss: 1.369383, train acc: 0.975977, train avg acc: 0.963424
Test 173, loss: 1.487552, test acc: 0.909238, test avg acc: 0.875297
Train 174, loss: 1.366663, train acc: 0.976283, train avg acc: 0.964769
Test 174, loss: 1.475282, test acc: 0.917342, test avg acc: 0.885163
Train 175, loss: 1.364997, train acc: 0.978013, train avg acc: 0.967189
Test 175, loss: 1.483550, test acc: 0.912075, test avg acc: 0.885756
Train 176, loss: 1.366631, train acc: 0.976283, train avg acc: 0.964086
Test 176, loss: 1.478432, test acc: 0.915721, test avg acc: 0.879634
Train 177, loss: 1.362996, train acc: 0.978318, train avg acc: 0.967137
Test 177, loss: 1.479092, test acc: 0.913695, test avg acc: 0.878203
Train 178, loss: 1.359702, train acc: 0.977402, train avg acc: 0.965428
Test 178, loss: 1.476320, test acc: 0.912480, test avg acc: 0.879087
Train 179, loss: 1.359849, train acc: 0.980354, train avg acc: 0.971446
Test 179, loss: 1.481610, test acc: 0.912480, test avg acc: 0.876628
Train 180, loss: 1.357487, train acc: 0.980049, train avg acc: 0.970721
Test 180, loss: 1.480189, test acc: 0.916126, test avg acc: 0.887500
Train 181, loss: 1.356253, train acc: 0.981474, train avg acc: 0.972875
Test 181, loss: 1.483843, test acc: 0.916937, test avg acc: 0.882413
Train 182, loss: 1.356652, train acc: 0.980151, train avg acc: 0.969353
Test 182, loss: 1.482126, test acc: 0.909238, test avg acc: 0.881959
Train 183, loss: 1.356547, train acc: 0.981474, train avg acc: 0.971457
Test 183, loss: 1.480251, test acc: 0.912480, test avg acc: 0.883372
Train 184, loss: 1.352887, train acc: 0.980456, train avg acc: 0.970511
Test 184, loss: 1.483412, test acc: 0.909643, test avg acc: 0.880785
Train 185, loss: 1.352207, train acc: 0.981881, train avg acc: 0.971697
Test 185, loss: 1.477754, test acc: 0.912480, test avg acc: 0.876331
Train 186, loss: 1.351378, train acc: 0.982085, train avg acc: 0.972638
Test 186, loss: 1.473048, test acc: 0.912480, test avg acc: 0.878331
Train 187, loss: 1.350622, train acc: 0.979438, train avg acc: 0.969692
Test 187, loss: 1.470612, test acc: 0.918152, test avg acc: 0.886628
Train 188, loss: 1.347541, train acc: 0.983103, train avg acc: 0.974020
Test 188, loss: 1.489996, test acc: 0.907618, test avg acc: 0.877087
Train 189, loss: 1.346285, train acc: 0.985240, train avg acc: 0.977725
Test 189, loss: 1.476102, test acc: 0.912075, test avg acc: 0.877872
Train 190, loss: 1.344303, train acc: 0.984731, train avg acc: 0.977521
Test 190, loss: 1.467311, test acc: 0.914911, test avg acc: 0.879041
Train 191, loss: 1.344347, train acc: 0.983815, train avg acc: 0.976297
Test 191, loss: 1.469791, test acc: 0.918963, test avg acc: 0.882250
Train 192, loss: 1.342957, train acc: 0.984324, train avg acc: 0.977446
Test 192, loss: 1.481689, test acc: 0.909643, test avg acc: 0.882587
Train 193, loss: 1.341364, train acc: 0.984426, train avg acc: 0.976903
Test 193, loss: 1.472724, test acc: 0.916126, test avg acc: 0.878500
Train 194, loss: 1.340304, train acc: 0.985546, train avg acc: 0.977277
Test 194, loss: 1.467959, test acc: 0.915721, test avg acc: 0.883209
Train 195, loss: 1.340378, train acc: 0.985138, train avg acc: 0.978242
Test 195, loss: 1.469602, test acc: 0.913290, test avg acc: 0.873587
Train 196, loss: 1.335510, train acc: 0.988599, train avg acc: 0.982903
Test 196, loss: 1.473132, test acc: 0.914506, test avg acc: 0.881087
Train 197, loss: 1.333912, train acc: 0.986564, train avg acc: 0.978570
Test 197, loss: 1.466832, test acc: 0.912480, test avg acc: 0.875250
Train 198, loss: 1.334120, train acc: 0.986564, train avg acc: 0.980952
Test 198, loss: 1.468197, test acc: 0.914506, test avg acc: 0.874581
Train 199, loss: 1.332214, train acc: 0.987480, train avg acc: 0.981130
Test 199, loss: 1.465818, test acc: 0.918963, test avg acc: 0.884047
Train 200, loss: 1.332639, train acc: 0.987989, train avg acc: 0.982078
Test 200, loss: 1.469161, test acc: 0.913695, test avg acc: 0.879163
Train 201, loss: 1.332525, train acc: 0.985647, train avg acc: 0.979456
Test 201, loss: 1.465317, test acc: 0.918558, test avg acc: 0.881203
Train 202, loss: 1.332396, train acc: 0.988498, train avg acc: 0.982144
Test 202, loss: 1.466983, test acc: 0.916937, test avg acc: 0.880163
Train 203, loss: 1.329523, train acc: 0.988294, train avg acc: 0.982582
Test 203, loss: 1.470949, test acc: 0.917342, test avg acc: 0.880913
Train 204, loss: 1.329001, train acc: 0.987683, train avg acc: 0.982323
Test 204, loss: 1.467162, test acc: 0.915721, test avg acc: 0.882541
Train 205, loss: 1.326946, train acc: 0.989414, train avg acc: 0.984282
Test 205, loss: 1.465231, test acc: 0.912885, test avg acc: 0.879756
Train 206, loss: 1.328581, train acc: 0.988498, train avg acc: 0.983751
Test 206, loss: 1.470509, test acc: 0.915721, test avg acc: 0.880459
Train 207, loss: 1.327328, train acc: 0.987989, train avg acc: 0.981525
Test 207, loss: 1.464424, test acc: 0.914911, test avg acc: 0.885041
Train 208, loss: 1.327545, train acc: 0.989312, train avg acc: 0.984444
Test 208, loss: 1.466020, test acc: 0.913290, test avg acc: 0.879703
Train 209, loss: 1.325344, train acc: 0.989108, train avg acc: 0.983508
Test 209, loss: 1.458764, test acc: 0.918963, test avg acc: 0.887500
Train 210, loss: 1.324352, train acc: 0.989617, train avg acc: 0.984845
Test 210, loss: 1.465500, test acc: 0.915721, test avg acc: 0.880169
Train 211, loss: 1.322128, train acc: 0.990839, train avg acc: 0.985642
Test 211, loss: 1.466741, test acc: 0.912885, test avg acc: 0.879872
Train 212, loss: 1.320384, train acc: 0.991348, train avg acc: 0.987255
Test 212, loss: 1.465587, test acc: 0.916126, test avg acc: 0.880913
Train 213, loss: 1.321442, train acc: 0.991144, train avg acc: 0.987322
Test 213, loss: 1.467958, test acc: 0.916126, test avg acc: 0.880831
Train 214, loss: 1.321969, train acc: 0.992060, train avg acc: 0.987706
Test 214, loss: 1.464014, test acc: 0.913695, test avg acc: 0.884919
Train 215, loss: 1.320701, train acc: 0.990737, train avg acc: 0.985633
Test 215, loss: 1.463140, test acc: 0.914100, test avg acc: 0.878419
Train 216, loss: 1.321284, train acc: 0.991653, train avg acc: 0.987235
Test 216, loss: 1.465217, test acc: 0.911669, test avg acc: 0.880081
Train 217, loss: 1.318301, train acc: 0.991450, train avg acc: 0.986545
Test 217, loss: 1.463052, test acc: 0.917342, test avg acc: 0.882500
Train 218, loss: 1.317842, train acc: 0.989617, train avg acc: 0.984249
Test 218, loss: 1.463210, test acc: 0.915316, test avg acc: 0.880919
Train 219, loss: 1.317735, train acc: 0.991551, train avg acc: 0.987223
Test 219, loss: 1.462894, test acc: 0.913695, test avg acc: 0.880250
Train 220, loss: 1.317737, train acc: 0.992671, train avg acc: 0.988189
Test 220, loss: 1.461253, test acc: 0.919368, test avg acc: 0.882831
Train 221, loss: 1.316608, train acc: 0.993282, train avg acc: 0.990250
Test 221, loss: 1.459774, test acc: 0.917747, test avg acc: 0.883750
Train 222, loss: 1.315970, train acc: 0.992162, train avg acc: 0.988616
Test 222, loss: 1.462515, test acc: 0.914506, test avg acc: 0.878913
Train 223, loss: 1.316543, train acc: 0.992162, train avg acc: 0.986940
Test 223, loss: 1.463019, test acc: 0.917342, test avg acc: 0.880703
Train 224, loss: 1.314658, train acc: 0.993078, train avg acc: 0.989721
Test 224, loss: 1.459986, test acc: 0.920178, test avg acc: 0.888413
Train 225, loss: 1.314832, train acc: 0.992671, train avg acc: 0.988854
Test 225, loss: 1.465954, test acc: 0.914100, test avg acc: 0.881622
Train 226, loss: 1.315174, train acc: 0.990941, train avg acc: 0.985867
Test 226, loss: 1.462892, test acc: 0.917747, test avg acc: 0.883035
Train 227, loss: 1.312755, train acc: 0.994707, train avg acc: 0.991456
Test 227, loss: 1.461882, test acc: 0.914506, test avg acc: 0.876872
Train 228, loss: 1.313911, train acc: 0.993180, train avg acc: 0.990114
Test 228, loss: 1.462440, test acc: 0.912480, test avg acc: 0.875250
Train 229, loss: 1.311686, train acc: 0.994198, train avg acc: 0.991932
Test 229, loss: 1.462164, test acc: 0.915721, test avg acc: 0.880622
Train 230, loss: 1.312194, train acc: 0.993791, train avg acc: 0.991059
Test 230, loss: 1.462214, test acc: 0.916126, test avg acc: 0.881831
Train 231, loss: 1.311532, train acc: 0.993791, train avg acc: 0.991067
Test 231, loss: 1.462709, test acc: 0.915316, test avg acc: 0.880291
Train 232, loss: 1.312701, train acc: 0.993994, train avg acc: 0.991185
Test 232, loss: 1.461891, test acc: 0.916126, test avg acc: 0.883541
Train 233, loss: 1.311858, train acc: 0.994503, train avg acc: 0.991836
Test 233, loss: 1.462243, test acc: 0.913695, test avg acc: 0.880041
Train 234, loss: 1.311488, train acc: 0.993689, train avg acc: 0.990708
Test 234, loss: 1.464327, test acc: 0.912885, test avg acc: 0.876669
Train 235, loss: 1.311613, train acc: 0.993791, train avg acc: 0.990808
Test 235, loss: 1.462506, test acc: 0.919368, test avg acc: 0.884622
Train 236, loss: 1.311424, train acc: 0.993893, train avg acc: 0.990876
Test 236, loss: 1.463221, test acc: 0.915721, test avg acc: 0.881500
Train 237, loss: 1.311967, train acc: 0.993791, train avg acc: 0.989834
Test 237, loss: 1.459899, test acc: 0.916532, test avg acc: 0.879791
Train 238, loss: 1.311242, train acc: 0.994096, train avg acc: 0.991721
Test 238, loss: 1.462713, test acc: 0.917342, test avg acc: 0.882169
Train 239, loss: 1.309154, train acc: 0.993893, train avg acc: 0.990241
Test 239, loss: 1.460956, test acc: 0.915316, test avg acc: 0.881041
Train 240, loss: 1.310406, train acc: 0.994198, train avg acc: 0.991844
Test 240, loss: 1.462389, test acc: 0.914911, test avg acc: 0.880750
Train 241, loss: 1.311421, train acc: 0.994198, train avg acc: 0.990927
Test 241, loss: 1.458496, test acc: 0.917342, test avg acc: 0.880331
Train 242, loss: 1.309263, train acc: 0.995216, train avg acc: 0.992445
Test 242, loss: 1.461518, test acc: 0.916937, test avg acc: 0.882372
Train 243, loss: 1.309905, train acc: 0.994707, train avg acc: 0.991818
Test 243, loss: 1.460603, test acc: 0.913290, test avg acc: 0.875831
Train 244, loss: 1.309359, train acc: 0.993689, train avg acc: 0.991017
Test 244, loss: 1.459057, test acc: 0.914506, test avg acc: 0.878709
Train 245, loss: 1.308452, train acc: 0.995012, train avg acc: 0.991648
Test 245, loss: 1.460239, test acc: 0.913695, test avg acc: 0.878291
Train 246, loss: 1.309724, train acc: 0.994096, train avg acc: 0.990558
Test 246, loss: 1.460929, test acc: 0.915316, test avg acc: 0.881291
Train 247, loss: 1.307555, train acc: 0.995216, train avg acc: 0.992866
Test 247, loss: 1.463487, test acc: 0.911669, test avg acc: 0.873750
Train 248, loss: 1.309285, train acc: 0.994503, train avg acc: 0.992269
Test 248, loss: 1.461734, test acc: 0.915721, test avg acc: 0.879581
Train 249, loss: 1.310375, train acc: 0.993587, train avg acc: 0.990486
Test 249, loss: 1.462153, test acc: 0.914911, test avg acc: 0.880872
Namespace(batch_size=32, dataset='modelnet40', dropout=0.5, emb_dims=1024, epochs=250, eval=False, exp_name='ognet_1024', k=20, lr=0.001, model='ognet', model_path='', momentum=0.9, no_cuda=False, num_points=1024, seed=1, test_batch_size=16, use_sgd=True)
Using GPU : 0 from 2 devices
Namespace(batch_size=32, dataset='modelnet40', dropout=0.5, emb_dims=1024, epochs=250, eval=True, exp_name='ognet_1024', k=20, lr=0.001, model='ognet', model_path='', momentum=0.9, no_cuda=False, num_points=1024, seed=1, test_batch_size=16, use_sgd=True)
Using GPU : 0 from 3 devices
Namespace(batch_size=32, dataset='modelnet40', dropout=0.5, emb_dims=1024, epochs=250, eval=True, exp_name='ognet_1024', k=20, lr=0.001, model='ognet', model_path='checkpoints/ognet_1024/models/model.t7', momentum=0.9, no_cuda=False, num_points=1024, seed=1, test_batch_size=16, use_sgd=True)
Using GPU : 0 from 3 devices
Test :: test acc: 0.920178, test avg acc: 0.888413
Namespace(batch_size=32, dataset='modelnet40', dropout=0.5, emb_dims=1024, epochs=250, eval=True, exp_name='ognet_1024', k=20, lr=0.001, model='ognet', model_path='checkpoints/ognet_1024/models/model.t7', momentum=0.9, no_cuda=False, num_points=1024, seed=1, test_batch_size=16, use_sgd=True)
Using GPU : 0 from 3 devices
Namespace(batch_size=32, dataset='modelnet40', dropout=0.5, emb_dims=1024, epochs=250, eval=True, exp_name='ognet_1024', k=20, lr=0.001, model='ognet', model_path='checkpoints/dgcnn_1024/models/model.t7', momentum=0.9, no_cuda=False, num_points=1024, seed=1, test_batch_size=16, use_sgd=True)
Using GPU : 0 from 3 devices
