Namespace(batch_size=32, dataset='modelnet40', dropout=0.7, emb_dims=1024, epochs=250, eval=False, exp_name='ognet_1024_small_d0.7', k=20, lr=0.001, model='ognet-small', model_path='', momentum=0.9, no_cuda=False, num_points=1024, seed=1, test_batch_size=16, use_sgd=True)
Using GPU : 0 from 1 devices
Namespace(batch_size=32, dataset='modelnet40', dropout=0.7, emb_dims=1024, epochs=250, eval=False, exp_name='ognet_1024_small_d0.7', k=20, lr=0.001, model='ognet-small', model_path='', momentum=0.9, no_cuda=False, num_points=1024, seed=1, test_batch_size=16, use_sgd=True)
Using GPU : 0 from 1 devices
Train 0, loss: 7.769481, train acc: 0.071254, train avg acc: 0.036997
Test 0, loss: 8.829289, test acc: 0.006078, test avg acc: 0.006750
Train 1, loss: 8.929954, train acc: 0.055985, train avg acc: 0.029108
Test 1, loss: 3.970682, test acc: 0.085494, test avg acc: 0.052750
Train 2, loss: 11.502961, train acc: 0.048249, train avg acc: 0.028897
Test 2, loss: 4.809710, test acc: 0.040519, test avg acc: 0.025000
Train 3, loss: 20.061879, train acc: 0.043160, train avg acc: 0.027479
Test 3, loss: 8.558117, test acc: 0.040519, test avg acc: 0.025000
Train 4, loss: 35.499756, train acc: 0.044686, train avg acc: 0.032246
Test 4, loss: 9.454309, test acc: 0.039708, test avg acc: 0.024500
Train 5, loss: 30.496827, train acc: 0.041022, train avg acc: 0.028073
Test 5, loss: 10.075481, test acc: 0.020665, test avg acc: 0.024500
Train 6, loss: 28.205678, train acc: 0.039597, train avg acc: 0.026533
Test 6, loss: 12.614080, test acc: 0.040519, test avg acc: 0.025000
Train 7, loss: 50.747582, train acc: 0.037459, train avg acc: 0.025070
Test 7, loss: 22.091572, test acc: 0.040519, test avg acc: 0.025000
Train 8, loss: 71.134971, train acc: 0.041327, train avg acc: 0.028393
Test 8, loss: 21.820175, test acc: 0.036872, test avg acc: 0.022750
Train 9, loss: 84.358128, train acc: 0.045603, train avg acc: 0.030495
Test 9, loss: 30.437521, test acc: 0.040519, test avg acc: 0.025000
Train 10, loss: 49.943976, train acc: 0.045603, train avg acc: 0.030557
Test 10, loss: 14.057655, test acc: 0.051459, test avg acc: 0.031750
Train 11, loss: 28.155067, train acc: 0.047842, train avg acc: 0.034088
Test 11, loss: 17.535790, test acc: 0.061183, test avg acc: 0.037750
Train 12, loss: 20.494639, train acc: 0.051608, train avg acc: 0.031839
Test 12, loss: 7.145882, test acc: 0.080632, test avg acc: 0.049750
Train 13, loss: 15.413342, train acc: 0.043465, train avg acc: 0.025729
Test 13, loss: 11.811279, test acc: 0.043355, test avg acc: 0.029750
Train 14, loss: 14.138416, train acc: 0.050794, train avg acc: 0.029376
Test 14, loss: 20.262648, test acc: 0.060778, test avg acc: 0.038000
Train 15, loss: 11.846449, train acc: 0.066775, train avg acc: 0.037330
Test 15, loss: 7.155438, test acc: 0.077391, test avg acc: 0.047750
Train 16, loss: 9.968153, train acc: 0.067284, train avg acc: 0.036083
Test 16, loss: 8.235825, test acc: 0.072934, test avg acc: 0.045000
Train 17, loss: 8.986463, train acc: 0.072883, train avg acc: 0.039014
Test 17, loss: 5.706484, test acc: 0.070097, test avg acc: 0.043250
Train 18, loss: 8.665293, train acc: 0.071967, train avg acc: 0.036476
Test 18, loss: 4.899214, test acc: 0.043355, test avg acc: 0.026750
Train 19, loss: 7.482711, train acc: 0.076344, train avg acc: 0.038447
Test 19, loss: 4.945814, test acc: 0.080227, test avg acc: 0.049500
Train 20, loss: 5.915769, train acc: 0.097923, train avg acc: 0.048834
Test 20, loss: 4.515814, test acc: 0.118720, test avg acc: 0.073250
Train 21, loss: 5.538780, train acc: 0.113498, train avg acc: 0.053562
Test 21, loss: 4.056267, test acc: 0.118720, test avg acc: 0.073250
Train 22, loss: 4.993418, train acc: 0.129581, train avg acc: 0.059687
Test 22, loss: 4.279880, test acc: 0.144246, test avg acc: 0.089000
Train 23, loss: 4.594021, train acc: 0.146682, train avg acc: 0.065771
Test 23, loss: 3.733622, test acc: 0.139789, test avg acc: 0.086250
Train 24, loss: 3.997652, train acc: 0.184650, train avg acc: 0.084063
Test 24, loss: 3.470488, test acc: 0.213938, test avg acc: 0.144000
Train 25, loss: 3.640421, train acc: 0.204397, train avg acc: 0.092692
Test 25, loss: 3.222546, test acc: 0.280794, test avg acc: 0.187250
Train 26, loss: 3.313509, train acc: 0.241348, train avg acc: 0.114279
Test 26, loss: 3.123361, test acc: 0.225284, test avg acc: 0.146081
Train 27, loss: 3.115552, train acc: 0.281555, train avg acc: 0.137817
Test 27, loss: 2.872281, test acc: 0.363452, test avg acc: 0.237250
Train 28, loss: 3.009914, train acc: 0.325529, train avg acc: 0.167922
Test 28, loss: 2.781217, test acc: 0.380065, test avg acc: 0.259703
Train 29, loss: 2.932970, train acc: 0.343139, train avg acc: 0.182620
Test 29, loss: 2.785074, test acc: 0.367099, test avg acc: 0.273907
Train 30, loss: 2.876441, train acc: 0.374186, train avg acc: 0.210989
Test 30, loss: 2.769543, test acc: 0.400729, test avg acc: 0.280453
Train 31, loss: 2.835268, train acc: 0.381515, train avg acc: 0.215507
Test 31, loss: 2.718518, test acc: 0.424635, test avg acc: 0.320140
Train 32, loss: 2.769486, train acc: 0.405537, train avg acc: 0.238629
Test 32, loss: 2.706430, test acc: 0.441653, test avg acc: 0.311640
Train 33, loss: 2.737739, train acc: 0.420908, train avg acc: 0.253960
Test 33, loss: 2.590396, test acc: 0.481767, test avg acc: 0.339279
Train 34, loss: 2.699769, train acc: 0.433530, train avg acc: 0.266946
Test 34, loss: 2.510541, test acc: 0.498379, test avg acc: 0.399965
Train 35, loss: 2.671592, train acc: 0.449919, train avg acc: 0.280603
Test 35, loss: 2.489588, test acc: 0.506078, test avg acc: 0.399669
Train 36, loss: 2.627167, train acc: 0.458774, train avg acc: 0.291516
Test 36, loss: 2.446483, test acc: 0.488250, test avg acc: 0.367198
Train 37, loss: 2.597789, train acc: 0.477809, train avg acc: 0.314458
Test 37, loss: 2.341801, test acc: 0.561588, test avg acc: 0.432645
Train 38, loss: 2.598255, train acc: 0.480049, train avg acc: 0.317852
Test 38, loss: 2.384411, test acc: 0.542950, test avg acc: 0.429924
Train 39, loss: 2.581454, train acc: 0.485037, train avg acc: 0.318418
Test 39, loss: 2.397649, test acc: 0.533225, test avg acc: 0.411703
Train 40, loss: 2.543896, train acc: 0.500407, train avg acc: 0.335599
Test 40, loss: 2.376668, test acc: 0.516207, test avg acc: 0.376622
Train 41, loss: 2.529258, train acc: 0.501934, train avg acc: 0.341754
Test 41, loss: 2.288816, test acc: 0.587520, test avg acc: 0.461355
Train 42, loss: 2.508188, train acc: 0.514251, train avg acc: 0.347512
Test 42, loss: 2.317760, test acc: 0.563209, test avg acc: 0.427994
Train 43, loss: 2.486171, train acc: 0.518526, train avg acc: 0.357321
Test 43, loss: 2.322551, test acc: 0.560373, test avg acc: 0.452802
Train 44, loss: 2.481504, train acc: 0.523005, train avg acc: 0.365663
Test 44, loss: 2.205710, test acc: 0.616694, test avg acc: 0.462488
Train 45, loss: 2.467491, train acc: 0.529927, train avg acc: 0.365005
Test 45, loss: 2.276402, test acc: 0.575770, test avg acc: 0.459733
Train 46, loss: 2.445152, train acc: 0.534100, train avg acc: 0.375666
Test 46, loss: 2.255626, test acc: 0.577796, test avg acc: 0.453767
Train 47, loss: 2.412051, train acc: 0.556393, train avg acc: 0.399626
Test 47, loss: 2.240410, test acc: 0.607374, test avg acc: 0.514413
Train 48, loss: 2.391928, train acc: 0.565452, train avg acc: 0.406166
Test 48, loss: 2.201614, test acc: 0.608590, test avg acc: 0.514244
Train 49, loss: 2.372997, train acc: 0.568913, train avg acc: 0.409107
Test 49, loss: 2.086258, test acc: 0.679092, test avg acc: 0.544576
Train 50, loss: 2.350031, train acc: 0.575835, train avg acc: 0.422275
Test 50, loss: 2.120914, test acc: 0.652755, test avg acc: 0.505657
Train 51, loss: 2.341361, train acc: 0.583164, train avg acc: 0.426002
Test 51, loss: 2.165765, test acc: 0.651945, test avg acc: 0.533773
Train 52, loss: 2.307120, train acc: 0.595786, train avg acc: 0.441695
Test 52, loss: 2.044150, test acc: 0.707455, test avg acc: 0.587285
Train 53, loss: 2.304428, train acc: 0.600265, train avg acc: 0.448158
Test 53, loss: 2.252748, test acc: 0.602917, test avg acc: 0.495831
Train 54, loss: 2.285533, train acc: 0.606067, train avg acc: 0.453640
Test 54, loss: 2.108433, test acc: 0.660454, test avg acc: 0.583884
Train 55, loss: 2.264433, train acc: 0.619605, train avg acc: 0.467083
Test 55, loss: 2.093139, test acc: 0.677472, test avg acc: 0.556291
Train 56, loss: 2.233985, train acc: 0.625814, train avg acc: 0.479563
Test 56, loss: 2.076992, test acc: 0.689222, test avg acc: 0.612366
Train 57, loss: 2.217740, train acc: 0.639149, train avg acc: 0.491390
Test 57, loss: 2.135692, test acc: 0.691248, test avg acc: 0.619453
Train 58, loss: 2.204509, train acc: 0.641796, train avg acc: 0.489364
Test 58, loss: 2.006433, test acc: 0.717585, test avg acc: 0.618209
Train 59, loss: 2.175366, train acc: 0.656046, train avg acc: 0.513658
Test 59, loss: 2.023233, test acc: 0.684765, test avg acc: 0.575988
Train 60, loss: 2.170600, train acc: 0.654112, train avg acc: 0.509766
Test 60, loss: 2.064420, test acc: 0.677877, test avg acc: 0.610651
Train 61, loss: 2.157243, train acc: 0.656657, train avg acc: 0.513377
Test 61, loss: 1.964971, test acc: 0.737034, test avg acc: 0.675692
Train 62, loss: 2.132064, train acc: 0.669483, train avg acc: 0.527247
Test 62, loss: 2.050409, test acc: 0.686386, test avg acc: 0.598140
Train 63, loss: 2.123203, train acc: 0.672740, train avg acc: 0.532103
Test 63, loss: 1.917585, test acc: 0.751216, test avg acc: 0.648128
Train 64, loss: 2.112898, train acc: 0.680069, train avg acc: 0.540915
Test 64, loss: 1.946101, test acc: 0.728120, test avg acc: 0.654250
Train 65, loss: 2.101984, train acc: 0.685871, train avg acc: 0.545715
Test 65, loss: 1.937110, test acc: 0.752836, test avg acc: 0.667093
Train 66, loss: 2.085016, train acc: 0.691470, train avg acc: 0.553500
Test 66, loss: 1.929748, test acc: 0.755673, test avg acc: 0.664640
Train 67, loss: 2.080864, train acc: 0.693404, train avg acc: 0.557647
Test 67, loss: 1.976813, test acc: 0.723258, test avg acc: 0.671262
Train 68, loss: 2.063450, train acc: 0.698799, train avg acc: 0.563289
Test 68, loss: 1.903842, test acc: 0.761345, test avg acc: 0.642448
Train 69, loss: 2.056660, train acc: 0.705721, train avg acc: 0.579478
Test 69, loss: 1.983034, test acc: 0.742301, test avg acc: 0.654174
Train 70, loss: 2.037512, train acc: 0.709487, train avg acc: 0.573440
Test 70, loss: 1.939112, test acc: 0.733387, test avg acc: 0.639715
Train 71, loss: 2.035838, train acc: 0.713762, train avg acc: 0.586965
Test 71, loss: 1.906136, test acc: 0.759724, test avg acc: 0.666465
Train 72, loss: 2.029501, train acc: 0.717020, train avg acc: 0.587426
Test 72, loss: 1.856607, test acc: 0.775527, test avg acc: 0.676895
Train 73, loss: 2.032464, train acc: 0.711217, train avg acc: 0.578608
Test 73, loss: 1.887801, test acc: 0.770665, test avg acc: 0.679738
Train 74, loss: 2.015746, train acc: 0.720989, train avg acc: 0.597823
Test 74, loss: 1.868326, test acc: 0.781605, test avg acc: 0.677029
Train 75, loss: 2.002504, train acc: 0.724349, train avg acc: 0.595241
Test 75, loss: 1.854506, test acc: 0.777958, test avg acc: 0.714413
Train 76, loss: 1.993089, train acc: 0.731779, train avg acc: 0.607483
Test 76, loss: 1.890352, test acc: 0.776742, test avg acc: 0.700151
Train 77, loss: 1.990380, train acc: 0.729133, train avg acc: 0.604078
Test 77, loss: 1.824002, test acc: 0.797407, test avg acc: 0.709297
Train 78, loss: 1.968457, train acc: 0.743180, train avg acc: 0.621838
Test 78, loss: 1.801928, test acc: 0.805916, test avg acc: 0.717959
Train 79, loss: 1.968669, train acc: 0.740839, train avg acc: 0.623196
Test 79, loss: 1.879145, test acc: 0.778363, test avg acc: 0.701506
Train 80, loss: 1.963337, train acc: 0.741246, train avg acc: 0.622243
Test 80, loss: 1.870037, test acc: 0.782415, test avg acc: 0.707157
Train 81, loss: 1.953449, train acc: 0.746030, train avg acc: 0.625223
Test 81, loss: 1.841279, test acc: 0.773501, test avg acc: 0.711413
Train 82, loss: 1.949818, train acc: 0.745725, train avg acc: 0.633389
Test 82, loss: 1.836828, test acc: 0.787682, test avg acc: 0.729541
Train 83, loss: 1.938149, train acc: 0.755395, train avg acc: 0.644296
Test 83, loss: 1.891926, test acc: 0.773501, test avg acc: 0.691872
Train 84, loss: 1.937435, train acc: 0.753461, train avg acc: 0.641595
Test 84, loss: 1.808177, test acc: 0.810778, test avg acc: 0.718076
Train 85, loss: 1.929721, train acc: 0.758143, train avg acc: 0.645002
Test 85, loss: 1.849604, test acc: 0.778363, test avg acc: 0.706651
Train 86, loss: 1.927953, train acc: 0.757227, train avg acc: 0.644806
Test 86, loss: 1.870555, test acc: 0.768639, test avg acc: 0.718233
Train 87, loss: 1.908994, train acc: 0.767610, train avg acc: 0.655447
Test 87, loss: 1.823804, test acc: 0.786467, test avg acc: 0.715488
Train 88, loss: 1.916907, train acc: 0.767203, train avg acc: 0.661025
Test 88, loss: 1.796086, test acc: 0.803485, test avg acc: 0.707698
Train 89, loss: 1.892538, train acc: 0.771783, train avg acc: 0.665158
Test 89, loss: 1.799719, test acc: 0.801459, test avg acc: 0.735628
Train 90, loss: 1.889567, train acc: 0.775143, train avg acc: 0.669858
Test 90, loss: 1.788811, test acc: 0.805511, test avg acc: 0.723000
Train 91, loss: 1.892893, train acc: 0.770562, train avg acc: 0.661621
Test 91, loss: 1.798569, test acc: 0.803079, test avg acc: 0.738610
Train 92, loss: 1.888385, train acc: 0.776873, train avg acc: 0.668306
Test 92, loss: 1.772417, test acc: 0.811994, test avg acc: 0.720698
Train 93, loss: 1.869118, train acc: 0.782675, train avg acc: 0.675982
Test 93, loss: 1.766680, test acc: 0.807942, test avg acc: 0.740093
Train 94, loss: 1.876561, train acc: 0.775550, train avg acc: 0.670860
Test 94, loss: 1.767468, test acc: 0.812804, test avg acc: 0.743738
Train 95, loss: 1.868760, train acc: 0.782268, train avg acc: 0.679756
Test 95, loss: 1.769504, test acc: 0.820908, test avg acc: 0.746843
Train 96, loss: 1.862158, train acc: 0.788477, train avg acc: 0.687962
Test 96, loss: 1.762785, test acc: 0.825770, test avg acc: 0.740738
Train 97, loss: 1.847520, train acc: 0.792040, train avg acc: 0.692915
Test 97, loss: 1.752515, test acc: 0.811183, test avg acc: 0.742279
Train 98, loss: 1.844078, train acc: 0.790004, train avg acc: 0.697176
Test 98, loss: 1.790715, test acc: 0.808347, test avg acc: 0.739651
Train 99, loss: 1.845019, train acc: 0.791226, train avg acc: 0.687645
Test 99, loss: 1.761883, test acc: 0.833063, test avg acc: 0.771721
Train 100, loss: 1.836151, train acc: 0.794992, train avg acc: 0.698748
Test 100, loss: 1.753988, test acc: 0.829011, test avg acc: 0.757401
Train 101, loss: 1.831803, train acc: 0.798962, train avg acc: 0.700346
Test 101, loss: 1.754629, test acc: 0.818476, test avg acc: 0.742634
Train 102, loss: 1.824626, train acc: 0.800998, train avg acc: 0.704468
Test 102, loss: 1.727243, test acc: 0.840762, test avg acc: 0.775302
Train 103, loss: 1.813020, train acc: 0.809039, train avg acc: 0.717650
Test 103, loss: 1.736967, test acc: 0.826580, test avg acc: 0.776128
Train 104, loss: 1.811996, train acc: 0.801405, train avg acc: 0.705819
Test 104, loss: 1.732777, test acc: 0.836710, test avg acc: 0.760541
Train 105, loss: 1.817060, train acc: 0.806291, train avg acc: 0.712860
Test 105, loss: 1.747449, test acc: 0.820097, test avg acc: 0.755715
Train 106, loss: 1.807659, train acc: 0.811075, train avg acc: 0.720530
Test 106, loss: 1.705349, test acc: 0.848865, test avg acc: 0.767436
Train 107, loss: 1.800729, train acc: 0.813518, train avg acc: 0.721592
Test 107, loss: 1.743773, test acc: 0.831037, test avg acc: 0.740680
Train 108, loss: 1.793347, train acc: 0.813314, train avg acc: 0.721615
Test 108, loss: 1.726742, test acc: 0.831442, test avg acc: 0.764337
Train 109, loss: 1.784168, train acc: 0.818404, train avg acc: 0.727803
Test 109, loss: 1.698331, test acc: 0.855348, test avg acc: 0.788198
Train 110, loss: 1.785661, train acc: 0.812296, train avg acc: 0.721455
Test 110, loss: 1.726022, test acc: 0.834684, test avg acc: 0.784395
Train 111, loss: 1.775778, train acc: 0.826853, train avg acc: 0.745743
Test 111, loss: 1.703172, test acc: 0.849676, test avg acc: 0.783616
Train 112, loss: 1.772528, train acc: 0.823901, train avg acc: 0.735573
Test 112, loss: 1.712876, test acc: 0.830227, test avg acc: 0.788715
Train 113, loss: 1.769291, train acc: 0.820643, train avg acc: 0.734805
Test 113, loss: 1.709020, test acc: 0.855754, test avg acc: 0.772808
Train 114, loss: 1.765118, train acc: 0.830212, train avg acc: 0.741907
Test 114, loss: 1.707434, test acc: 0.856969, test avg acc: 0.801151
Train 115, loss: 1.758290, train acc: 0.830415, train avg acc: 0.743264
Test 115, loss: 1.690028, test acc: 0.852107, test avg acc: 0.790645
Train 116, loss: 1.754117, train acc: 0.828583, train avg acc: 0.745838
Test 116, loss: 1.680439, test acc: 0.849676, test avg acc: 0.789581
Train 117, loss: 1.742814, train acc: 0.834487, train avg acc: 0.750156
Test 117, loss: 1.684949, test acc: 0.856564, test avg acc: 0.796983
Train 118, loss: 1.748583, train acc: 0.831942, train avg acc: 0.748397
Test 118, loss: 1.686257, test acc: 0.842788, test avg acc: 0.778267
Train 119, loss: 1.738802, train acc: 0.834589, train avg acc: 0.753815
Test 119, loss: 1.665516, test acc: 0.865883, test avg acc: 0.821407
Train 120, loss: 1.734882, train acc: 0.836421, train avg acc: 0.756679
Test 120, loss: 1.689654, test acc: 0.842788, test avg acc: 0.769552
Train 121, loss: 1.732504, train acc: 0.837643, train avg acc: 0.760594
Test 121, loss: 1.690172, test acc: 0.848460, test avg acc: 0.788744
Train 122, loss: 1.729085, train acc: 0.841612, train avg acc: 0.762606
Test 122, loss: 1.655109, test acc: 0.865478, test avg acc: 0.805686
Train 123, loss: 1.719463, train acc: 0.842630, train avg acc: 0.766453
Test 123, loss: 1.649652, test acc: 0.861831, test avg acc: 0.805988
Train 124, loss: 1.716098, train acc: 0.844259, train avg acc: 0.766102
Test 124, loss: 1.657008, test acc: 0.860616, test avg acc: 0.809064
Train 125, loss: 1.713638, train acc: 0.846295, train avg acc: 0.772769
Test 125, loss: 1.666339, test acc: 0.858185, test avg acc: 0.794727
Train 126, loss: 1.716625, train acc: 0.844055, train avg acc: 0.769015
Test 126, loss: 1.657342, test acc: 0.865073, test avg acc: 0.799610
Train 127, loss: 1.705658, train acc: 0.849450, train avg acc: 0.776837
Test 127, loss: 1.664211, test acc: 0.856969, test avg acc: 0.808262
Train 128, loss: 1.703478, train acc: 0.849654, train avg acc: 0.776427
Test 128, loss: 1.671480, test acc: 0.850891, test avg acc: 0.795267
Train 129, loss: 1.702969, train acc: 0.850977, train avg acc: 0.778664
Test 129, loss: 1.642980, test acc: 0.861831, test avg acc: 0.807203
Train 130, loss: 1.695160, train acc: 0.853318, train avg acc: 0.780066
Test 130, loss: 1.650724, test acc: 0.868720, test avg acc: 0.809355
Train 131, loss: 1.692035, train acc: 0.855049, train avg acc: 0.784070
Test 131, loss: 1.639335, test acc: 0.869935, test avg acc: 0.812477
Train 132, loss: 1.691104, train acc: 0.853929, train avg acc: 0.782898
Test 132, loss: 1.644167, test acc: 0.874797, test avg acc: 0.820186
Train 133, loss: 1.687309, train acc: 0.857492, train avg acc: 0.786039
Test 133, loss: 1.632170, test acc: 0.876418, test avg acc: 0.829767
Train 134, loss: 1.677912, train acc: 0.857695, train avg acc: 0.787099
Test 134, loss: 1.625654, test acc: 0.870340, test avg acc: 0.804686
Train 135, loss: 1.673828, train acc: 0.861869, train avg acc: 0.792463
Test 135, loss: 1.639217, test acc: 0.862237, test avg acc: 0.800343
Train 136, loss: 1.675755, train acc: 0.860851, train avg acc: 0.791556
Test 136, loss: 1.631700, test acc: 0.873582, test avg acc: 0.811610
Train 137, loss: 1.677885, train acc: 0.861462, train avg acc: 0.793030
Test 137, loss: 1.654276, test acc: 0.852917, test avg acc: 0.800820
Train 138, loss: 1.666406, train acc: 0.864821, train avg acc: 0.798639
Test 138, loss: 1.629670, test acc: 0.870340, test avg acc: 0.815651
Train 139, loss: 1.669697, train acc: 0.864210, train avg acc: 0.797912
Test 139, loss: 1.626294, test acc: 0.872366, test avg acc: 0.810058
Train 140, loss: 1.664825, train acc: 0.865533, train avg acc: 0.798341
Test 140, loss: 1.622922, test acc: 0.878849, test avg acc: 0.833308
Train 141, loss: 1.660708, train acc: 0.871539, train avg acc: 0.810998
Test 141, loss: 1.609230, test acc: 0.873987, test avg acc: 0.802756
Train 142, loss: 1.654659, train acc: 0.873168, train avg acc: 0.810859
Test 142, loss: 1.618381, test acc: 0.878849, test avg acc: 0.821640
Train 143, loss: 1.648119, train acc: 0.870114, train avg acc: 0.804690
Test 143, loss: 1.616033, test acc: 0.873177, test avg acc: 0.823483
Train 144, loss: 1.647938, train acc: 0.871844, train avg acc: 0.808548
Test 144, loss: 1.615885, test acc: 0.862237, test avg acc: 0.820320
Train 145, loss: 1.652610, train acc: 0.870318, train avg acc: 0.804835
Test 145, loss: 1.618069, test acc: 0.873582, test avg acc: 0.829134
Train 146, loss: 1.649893, train acc: 0.870318, train avg acc: 0.808060
Test 146, loss: 1.597025, test acc: 0.886953, test avg acc: 0.832878
Train 147, loss: 1.635245, train acc: 0.877545, train avg acc: 0.816494
Test 147, loss: 1.602177, test acc: 0.880065, test avg acc: 0.831140
Train 148, loss: 1.638837, train acc: 0.872659, train avg acc: 0.810983
Test 148, loss: 1.599668, test acc: 0.881686, test avg acc: 0.819634
Train 149, loss: 1.633437, train acc: 0.877545, train avg acc: 0.816929
Test 149, loss: 1.594234, test acc: 0.883306, test avg acc: 0.833343
Train 150, loss: 1.633552, train acc: 0.877443, train avg acc: 0.813909
Test 150, loss: 1.623107, test acc: 0.870746, test avg acc: 0.815093
Train 151, loss: 1.632479, train acc: 0.875713, train avg acc: 0.814555
Test 151, loss: 1.618023, test acc: 0.871151, test avg acc: 0.826907
Train 152, loss: 1.628507, train acc: 0.878461, train avg acc: 0.817213
Test 152, loss: 1.590038, test acc: 0.876418, test avg acc: 0.828145
Train 153, loss: 1.618885, train acc: 0.882125, train avg acc: 0.821882
Test 153, loss: 1.609921, test acc: 0.872366, test avg acc: 0.825971
Train 154, loss: 1.615579, train acc: 0.885077, train avg acc: 0.825515
Test 154, loss: 1.604902, test acc: 0.877634, test avg acc: 0.825140
Train 155, loss: 1.616985, train acc: 0.880395, train avg acc: 0.819809
Test 155, loss: 1.591593, test acc: 0.886953, test avg acc: 0.835855
Train 156, loss: 1.616122, train acc: 0.884263, train avg acc: 0.824953
Test 156, loss: 1.605352, test acc: 0.875608, test avg acc: 0.832326
Train 157, loss: 1.618033, train acc: 0.879682, train avg acc: 0.819059
Test 157, loss: 1.590310, test acc: 0.878039, test avg acc: 0.828215
Train 158, loss: 1.610785, train acc: 0.885790, train avg acc: 0.830633
Test 158, loss: 1.605486, test acc: 0.871961, test avg acc: 0.837901
Train 159, loss: 1.606462, train acc: 0.887928, train avg acc: 0.835809
Test 159, loss: 1.573081, test acc: 0.888169, test avg acc: 0.838965
Train 160, loss: 1.603368, train acc: 0.889353, train avg acc: 0.833517
Test 160, loss: 1.579850, test acc: 0.887763, test avg acc: 0.836669
Train 161, loss: 1.601529, train acc: 0.888844, train avg acc: 0.830123
Test 161, loss: 1.594944, test acc: 0.875608, test avg acc: 0.837366
Train 162, loss: 1.598924, train acc: 0.888436, train avg acc: 0.834613
Test 162, loss: 1.572234, test acc: 0.891410, test avg acc: 0.844471
Train 163, loss: 1.595881, train acc: 0.891388, train avg acc: 0.835640
Test 163, loss: 1.578185, test acc: 0.884117, test avg acc: 0.828436
Train 164, loss: 1.594350, train acc: 0.892305, train avg acc: 0.835276
Test 164, loss: 1.570344, test acc: 0.888979, test avg acc: 0.827099
Train 165, loss: 1.595885, train acc: 0.891083, train avg acc: 0.835713
Test 165, loss: 1.578647, test acc: 0.887763, test avg acc: 0.842442
Train 166, loss: 1.585331, train acc: 0.896376, train avg acc: 0.844253
Test 166, loss: 1.567389, test acc: 0.891410, test avg acc: 0.838308
Train 167, loss: 1.588441, train acc: 0.893526, train avg acc: 0.839369
Test 167, loss: 1.558801, test acc: 0.892626, test avg acc: 0.839471
Train 168, loss: 1.579736, train acc: 0.900346, train avg acc: 0.849770
Test 168, loss: 1.563138, test acc: 0.887763, test avg acc: 0.837843
Train 169, loss: 1.581018, train acc: 0.897394, train avg acc: 0.840459
Test 169, loss: 1.577830, test acc: 0.886548, test avg acc: 0.839093
Train 170, loss: 1.576850, train acc: 0.898717, train avg acc: 0.850197
Test 170, loss: 1.568142, test acc: 0.888169, test avg acc: 0.854302
Train 171, loss: 1.576564, train acc: 0.898921, train avg acc: 0.848367
Test 171, loss: 1.560598, test acc: 0.895867, test avg acc: 0.845965
Train 172, loss: 1.572291, train acc: 0.898514, train avg acc: 0.846948
Test 172, loss: 1.558418, test acc: 0.892626, test avg acc: 0.844930
Train 173, loss: 1.573644, train acc: 0.896682, train avg acc: 0.843536
Test 173, loss: 1.570519, test acc: 0.888169, test avg acc: 0.838733
Train 174, loss: 1.574506, train acc: 0.900143, train avg acc: 0.849477
Test 174, loss: 1.550637, test acc: 0.901135, test avg acc: 0.856512
Train 175, loss: 1.561856, train acc: 0.904418, train avg acc: 0.854113
Test 175, loss: 1.561647, test acc: 0.888979, test avg acc: 0.848715
Train 176, loss: 1.567205, train acc: 0.901364, train avg acc: 0.853218
Test 176, loss: 1.557823, test acc: 0.896272, test avg acc: 0.847087
Train 177, loss: 1.561525, train acc: 0.900855, train avg acc: 0.850112
Test 177, loss: 1.562324, test acc: 0.897488, test avg acc: 0.850715
Train 178, loss: 1.561290, train acc: 0.902077, train avg acc: 0.852784
Test 178, loss: 1.557665, test acc: 0.891005, test avg acc: 0.836593
Train 179, loss: 1.563183, train acc: 0.906046, train avg acc: 0.857707
Test 179, loss: 1.552360, test acc: 0.893841, test avg acc: 0.850500
Train 180, loss: 1.554894, train acc: 0.908184, train avg acc: 0.861688
Test 180, loss: 1.549789, test acc: 0.890194, test avg acc: 0.839384
Train 181, loss: 1.556372, train acc: 0.904520, train avg acc: 0.854027
Test 181, loss: 1.558877, test acc: 0.892626, test avg acc: 0.849012
Train 182, loss: 1.552852, train acc: 0.909202, train avg acc: 0.862379
Test 182, loss: 1.555380, test acc: 0.897083, test avg acc: 0.854302
Train 183, loss: 1.546917, train acc: 0.910118, train avg acc: 0.864092
Test 183, loss: 1.552346, test acc: 0.895867, test avg acc: 0.851924
Train 184, loss: 1.547252, train acc: 0.906759, train avg acc: 0.858249
Test 184, loss: 1.536451, test acc: 0.903566, test avg acc: 0.848791
Train 185, loss: 1.541922, train acc: 0.912256, train avg acc: 0.865578
Test 185, loss: 1.544093, test acc: 0.897083, test avg acc: 0.853337
Train 186, loss: 1.542850, train acc: 0.906657, train avg acc: 0.855800
Test 186, loss: 1.550227, test acc: 0.893436, test avg acc: 0.846302
Train 187, loss: 1.542923, train acc: 0.909914, train avg acc: 0.862902
Test 187, loss: 1.549928, test acc: 0.893436, test avg acc: 0.847459
Train 188, loss: 1.541947, train acc: 0.909406, train avg acc: 0.865948
Test 188, loss: 1.543724, test acc: 0.893031, test avg acc: 0.849977
Train 189, loss: 1.535326, train acc: 0.911034, train avg acc: 0.864482
Test 189, loss: 1.536927, test acc: 0.897893, test avg acc: 0.855674
Train 190, loss: 1.534357, train acc: 0.915513, train avg acc: 0.873963
Test 190, loss: 1.546253, test acc: 0.896272, test avg acc: 0.850930
Train 191, loss: 1.527400, train acc: 0.917040, train avg acc: 0.876044
Test 191, loss: 1.546563, test acc: 0.893031, test avg acc: 0.840314
Train 192, loss: 1.529135, train acc: 0.916124, train avg acc: 0.874352
Test 192, loss: 1.538716, test acc: 0.900324, test avg acc: 0.857424
Train 193, loss: 1.530359, train acc: 0.915411, train avg acc: 0.871893
Test 193, loss: 1.535916, test acc: 0.904376, test avg acc: 0.862012
Train 194, loss: 1.526542, train acc: 0.916022, train avg acc: 0.871561
Test 194, loss: 1.544403, test acc: 0.894652, test avg acc: 0.857936
Train 195, loss: 1.526916, train acc: 0.914699, train avg acc: 0.869311
Test 195, loss: 1.546265, test acc: 0.893436, test avg acc: 0.845890
Train 196, loss: 1.524593, train acc: 0.915920, train avg acc: 0.871946
Test 196, loss: 1.538597, test acc: 0.901540, test avg acc: 0.857140
Train 197, loss: 1.524461, train acc: 0.916226, train avg acc: 0.873456
Test 197, loss: 1.544014, test acc: 0.892626, test avg acc: 0.847512
Train 198, loss: 1.519574, train acc: 0.917243, train avg acc: 0.873586
Test 198, loss: 1.534599, test acc: 0.898298, test avg acc: 0.854924
Train 199, loss: 1.514499, train acc: 0.922537, train avg acc: 0.880178
Test 199, loss: 1.532267, test acc: 0.898703, test avg acc: 0.852797
Train 200, loss: 1.519991, train acc: 0.918465, train avg acc: 0.875631
Test 200, loss: 1.532703, test acc: 0.905186, test avg acc: 0.862215
Train 201, loss: 1.514028, train acc: 0.919585, train avg acc: 0.879140
Test 201, loss: 1.532229, test acc: 0.903160, test avg acc: 0.863221
Train 202, loss: 1.513262, train acc: 0.924878, train avg acc: 0.887877
Test 202, loss: 1.526036, test acc: 0.898298, test avg acc: 0.854134
Train 203, loss: 1.510027, train acc: 0.924572, train avg acc: 0.885272
Test 203, loss: 1.527222, test acc: 0.898298, test avg acc: 0.846174
Train 204, loss: 1.506450, train acc: 0.924064, train avg acc: 0.882979
Test 204, loss: 1.529464, test acc: 0.899514, test avg acc: 0.859215
Train 205, loss: 1.507126, train acc: 0.926608, train avg acc: 0.888142
Test 205, loss: 1.521778, test acc: 0.902350, test avg acc: 0.861547
Train 206, loss: 1.503087, train acc: 0.925183, train avg acc: 0.885671
Test 206, loss: 1.534238, test acc: 0.897488, test avg acc: 0.858721
Train 207, loss: 1.507475, train acc: 0.923453, train avg acc: 0.887611
Test 207, loss: 1.526442, test acc: 0.902755, test avg acc: 0.865343
Train 208, loss: 1.500372, train acc: 0.924776, train avg acc: 0.886800
Test 208, loss: 1.530935, test acc: 0.895057, test avg acc: 0.855849
Train 209, loss: 1.503803, train acc: 0.927830, train avg acc: 0.890911
Test 209, loss: 1.536088, test acc: 0.890600, test avg acc: 0.852802
Train 210, loss: 1.495025, train acc: 0.927830, train avg acc: 0.891080
Test 210, loss: 1.510402, test acc: 0.903971, test avg acc: 0.862802
Train 211, loss: 1.497299, train acc: 0.930476, train avg acc: 0.895981
Test 211, loss: 1.518633, test acc: 0.903566, test avg acc: 0.861924
Train 212, loss: 1.497796, train acc: 0.927117, train avg acc: 0.889576
Test 212, loss: 1.519290, test acc: 0.902350, test avg acc: 0.867087
Train 213, loss: 1.494492, train acc: 0.932105, train avg acc: 0.896018
Test 213, loss: 1.517725, test acc: 0.901540, test avg acc: 0.859215
Train 214, loss: 1.492740, train acc: 0.929967, train avg acc: 0.895062
Test 214, loss: 1.519255, test acc: 0.899514, test avg acc: 0.855924
Train 215, loss: 1.494630, train acc: 0.928339, train avg acc: 0.889578
Test 215, loss: 1.517928, test acc: 0.902350, test avg acc: 0.867262
Train 216, loss: 1.491655, train acc: 0.929764, train avg acc: 0.892175
Test 216, loss: 1.518971, test acc: 0.904376, test avg acc: 0.866756
Train 217, loss: 1.491116, train acc: 0.929967, train avg acc: 0.892810
Test 217, loss: 1.519365, test acc: 0.905186, test avg acc: 0.862587
Train 218, loss: 1.484963, train acc: 0.933327, train avg acc: 0.898572
Test 218, loss: 1.514739, test acc: 0.905592, test avg acc: 0.864756
Train 219, loss: 1.486218, train acc: 0.933021, train avg acc: 0.898677
Test 219, loss: 1.509630, test acc: 0.902755, test avg acc: 0.858215
Train 220, loss: 1.483550, train acc: 0.933937, train avg acc: 0.897588
Test 220, loss: 1.512222, test acc: 0.905186, test avg acc: 0.866680
Train 221, loss: 1.483868, train acc: 0.932818, train avg acc: 0.901022
Test 221, loss: 1.520605, test acc: 0.900324, test avg acc: 0.862674
Train 222, loss: 1.483321, train acc: 0.933734, train avg acc: 0.898529
Test 222, loss: 1.509233, test acc: 0.908023, test avg acc: 0.867465
Train 223, loss: 1.479241, train acc: 0.936075, train avg acc: 0.901913
Test 223, loss: 1.515730, test acc: 0.900729, test avg acc: 0.865593
Train 224, loss: 1.481023, train acc: 0.933734, train avg acc: 0.898865
Test 224, loss: 1.519586, test acc: 0.900324, test avg acc: 0.865512
Train 225, loss: 1.480262, train acc: 0.932716, train avg acc: 0.897977
Test 225, loss: 1.509046, test acc: 0.905592, test avg acc: 0.866093
Train 226, loss: 1.482534, train acc: 0.932919, train avg acc: 0.898137
Test 226, loss: 1.511703, test acc: 0.905186, test avg acc: 0.869221
Train 227, loss: 1.476851, train acc: 0.935871, train avg acc: 0.901168
Test 227, loss: 1.509948, test acc: 0.903566, test avg acc: 0.866430
Train 228, loss: 1.476892, train acc: 0.936075, train avg acc: 0.902176
Test 228, loss: 1.509840, test acc: 0.903160, test avg acc: 0.861337
Train 229, loss: 1.477884, train acc: 0.935464, train avg acc: 0.900963
Test 229, loss: 1.507725, test acc: 0.906402, test avg acc: 0.871593
Train 230, loss: 1.478670, train acc: 0.935973, train avg acc: 0.901214
Test 230, loss: 1.508190, test acc: 0.905592, test avg acc: 0.867012
Train 231, loss: 1.470698, train acc: 0.939739, train avg acc: 0.909879
Test 231, loss: 1.509151, test acc: 0.905186, test avg acc: 0.871593
Train 232, loss: 1.479113, train acc: 0.934344, train avg acc: 0.898982
Test 232, loss: 1.507667, test acc: 0.903971, test avg acc: 0.869756
Train 233, loss: 1.469737, train acc: 0.937093, train avg acc: 0.905994
Test 233, loss: 1.514568, test acc: 0.906402, test avg acc: 0.875343
Train 234, loss: 1.470042, train acc: 0.936787, train avg acc: 0.902192
Test 234, loss: 1.509604, test acc: 0.906402, test avg acc: 0.872506
Train 235, loss: 1.473648, train acc: 0.938416, train avg acc: 0.906440
Test 235, loss: 1.507493, test acc: 0.905186, test avg acc: 0.866756
Train 236, loss: 1.472009, train acc: 0.937500, train avg acc: 0.904780
Test 236, loss: 1.507280, test acc: 0.904781, test avg acc: 0.872302
Train 237, loss: 1.476182, train acc: 0.936380, train avg acc: 0.903066
Test 237, loss: 1.509129, test acc: 0.902755, test avg acc: 0.869180
Train 238, loss: 1.469579, train acc: 0.940147, train avg acc: 0.907270
Test 238, loss: 1.510757, test acc: 0.905592, test avg acc: 0.872052
Train 239, loss: 1.464253, train acc: 0.938620, train avg acc: 0.906540
Test 239, loss: 1.505943, test acc: 0.906402, test avg acc: 0.867756
Train 240, loss: 1.469084, train acc: 0.938416, train avg acc: 0.908760
Test 240, loss: 1.507093, test acc: 0.908428, test avg acc: 0.871634
Train 241, loss: 1.469002, train acc: 0.938213, train avg acc: 0.906040
Test 241, loss: 1.506172, test acc: 0.905592, test avg acc: 0.870471
Train 242, loss: 1.471248, train acc: 0.940961, train avg acc: 0.911297
Test 242, loss: 1.505909, test acc: 0.908833, test avg acc: 0.873797
Train 243, loss: 1.470524, train acc: 0.937704, train avg acc: 0.906811
Test 243, loss: 1.505723, test acc: 0.907212, test avg acc: 0.870384
Train 244, loss: 1.468569, train acc: 0.939638, train avg acc: 0.905412
Test 244, loss: 1.511060, test acc: 0.905997, test avg acc: 0.873052
Train 245, loss: 1.470462, train acc: 0.941775, train avg acc: 0.910557
Test 245, loss: 1.507204, test acc: 0.905997, test avg acc: 0.870256
Train 246, loss: 1.467504, train acc: 0.940248, train avg acc: 0.911577
Test 246, loss: 1.511006, test acc: 0.903160, test avg acc: 0.867302
Train 247, loss: 1.465610, train acc: 0.939434, train avg acc: 0.910075
Test 247, loss: 1.507985, test acc: 0.905186, test avg acc: 0.869634
Train 248, loss: 1.467415, train acc: 0.940147, train avg acc: 0.909049
Test 248, loss: 1.506347, test acc: 0.907212, test avg acc: 0.871965
Train 249, loss: 1.463836, train acc: 0.940859, train avg acc: 0.914414
Test 249, loss: 1.508628, test acc: 0.905592, test avg acc: 0.870843
Namespace(batch_size=32, dataset='modelnet40', dropout=0.7, emb_dims=1024, epochs=250, eval=True, exp_name='ognet_1024_small_d0.7', k=20, lr=0.001, model='ognet-small', model_path='', momentum=0.9, no_cuda=False, num_points=1024, seed=1, test_batch_size=16, use_sgd=True)
Using GPU : 0 from 3 devices
Namespace(batch_size=32, dataset='modelnet40', dropout=0.5, emb_dims=1024, epochs=250, eval=True, exp_name='ognet_1024_small_d0.7', k=20, lr=0.001, model='ognet-small', model_path='', momentum=0.9, no_cuda=False, num_points=1024, seed=1, test_batch_size=16, use_sgd=True)
Using GPU : 0 from 3 devices
