Namespace(batch_size=32, dataset='modelnet40', dropout=0.5, emb_dims=1024, epochs=250, eval=True, exp_name='exp', k=20, lr=0.001, model='ognet', model_path='checkpoints/ognet_1024/models/model.t7', momentum=0.9, no_cuda=False, num_points=1024, seed=1, test_batch_size=16, use_sgd=True)
Using GPU : 0 from 3 devices
Namespace(batch_size=32, dataset='modelnet40', dropout=0.5, emb_dims=1024, epochs=250, eval=True, exp_name='exp', k=20, lr=0.001, model='ognet', model_path='checkpoints/ognet_1024/models/model.t7', momentum=0.9, no_cuda=False, num_points=1024, seed=1, test_batch_size=16, use_sgd=True)
Using GPU : 0 from 3 devices
Namespace(batch_size=32, dataset='modelnet40', dropout=0.5, emb_dims=1024, epochs=250, eval=True, exp_name='exp', k=20, lr=0.001, model='ognet', model_path='checkpoints/ognet_1024/models/model.t7', momentum=0.9, no_cuda=False, num_points=1024, seed=1, test_batch_size=16, use_sgd=True)
Using GPU : 0 from 3 devices
Test :: test acc: 0.920178, test avg acc: 0.888413
Namespace(batch_size=32, dataset='modelnet40', dropout=0.5, emb_dims=1024, epochs=250, eval=True, exp_name='exp', k=20, lr=0.001, model='ognet', model_path='checkpoints/ognet_1024/models/model.t7', momentum=0.9, no_cuda=False, num_points=1024, seed=1, test_batch_size=16, use_sgd=True)
Using GPU : 0 from 3 devices
Namespace(batch_size=32, dataset='modelnet40', dropout=0.5, emb_dims=1024, epochs=250, eval=True, exp_name='exp', k=20, lr=0.001, model='ognet', model_path='checkpoints/ognet_1024/models/model.t7', momentum=0.9, no_cuda=False, num_points=1024, seed=1, test_batch_size=16, use_sgd=True)
Using GPU : 0 from 3 devices
Namespace(batch_size=32, dataset='modelnet40', dropout=0.5, emb_dims=1024, epochs=250, eval=True, exp_name='exp', k=20, lr=0.001, model='ognet', model_path='checkpoints/ognet_1024/models/model.t7', momentum=0.9, no_cuda=False, num_points=1024, seed=1, test_batch_size=16, use_sgd=True)
Using GPU : 0 from 3 devices
Namespace(batch_size=32, dataset='modelnet40', dropout=0.5, emb_dims=1024, epochs=250, eval=True, exp_name='exp', k=20, lr=0.001, model='ognet', model_path='checkpoints/ognet_1024/models/model.t7', momentum=0.9, no_cuda=False, num_points=1024, seed=1, test_batch_size=16, use_sgd=True)
Using GPU : 0 from 3 devices
Namespace(batch_size=32, dataset='modelnet40', dropout=0.5, emb_dims=1024, epochs=250, eval=True, exp_name='exp', k=20, lr=0.001, model='ognet', model_path='checkpoints/ognet_1024/models/model.t7', momentum=0.9, no_cuda=False, num_points=1024, seed=1, test_batch_size=16, use_sgd=True)
Using GPU : 0 from 3 devices
Namespace(batch_size=32, dataset='modelnet40', dropout=0.5, emb_dims=1024, epochs=250, eval=True, exp_name='exp', k=20, lr=0.001, model='ognet', model_path='checkpoints/ognet_1024/models/model.t7', momentum=0.9, no_cuda=False, num_points=1024, seed=1, test_batch_size=16, use_sgd=True)
Using GPU : 0 from 3 devices
Namespace(batch_size=32, dataset='modelnet40', dropout=0.5, emb_dims=1024, epochs=250, eval=True, exp_name='exp', k=20, lr=0.001, model='ognet', model_path='checkpoints/ognet_1024/models/model.t7', momentum=0.9, no_cuda=False, num_points=1024, seed=1, test_batch_size=16, use_sgd=True)
Using GPU : 0 from 3 devices
Namespace(batch_size=32, dataset='modelnet40', dropout=0.5, emb_dims=1024, epochs=250, eval=True, exp_name='exp', k=20, lr=0.001, model='ognet', model_path='checkpoints/ognet_1024/models/model.t7', momentum=0.9, no_cuda=False, num_points=1024, seed=1, test_batch_size=16, use_sgd=True)
Using GPU : 0 from 3 devices
Test :: test acc: 0.920178, test avg acc: 0.888413
Namespace(batch_size=32, dataset='modelnet40', dropout=0.5, emb_dims=1024, epochs=250, eval=True, exp_name='exp', k=20, lr=0.001, model='ognet', model_path='checkpoints/ognet_1024/models/model.t7', momentum=0.9, no_cuda=False, num_points=1024, seed=1, test_batch_size=16, use_sgd=True)
Using GPU : 0 from 3 devices
Namespace(batch_size=32, dataset='modelnet40', dropout=0.5, emb_dims=1024, epochs=250, eval=True, exp_name='exp', k=20, lr=0.001, model='ognet', model_path='checkpoints/ognet_1024/models/model.t7', momentum=0.9, no_cuda=False, num_points=1024, seed=1, test_batch_size=16, use_sgd=True)
Using GPU : 0 from 3 devices
Namespace(batch_size=32, dataset='modelnet40', dropout=0.5, emb_dims=1024, epochs=250, eval=True, exp_name='exp', k=20, lr=0.001, model='ognet', model_path='checkpoints/ognet_1024/models/model.t7', momentum=0.9, no_cuda=False, num_points=1024, seed=1, test_batch_size=16, use_sgd=True)
Using GPU : 0 from 3 devices
Namespace(batch_size=32, dataset='modelnet40', dropout=0.5, emb_dims=1024, epochs=250, eval=True, exp_name='exp', k=20, lr=0.001, model='ognet', model_path='checkpoints/ognet_1024/models/model.t7', momentum=0.9, no_cuda=False, num_points=1024, seed=1, test_batch_size=16, use_sgd=True)
Using GPU : 0 from 3 devices
Namespace(batch_size=32, dataset='modelnet40', dropout=0.5, emb_dims=1024, epochs=250, eval=True, exp_name='exp', k=20, lr=0.001, model='ognet', model_path='checkpoints/ognet_1024/models/model.t7', momentum=0.9, no_cuda=False, num_points=1024, seed=1, test_batch_size=16, use_sgd=True)
Using GPU : 0 from 3 devices
Namespace(batch_size=32, dataset='modelnet40', dropout=0.5, emb_dims=1024, epochs=250, eval=True, exp_name='exp', k=20, lr=0.001, model='ognet', model_path='checkpoints/ognet_1024/models/model.t7', momentum=0.9, no_cuda=False, num_points=1024, seed=1, test_batch_size=16, use_sgd=True)
Using GPU : 0 from 3 devices
Namespace(batch_size=32, dataset='modelnet40', dropout=0.5, emb_dims=1024, epochs=250, eval=True, exp_name='exp', k=20, lr=0.001, model='ognet', model_path='checkpoints/ognet_1024/models/model.t7', momentum=0.9, no_cuda=False, num_points=1024, seed=1, test_batch_size=16, use_sgd=True)
Using GPU : 0 from 3 devices
Namespace(batch_size=32, dataset='modelnet40', dropout=0.5, emb_dims=1024, epochs=250, eval=True, exp_name='exp', k=20, lr=0.001, model='ognet', model_path='checkpoints/ognet_1024/models/model.t7', momentum=0.9, no_cuda=False, num_points=1024, seed=1, test_batch_size=16, use_sgd=True)
Using GPU : 0 from 3 devices
Namespace(batch_size=32, dataset='modelnet40', dropout=0.5, emb_dims=1024, epochs=250, eval=True, exp_name='exp', k=20, lr=0.001, model='ognet', model_path='checkpoints/ognet_1024/models/model.t7', momentum=0.9, no_cuda=False, num_points=1024, seed=1, test_batch_size=16, use_sgd=True)
Using GPU : 0 from 3 devices
Namespace(batch_size=32, dataset='modelnet40', dropout=0.5, emb_dims=1024, epochs=250, eval=True, exp_name='exp', k=20, lr=0.001, model='ognet', model_path='checkpoints/ognet_1024/models/model.t7', momentum=0.9, no_cuda=False, num_points=1024, seed=1, test_batch_size=16, use_sgd=True)
Using GPU : 0 from 3 devices
Namespace(batch_size=32, dataset='modelnet40', dropout=0.5, emb_dims=1024, epochs=250, eval=True, exp_name='exp', k=20, lr=0.001, model='ognet', model_path='checkpoints/ognet_1024/models/model.t7', momentum=0.9, no_cuda=False, num_points=2048, seed=1, test_batch_size=16, use_sgd=True)
Using GPU : 0 from 3 devices
Namespace(batch_size=32, dataset='modelnet40', dropout=0.5, emb_dims=1024, epochs=250, eval=True, exp_name='exp', k=20, lr=0.001, model='ognet', model_path='checkpoints/ognet_1024/models/model.t7', momentum=0.9, no_cuda=False, num_points=2048, seed=1, test_batch_size=16, use_sgd=True)
Using GPU : 0 from 3 devices
Test :: test acc: 0.918152, test avg acc: 0.878076
Namespace(batch_size=32, dataset='modelnet40', dropout=0.5, emb_dims=1024, epochs=250, eval=True, exp_name='exp', k=20, lr=0.001, model='ognet', model_path='checkpoints/ognet_1024/models/model.t7', momentum=0.9, no_cuda=False, num_points=2048, seed=1, test_batch_size=16, use_sgd=True)
Using GPU : 0 from 3 devices
Namespace(batch_size=32, dataset='modelnet40', dropout=0.5, emb_dims=1024, epochs=250, eval=True, exp_name='exp', k=20, lr=0.001, model='ognet', model_path='checkpoints/ognet_1024/models/model.t7', momentum=0.9, no_cuda=False, num_points=2048, seed=1, test_batch_size=16, use_sgd=True)
Using GPU : 0 from 3 devices
Namespace(batch_size=32, dataset='modelnet40', dropout=0.5, emb_dims=1024, epochs=250, eval=True, exp_name='exp', k=20, lr=0.001, model='ognet', model_path='checkpoints/ognet_1024/models/model.t7', momentum=0.9, no_cuda=False, num_points=2048, seed=1, test_batch_size=16, use_sgd=True)
Using GPU : 0 from 3 devices
Namespace(batch_size=32, dataset='modelnet40', dropout=0.5, emb_dims=1024, epochs=250, eval=True, exp_name='exp', k=20, lr=0.001, model='ognet', model_path='checkpoints/ognet_1024/models/model.t7', momentum=0.9, no_cuda=False, num_points=2048, seed=1, test_batch_size=16, use_sgd=True)
Using GPU : 0 from 3 devices
Namespace(batch_size=32, dataset='modelnet40', dropout=0.5, emb_dims=1024, epochs=250, eval=True, exp_name='exp', k=20, lr=0.001, model='ognet', model_path='checkpoints/ognet_1024/models/model.t7', momentum=0.9, no_cuda=False, num_points=2048, seed=1, test_batch_size=16, use_sgd=True)
Using GPU : 0 from 3 devices
Namespace(batch_size=32, dataset='modelnet40', dropout=0.5, emb_dims=1024, epochs=250, eval=True, exp_name='exp', k=20, lr=0.001, model='ognet', model_path='checkpoints/ognet_1024/models/model.t7', momentum=0.9, no_cuda=False, num_points=2048, seed=1, test_batch_size=16, use_sgd=True)
Using GPU : 0 from 3 devices
Namespace(batch_size=32, dataset='modelnet40', dropout=0.5, emb_dims=1024, epochs=250, eval=True, exp_name='exp', k=20, lr=0.001, model='ognet', model_path='checkpoints/ognet_1024/models/model.t7', momentum=0.9, no_cuda=False, num_points=2048, seed=1, test_batch_size=16, use_sgd=True)
Using GPU : 0 from 3 devices
Namespace(batch_size=32, dataset='modelnet40', dropout=0.5, emb_dims=1024, epochs=250, eval=True, exp_name='exp', k=20, lr=0.001, model='ognet', model_path='checkpoints/ognet_1024/models/model.t7', momentum=0.9, no_cuda=False, num_points=1024, seed=1, test_batch_size=16, use_sgd=True)
Using GPU : 0 from 3 devices
Namespace(batch_size=32, dataset='modelnet40', dropout=0.5, emb_dims=1024, epochs=250, eval=True, exp_name='exp', k=20, lr=0.001, model='ognet', model_path='checkpoints/ognet_1024/models/model.t7', momentum=0.9, no_cuda=False, num_points=1024, seed=1, test_batch_size=16, use_sgd=True)
Using GPU : 0 from 3 devices
Namespace(batch_size=32, dataset='modelnet40', dropout=0.5, emb_dims=1024, epochs=250, eval=True, exp_name='exp', k=20, lr=0.001, model='ognet', model_path='checkpoints/ognet_1024/models/model.t7', momentum=0.9, no_cuda=False, num_points=1024, seed=1, test_batch_size=16, use_sgd=True)
Using GPU : 0 from 3 devices
Namespace(batch_size=32, dataset='modelnet40', dropout=0.5, emb_dims=1024, epochs=250, eval=True, exp_name='exp', k=20, lr=0.001, model='ognet', model_path='checkpoints/ognet_1024/models/model.t7', momentum=0.9, no_cuda=False, num_points=1024, seed=1, test_batch_size=16, use_sgd=True)
Using GPU : 0 from 3 devices
Namespace(batch_size=32, dataset='modelnet40', dropout=0.5, emb_dims=1024, epochs=250, eval=True, exp_name='exp', k=20, lr=0.001, model='ognet', model_path='checkpoints/ognet_1024/models/model.t7', momentum=0.9, no_cuda=False, num_points=1024, seed=1, test_batch_size=16, use_sgd=True)
Using GPU : 0 from 3 devices
Namespace(batch_size=32, dataset='modelnet40', dropout=0.5, emb_dims=1024, epochs=250, eval=True, exp_name='exp', k=20, lr=0.001, model='ognet', model_path='checkpoints/ognet_1024/models/model.t7', momentum=0.9, no_cuda=False, num_points=1024, seed=1, test_batch_size=16, use_sgd=True)
Using GPU : 0 from 3 devices
Namespace(batch_size=32, dataset='modelnet40', dropout=0.5, emb_dims=1024, epochs=250, eval=True, exp_name='exp', k=20, lr=0.001, model='ognet', model_path='checkpoints/ognet_1024/models/model.t7', momentum=0.9, no_cuda=False, num_points=1024, seed=1, test_batch_size=16, use_sgd=True)
Using GPU : 0 from 3 devices
Namespace(batch_size=32, dataset='modelnet40', dropout=0.5, emb_dims=1024, epochs=250, eval=True, exp_name='exp', k=20, lr=0.001, model='ognet', model_path='checkpoints/ognet_1024/models/model.t7', momentum=0.9, no_cuda=False, num_points=1024, seed=1, test_batch_size=16, use_sgd=True)
Using GPU : 0 from 3 devices
Namespace(batch_size=32, dataset='modelnet40', dropout=0.5, emb_dims=1024, epochs=250, eval=True, exp_name='exp', k=20, lr=0.001, model='ognet', model_path='checkpoints/ognet_1024/models/model.t7', momentum=0.9, no_cuda=False, num_points=1024, seed=1, test_batch_size=16, use_sgd=True)
Using GPU : 0 from 3 devices
Namespace(batch_size=32, dataset='modelnet40', dropout=0.5, emb_dims=1024, epochs=250, eval=True, exp_name='exp', k=20, lr=0.001, model='ognet', model_path='checkpoints/ognet_1024/models/model.t7', momentum=0.9, no_cuda=False, num_points=1024, seed=1, test_batch_size=16, use_sgd=True)
Using GPU : 0 from 3 devices
Namespace(batch_size=32, dataset='modelnet40', dropout=0.5, emb_dims=1024, epochs=250, eval=True, exp_name='exp', k=20, lr=0.001, model='ognet', model_path='checkpoints/ognet_1024/models/model.t7', momentum=0.9, no_cuda=False, num_points=1024, seed=1, test_batch_size=16, use_sgd=True)
Using GPU : 0 from 3 devices
Namespace(batch_size=32, dataset='modelnet40', dropout=0.5, emb_dims=1024, epochs=250, eval=True, exp_name='exp', k=20, lr=0.001, model='ognet', model_path='checkpoints/ognet_1024/models/model.t7', momentum=0.9, no_cuda=False, num_points=1024, seed=1, test_batch_size=16, use_sgd=True)
Using GPU : 0 from 3 devices
Namespace(batch_size=32, dataset='modelnet40', dropout=0.5, emb_dims=1024, epochs=250, eval=True, exp_name='exp', k=20, lr=0.001, model='ognet', model_path='checkpoints/ognet_1024/models/model.t7', momentum=0.9, no_cuda=False, num_points=1024, seed=1, test_batch_size=16, use_sgd=True)
Using GPU : 0 from 3 devices
Namespace(batch_size=32, dataset='modelnet40', dropout=0.5, emb_dims=1024, epochs=250, eval=True, exp_name='exp', k=20, lr=0.001, model='ognet', model_path='checkpoints/ognet_1024/models/model.t7', momentum=0.9, no_cuda=False, num_points=1024, seed=1, test_batch_size=16, use_sgd=True)
Using GPU : 0 from 3 devices
Namespace(batch_size=32, dataset='modelnet40', dropout=0.5, emb_dims=1024, epochs=250, eval=True, exp_name='exp', k=20, lr=0.001, model='ognet', model_path='checkpoints/ognet_1024/models/model.t7', momentum=0.9, no_cuda=False, num_points=1024, seed=1, test_batch_size=16, use_sgd=True)
Using GPU : 0 from 3 devices
Namespace(batch_size=32, dataset='modelnet40', dropout=0.5, emb_dims=1024, epochs=250, eval=True, exp_name='exp', k=20, lr=0.001, model='ognet', model_path='checkpoints/ognet_1024/models/model.t7', momentum=0.9, no_cuda=False, num_points=1024, seed=1, test_batch_size=16, use_sgd=True)
Using GPU : 0 from 3 devices
Test :: test acc: 0.920178, test avg acc: 0.888413
Namespace(batch_size=32, dataset='modelnet40', dropout=0.5, emb_dims=1024, epochs=250, eval=True, exp_name='exp', k=20, lr=0.001, model='ognet-small', model_path='checkpoints/ognet_1024_small_d0.7/models/model.t7', momentum=0.9, no_cuda=False, num_points=1024, seed=1, test_batch_size=16, use_sgd=True)
Using GPU : 0 from 3 devices
Test :: test acc: 0.908833, test avg acc: 0.873797
Namespace(batch_size=32, dataset='modelnet40', dropout=0.5, emb_dims=1024, epochs=250, eval=True, exp_name='exp', k=20, lr=0.001, model='ognet-small', model_path='checkpoints/ognet_1024_small_d0.5/models/model.t7', momentum=0.9, no_cuda=False, num_points=1024, seed=1, test_batch_size=16, use_sgd=True)
Using GPU : 0 from 3 devices
Test :: test acc: 0.922609, test avg acc: 0.881035
Namespace(batch_size=32, dataset='modelnet40', dropout=0.5, emb_dims=1024, epochs=250, eval=True, exp_name='exp', k=20, lr=0.001, model='ognet', model_path='checkpoints/ognet_1024/models/model.t7', momentum=0.9, no_cuda=False, num_points=1024, seed=1, test_batch_size=16, use_sgd=True)
Using GPU : 0 from 3 devices
Test :: test acc: 0.920178, test avg acc: 0.888413
Namespace(batch_size=32, dataset='modelnet40', dropout=0.5, emb_dims=1024, epochs=250, eval=True, exp_name='exp', k=20, lr=0.001, model='dgcnn', model_path='checkpoints/dgcnn_1024/models/model.t7', momentum=0.9, no_cuda=False, num_points=1024, seed=1, test_batch_size=16, use_sgd=True)
Using GPU : 0 from 3 devices
Test :: test acc: 0.928282, test avg acc: 0.894238
