Namespace(batch_size=32, dataset='modelnet40', dropout=0.5, emb_dims=1024, epochs=250, eval=False, exp_name='pointnet_d0.5', k=20, lr=0.001, model='pointnet', model_path='', momentum=0.9, no_cuda=False, num_points=1024, seed=1, test_batch_size=16, use_sgd=True)
Using GPU : 0 from 3 devices
Namespace(batch_size=32, dataset='modelnet40', dropout=0.5, emb_dims=1024, epochs=250, eval=False, exp_name='pointnet_d0.5', k=20, lr=0.001, model='pointnet', model_path='', momentum=0.9, no_cuda=False, num_points=1024, seed=1, test_batch_size=16, use_sgd=True)
Using GPU : 0 from 1 devices
Train 0, loss: 3.050590, train acc: 0.401669, train avg acc: 0.240316
Test 0, loss: 2.280944, test acc: 0.537277, test avg acc: 0.426686
Train 1, loss: 2.358294, train acc: 0.569015, train avg acc: 0.400813
Test 1, loss: 2.053428, test acc: 0.662480, test avg acc: 0.527000
Train 2, loss: 2.255083, train acc: 0.605456, train avg acc: 0.442285
Test 2, loss: 2.060641, test acc: 0.677066, test avg acc: 0.551552
Train 3, loss: 2.189600, train acc: 0.636197, train avg acc: 0.483351
Test 3, loss: 2.037893, test acc: 0.678282, test avg acc: 0.531581
Train 4, loss: 2.143762, train acc: 0.653196, train avg acc: 0.499429
Test 4, loss: 1.914291, test acc: 0.722042, test avg acc: 0.584145
Train 5, loss: 2.120600, train acc: 0.658388, train avg acc: 0.506010
Test 5, loss: 1.966630, test acc: 0.702188, test avg acc: 0.610651
Train 6, loss: 2.104364, train acc: 0.665717, train avg acc: 0.513500
Test 6, loss: 1.875831, test acc: 0.769449, test avg acc: 0.650360
Train 7, loss: 2.080561, train acc: 0.679560, train avg acc: 0.536821
Test 7, loss: 1.863706, test acc: 0.764992, test avg acc: 0.676320
Train 8, loss: 2.064836, train acc: 0.686075, train avg acc: 0.540500
Test 8, loss: 1.848963, test acc: 0.784036, test avg acc: 0.695692
Train 9, loss: 2.050052, train acc: 0.691979, train avg acc: 0.549605
Test 9, loss: 1.908545, test acc: 0.724068, test avg acc: 0.636837
Train 10, loss: 2.050361, train acc: 0.688823, train avg acc: 0.549869
Test 10, loss: 1.881728, test acc: 0.752026, test avg acc: 0.651669
Train 11, loss: 2.031059, train acc: 0.699511, train avg acc: 0.559108
Test 11, loss: 1.819618, test acc: 0.775527, test avg acc: 0.680198
Train 12, loss: 2.030918, train acc: 0.700428, train avg acc: 0.564371
Test 12, loss: 1.848134, test acc: 0.756888, test avg acc: 0.658302
Train 13, loss: 2.006923, train acc: 0.708062, train avg acc: 0.570684
Test 13, loss: 1.860391, test acc: 0.767828, test avg acc: 0.668721
Train 14, loss: 2.016525, train acc: 0.703787, train avg acc: 0.565859
Test 14, loss: 1.863869, test acc: 0.773501, test avg acc: 0.653965
Train 15, loss: 2.003013, train acc: 0.715493, train avg acc: 0.579646
Test 15, loss: 1.829658, test acc: 0.777553, test avg acc: 0.683657
Train 16, loss: 1.994926, train acc: 0.713355, train avg acc: 0.575788
Test 16, loss: 1.909496, test acc: 0.767828, test avg acc: 0.688901
Train 17, loss: 1.990438, train acc: 0.723840, train avg acc: 0.591599
Test 17, loss: 1.876099, test acc: 0.754457, test avg acc: 0.687715
Train 18, loss: 1.990112, train acc: 0.718037, train avg acc: 0.585857
Test 18, loss: 1.798338, test acc: 0.790924, test avg acc: 0.701645
Train 19, loss: 1.982171, train acc: 0.724145, train avg acc: 0.596293
Test 19, loss: 1.816410, test acc: 0.789708, test avg acc: 0.701779
Train 20, loss: 1.973298, train acc: 0.726893, train avg acc: 0.595897
Test 20, loss: 1.785290, test acc: 0.796596, test avg acc: 0.698488
Train 21, loss: 1.972951, train acc: 0.724043, train avg acc: 0.591390
Test 21, loss: 1.767357, test acc: 0.794165, test avg acc: 0.698384
Train 22, loss: 1.967152, train acc: 0.730049, train avg acc: 0.596360
Test 22, loss: 1.789646, test acc: 0.792139, test avg acc: 0.707203
Train 23, loss: 1.960300, train acc: 0.728827, train avg acc: 0.599135
Test 23, loss: 1.817821, test acc: 0.772285, test avg acc: 0.691698
Train 24, loss: 1.952864, train acc: 0.735444, train avg acc: 0.609353
Test 24, loss: 1.811818, test acc: 0.795786, test avg acc: 0.683314
Train 25, loss: 1.945013, train acc: 0.738294, train avg acc: 0.617407
Test 25, loss: 1.880702, test acc: 0.747569, test avg acc: 0.674163
Train 26, loss: 1.944639, train acc: 0.739719, train avg acc: 0.613576
Test 26, loss: 1.800420, test acc: 0.785251, test avg acc: 0.701000
Train 27, loss: 1.948178, train acc: 0.740330, train avg acc: 0.616477
Test 27, loss: 1.786761, test acc: 0.794976, test avg acc: 0.705000
Train 28, loss: 1.933426, train acc: 0.743485, train avg acc: 0.621482
Test 28, loss: 1.759960, test acc: 0.832253, test avg acc: 0.743360
Train 29, loss: 1.932981, train acc: 0.739515, train avg acc: 0.616096
Test 29, loss: 1.767980, test acc: 0.812399, test avg acc: 0.737599
Train 30, loss: 1.937765, train acc: 0.738905, train avg acc: 0.616464
Test 30, loss: 1.822519, test acc: 0.753647, test avg acc: 0.678535
Train 31, loss: 1.931801, train acc: 0.745012, train avg acc: 0.620340
Test 31, loss: 1.808632, test acc: 0.783225, test avg acc: 0.701192
Train 32, loss: 1.941212, train acc: 0.739108, train avg acc: 0.611668
Test 32, loss: 1.775650, test acc: 0.819287, test avg acc: 0.740384
Train 33, loss: 1.932382, train acc: 0.738905, train avg acc: 0.615133
Test 33, loss: 1.826310, test acc: 0.794571, test avg acc: 0.721233
Train 34, loss: 1.924108, train acc: 0.745216, train avg acc: 0.623507
Test 34, loss: 1.783286, test acc: 0.799028, test avg acc: 0.706064
Train 35, loss: 1.922641, train acc: 0.742875, train avg acc: 0.625354
Test 35, loss: 1.737210, test acc: 0.824554, test avg acc: 0.745302
Train 36, loss: 1.920837, train acc: 0.748575, train avg acc: 0.623107
Test 36, loss: 1.764005, test acc: 0.807536, test avg acc: 0.723628
Train 37, loss: 1.910204, train acc: 0.754682, train avg acc: 0.631726
Test 37, loss: 1.784431, test acc: 0.819692, test avg acc: 0.728140
Train 38, loss: 1.906529, train acc: 0.754173, train avg acc: 0.631299
Test 38, loss: 1.787562, test acc: 0.804295, test avg acc: 0.700744
Train 39, loss: 1.907498, train acc: 0.751018, train avg acc: 0.628087
Test 39, loss: 1.741085, test acc: 0.805916, test avg acc: 0.734308
Train 40, loss: 1.914576, train acc: 0.747964, train avg acc: 0.626955
Test 40, loss: 1.804076, test acc: 0.787682, test avg acc: 0.708331
Train 41, loss: 1.906927, train acc: 0.753257, train avg acc: 0.631506
Test 41, loss: 1.773867, test acc: 0.814830, test avg acc: 0.731442
Train 42, loss: 1.905449, train acc: 0.752036, train avg acc: 0.626953
Test 42, loss: 1.805274, test acc: 0.789708, test avg acc: 0.697866
Train 43, loss: 1.908959, train acc: 0.754682, train avg acc: 0.633256
Test 43, loss: 1.732147, test acc: 0.824554, test avg acc: 0.743215
Train 44, loss: 1.904414, train acc: 0.754479, train avg acc: 0.635695
Test 44, loss: 1.823929, test acc: 0.804295, test avg acc: 0.699099
Train 45, loss: 1.900964, train acc: 0.757329, train avg acc: 0.639006
Test 45, loss: 1.769136, test acc: 0.798217, test avg acc: 0.728983
Train 46, loss: 1.898428, train acc: 0.759772, train avg acc: 0.641853
Test 46, loss: 1.747282, test acc: 0.819692, test avg acc: 0.738203
Train 47, loss: 1.901232, train acc: 0.757125, train avg acc: 0.637806
Test 47, loss: 1.865283, test acc: 0.741086, test avg acc: 0.680907
Train 48, loss: 1.906266, train acc: 0.753359, train avg acc: 0.631752
Test 48, loss: 1.797507, test acc: 0.782010, test avg acc: 0.706279
Train 49, loss: 1.892353, train acc: 0.763029, train avg acc: 0.648096
Test 49, loss: 1.922292, test acc: 0.767018, test avg acc: 0.710994
Train 50, loss: 1.891556, train acc: 0.756820, train avg acc: 0.639021
Test 50, loss: 1.760223, test acc: 0.799433, test avg acc: 0.712326
Train 51, loss: 1.898416, train acc: 0.759263, train avg acc: 0.643353
Test 51, loss: 1.765054, test acc: 0.806321, test avg acc: 0.748756
Train 52, loss: 1.903519, train acc: 0.754479, train avg acc: 0.631297
Test 52, loss: 1.900686, test acc: 0.754457, test avg acc: 0.699907
Train 53, loss: 1.890030, train acc: 0.763436, train avg acc: 0.650942
Test 53, loss: 1.729898, test acc: 0.837115, test avg acc: 0.768826
Train 54, loss: 1.880585, train acc: 0.767203, train avg acc: 0.651714
Test 54, loss: 1.814800, test acc: 0.774311, test avg acc: 0.697802
Train 55, loss: 1.890844, train acc: 0.759161, train avg acc: 0.642277
Test 55, loss: 1.762753, test acc: 0.812399, test avg acc: 0.735372
Train 56, loss: 1.881655, train acc: 0.765269, train avg acc: 0.646050
Test 56, loss: 1.810324, test acc: 0.798217, test avg acc: 0.730866
Train 57, loss: 1.887160, train acc: 0.760688, train avg acc: 0.641696
Test 57, loss: 1.739968, test acc: 0.826580, test avg acc: 0.725703
Train 58, loss: 1.871511, train acc: 0.768730, train avg acc: 0.652148
Test 58, loss: 1.741829, test acc: 0.816451, test avg acc: 0.730105
Train 59, loss: 1.884391, train acc: 0.763131, train avg acc: 0.643635
Test 59, loss: 1.752123, test acc: 0.800648, test avg acc: 0.719971
Train 60, loss: 1.873865, train acc: 0.767814, train avg acc: 0.655811
Test 60, loss: 1.811646, test acc: 0.794571, test avg acc: 0.738099
Train 61, loss: 1.881393, train acc: 0.767508, train avg acc: 0.653989
Test 61, loss: 1.755749, test acc: 0.829417, test avg acc: 0.744506
Train 62, loss: 1.868251, train acc: 0.767610, train avg acc: 0.649896
Test 62, loss: 1.701022, test acc: 0.849271, test avg acc: 0.765477
Train 63, loss: 1.861643, train acc: 0.774735, train avg acc: 0.662389
Test 63, loss: 1.730303, test acc: 0.813209, test avg acc: 0.743512
Train 64, loss: 1.857903, train acc: 0.774735, train avg acc: 0.660626
Test 64, loss: 1.735020, test acc: 0.831442, test avg acc: 0.761320
Train 65, loss: 1.862567, train acc: 0.774226, train avg acc: 0.659342
Test 65, loss: 1.761019, test acc: 0.811183, test avg acc: 0.739576
Train 66, loss: 1.865688, train acc: 0.768526, train avg acc: 0.651231
Test 66, loss: 1.743247, test acc: 0.808752, test avg acc: 0.742250
Train 67, loss: 1.865584, train acc: 0.772089, train avg acc: 0.661167
Test 67, loss: 1.730686, test acc: 0.835900, test avg acc: 0.745942
Train 68, loss: 1.863782, train acc: 0.769748, train avg acc: 0.655500
Test 68, loss: 1.774226, test acc: 0.803485, test avg acc: 0.738750
Train 69, loss: 1.853418, train acc: 0.776771, train avg acc: 0.662227
Test 69, loss: 1.719931, test acc: 0.824149, test avg acc: 0.743581
Train 70, loss: 1.847882, train acc: 0.781861, train avg acc: 0.670612
Test 70, loss: 1.711597, test acc: 0.838331, test avg acc: 0.757785
Train 71, loss: 1.853910, train acc: 0.777993, train avg acc: 0.662571
Test 71, loss: 1.707812, test acc: 0.842382, test avg acc: 0.772233
Train 72, loss: 1.853513, train acc: 0.773310, train avg acc: 0.663607
Test 72, loss: 1.847838, test acc: 0.758509, test avg acc: 0.681901
Train 73, loss: 1.852176, train acc: 0.777280, train avg acc: 0.670679
Test 73, loss: 1.751389, test acc: 0.818071, test avg acc: 0.743006
Train 74, loss: 1.853778, train acc: 0.774939, train avg acc: 0.663831
Test 74, loss: 1.726142, test acc: 0.818882, test avg acc: 0.758372
Train 75, loss: 1.853795, train acc: 0.777993, train avg acc: 0.667661
Test 75, loss: 1.778099, test acc: 0.827796, test avg acc: 0.784198
Train 76, loss: 1.852791, train acc: 0.776873, train avg acc: 0.666478
Test 76, loss: 1.711132, test acc: 0.822934, test avg acc: 0.740099
Train 77, loss: 1.844485, train acc: 0.782471, train avg acc: 0.671559
Test 77, loss: 1.727504, test acc: 0.820097, test avg acc: 0.736901
Train 78, loss: 1.842087, train acc: 0.781352, train avg acc: 0.671440
Test 78, loss: 1.825682, test acc: 0.801459, test avg acc: 0.751924
Train 79, loss: 1.845234, train acc: 0.779011, train avg acc: 0.667579
Test 79, loss: 1.707797, test acc: 0.828201, test avg acc: 0.741872
Train 80, loss: 1.848917, train acc: 0.776466, train avg acc: 0.665709
Test 80, loss: 1.706808, test acc: 0.837115, test avg acc: 0.764901
Train 81, loss: 1.843953, train acc: 0.778502, train avg acc: 0.665229
Test 81, loss: 1.699967, test acc: 0.841572, test avg acc: 0.780587
Train 82, loss: 1.841690, train acc: 0.780436, train avg acc: 0.671481
Test 82, loss: 1.731656, test acc: 0.829822, test avg acc: 0.764273
Train 83, loss: 1.836269, train acc: 0.778196, train avg acc: 0.666169
Test 83, loss: 1.701582, test acc: 0.826580, test avg acc: 0.744151
Train 84, loss: 1.837549, train acc: 0.781352, train avg acc: 0.674324
Test 84, loss: 1.705108, test acc: 0.830227, test avg acc: 0.741366
Train 85, loss: 1.842429, train acc: 0.782370, train avg acc: 0.677301
Test 85, loss: 1.729737, test acc: 0.833468, test avg acc: 0.764186
Train 86, loss: 1.829728, train acc: 0.790004, train avg acc: 0.684973
Test 86, loss: 1.734410, test acc: 0.818476, test avg acc: 0.758919
Train 87, loss: 1.826129, train acc: 0.785322, train avg acc: 0.678343
Test 87, loss: 1.724091, test acc: 0.830227, test avg acc: 0.774250
Train 88, loss: 1.827695, train acc: 0.787357, train avg acc: 0.680123
Test 88, loss: 1.658504, test acc: 0.869935, test avg acc: 0.786971
Train 89, loss: 1.846665, train acc: 0.775143, train avg acc: 0.664648
Test 89, loss: 1.714778, test acc: 0.838331, test avg acc: 0.766465
Train 90, loss: 1.821450, train acc: 0.787968, train avg acc: 0.676112
Test 90, loss: 1.720466, test acc: 0.829011, test avg acc: 0.773006
Train 91, loss: 1.826887, train acc: 0.791429, train avg acc: 0.687983
Test 91, loss: 1.667308, test acc: 0.839546, test avg acc: 0.778151
Train 92, loss: 1.820409, train acc: 0.790309, train avg acc: 0.683614
Test 92, loss: 1.715758, test acc: 0.811994, test avg acc: 0.756628
Train 93, loss: 1.821654, train acc: 0.787256, train avg acc: 0.677221
Test 93, loss: 1.743886, test acc: 0.825770, test avg acc: 0.756878
Train 94, loss: 1.814213, train acc: 0.794992, train avg acc: 0.689518
Test 94, loss: 1.711054, test acc: 0.818882, test avg acc: 0.738320
Train 95, loss: 1.807035, train acc: 0.798046, train avg acc: 0.696466
Test 95, loss: 1.664479, test acc: 0.843598, test avg acc: 0.763802
Train 96, loss: 1.829756, train acc: 0.783591, train avg acc: 0.678719
Test 96, loss: 1.724112, test acc: 0.821313, test avg acc: 0.732977
Train 97, loss: 1.809314, train acc: 0.792447, train avg acc: 0.686780
Test 97, loss: 1.732846, test acc: 0.823339, test avg acc: 0.781570
Train 98, loss: 1.807772, train acc: 0.794483, train avg acc: 0.690806
Test 98, loss: 1.667067, test acc: 0.836710, test avg acc: 0.784151
Train 99, loss: 1.814684, train acc: 0.790615, train avg acc: 0.680606
Test 99, loss: 1.715204, test acc: 0.835900, test avg acc: 0.750512
Train 100, loss: 1.806749, train acc: 0.798555, train avg acc: 0.692653
Test 100, loss: 1.676900, test acc: 0.845624, test avg acc: 0.773209
Train 101, loss: 1.803186, train acc: 0.798249, train avg acc: 0.697586
Test 101, loss: 1.682008, test acc: 0.850891, test avg acc: 0.803733
Train 102, loss: 1.806548, train acc: 0.798351, train avg acc: 0.696204
Test 102, loss: 1.705324, test acc: 0.842382, test avg acc: 0.762616
Train 103, loss: 1.802656, train acc: 0.800387, train avg acc: 0.697822
Test 103, loss: 1.703107, test acc: 0.833063, test avg acc: 0.772977
Train 104, loss: 1.799241, train acc: 0.799064, train avg acc: 0.696068
Test 104, loss: 1.673943, test acc: 0.852917, test avg acc: 0.775308
Train 105, loss: 1.801851, train acc: 0.800387, train avg acc: 0.699853
Test 105, loss: 1.698182, test acc: 0.828201, test avg acc: 0.749017
Train 106, loss: 1.794215, train acc: 0.801099, train avg acc: 0.700211
Test 106, loss: 1.658391, test acc: 0.844003, test avg acc: 0.774541
Train 107, loss: 1.795440, train acc: 0.798351, train avg acc: 0.693150
Test 107, loss: 1.708816, test acc: 0.839141, test avg acc: 0.767326
Train 108, loss: 1.796440, train acc: 0.805375, train avg acc: 0.706191
Test 108, loss: 1.689913, test acc: 0.840357, test avg acc: 0.765227
Train 109, loss: 1.792361, train acc: 0.804866, train avg acc: 0.703649
Test 109, loss: 1.678168, test acc: 0.842788, test avg acc: 0.788506
Train 110, loss: 1.791776, train acc: 0.802423, train avg acc: 0.703221
Test 110, loss: 1.694071, test acc: 0.838331, test avg acc: 0.776128
Train 111, loss: 1.791321, train acc: 0.803848, train avg acc: 0.703500
Test 111, loss: 1.662908, test acc: 0.848460, test avg acc: 0.777076
Train 112, loss: 1.789911, train acc: 0.802728, train avg acc: 0.701570
Test 112, loss: 1.680240, test acc: 0.845219, test avg acc: 0.775221
Train 113, loss: 1.789316, train acc: 0.806393, train avg acc: 0.707232
Test 113, loss: 1.666973, test acc: 0.841572, test avg acc: 0.788099
Train 114, loss: 1.789853, train acc: 0.801812, train avg acc: 0.701528
Test 114, loss: 1.743476, test acc: 0.818882, test avg acc: 0.761948
Train 115, loss: 1.789684, train acc: 0.804764, train avg acc: 0.705897
Test 115, loss: 1.749398, test acc: 0.807536, test avg acc: 0.746587
Train 116, loss: 1.785729, train acc: 0.803950, train avg acc: 0.705816
Test 116, loss: 1.696043, test acc: 0.836305, test avg acc: 0.785384
Train 117, loss: 1.777361, train acc: 0.807512, train avg acc: 0.705430
Test 117, loss: 1.651071, test acc: 0.859806, test avg acc: 0.793105
Train 118, loss: 1.776895, train acc: 0.810973, train avg acc: 0.713460
Test 118, loss: 1.715329, test acc: 0.812399, test avg acc: 0.753314
Train 119, loss: 1.788466, train acc: 0.802728, train avg acc: 0.702842
Test 119, loss: 1.648265, test acc: 0.867504, test avg acc: 0.789610
Train 120, loss: 1.769198, train acc: 0.812398, train avg acc: 0.717365
Test 120, loss: 1.687814, test acc: 0.838736, test avg acc: 0.779052
Train 121, loss: 1.775329, train acc: 0.811787, train avg acc: 0.714110
Test 121, loss: 1.672601, test acc: 0.851702, test avg acc: 0.794831
Train 122, loss: 1.772825, train acc: 0.810973, train avg acc: 0.713277
Test 122, loss: 1.686975, test acc: 0.826175, test avg acc: 0.772378
Train 123, loss: 1.766609, train acc: 0.811686, train avg acc: 0.716781
Test 123, loss: 1.697861, test acc: 0.833468, test avg acc: 0.786674
Train 124, loss: 1.766488, train acc: 0.814332, train avg acc: 0.719547
Test 124, loss: 1.676873, test acc: 0.846029, test avg acc: 0.779884
Train 125, loss: 1.774070, train acc: 0.808632, train avg acc: 0.713872
Test 125, loss: 1.703721, test acc: 0.834279, test avg acc: 0.782436
Train 126, loss: 1.769173, train acc: 0.810770, train avg acc: 0.713309
Test 126, loss: 1.637465, test acc: 0.863047, test avg acc: 0.785802
Train 127, loss: 1.770722, train acc: 0.814739, train avg acc: 0.716267
Test 127, loss: 1.696649, test acc: 0.846840, test avg acc: 0.796744
Train 128, loss: 1.762646, train acc: 0.813823, train avg acc: 0.717047
Test 128, loss: 1.712064, test acc: 0.814425, test avg acc: 0.756907
Train 129, loss: 1.757781, train acc: 0.817691, train avg acc: 0.724042
Test 129, loss: 1.656835, test acc: 0.844814, test avg acc: 0.773017
Train 130, loss: 1.754833, train acc: 0.818709, train avg acc: 0.721026
Test 130, loss: 1.645237, test acc: 0.855754, test avg acc: 0.789605
Train 131, loss: 1.757801, train acc: 0.818404, train avg acc: 0.725437
Test 131, loss: 1.695865, test acc: 0.834684, test avg acc: 0.759105
Train 132, loss: 1.756567, train acc: 0.819829, train avg acc: 0.726317
Test 132, loss: 1.696429, test acc: 0.848460, test avg acc: 0.796767
Train 133, loss: 1.756838, train acc: 0.813823, train avg acc: 0.716934
Test 133, loss: 1.680249, test acc: 0.849271, test avg acc: 0.789599
Train 134, loss: 1.746728, train acc: 0.820033, train avg acc: 0.727395
Test 134, loss: 1.636150, test acc: 0.867099, test avg acc: 0.801093
Train 135, loss: 1.750962, train acc: 0.815757, train avg acc: 0.718526
Test 135, loss: 1.651246, test acc: 0.849271, test avg acc: 0.779279
Train 136, loss: 1.747159, train acc: 0.818913, train avg acc: 0.724674
Test 136, loss: 1.717318, test acc: 0.843193, test avg acc: 0.786035
Train 137, loss: 1.748194, train acc: 0.822068, train avg acc: 0.728456
Test 137, loss: 1.645477, test acc: 0.854133, test avg acc: 0.784651
Train 138, loss: 1.740466, train acc: 0.827667, train avg acc: 0.739171
Test 138, loss: 1.623885, test acc: 0.864668, test avg acc: 0.798209
Train 139, loss: 1.743348, train acc: 0.821356, train avg acc: 0.729884
Test 139, loss: 1.635766, test acc: 0.860211, test avg acc: 0.790541
Train 140, loss: 1.743036, train acc: 0.823290, train avg acc: 0.732308
Test 140, loss: 1.648464, test acc: 0.858185, test avg acc: 0.801169
Train 141, loss: 1.737256, train acc: 0.826547, train avg acc: 0.733427
Test 141, loss: 1.614844, test acc: 0.867504, test avg acc: 0.804541
Train 142, loss: 1.735612, train acc: 0.827260, train avg acc: 0.738273
Test 142, loss: 1.671143, test acc: 0.844003, test avg acc: 0.790983
Train 143, loss: 1.738015, train acc: 0.823901, train avg acc: 0.729528
Test 143, loss: 1.632278, test acc: 0.852917, test avg acc: 0.793343
Train 144, loss: 1.739352, train acc: 0.823901, train avg acc: 0.733542
Test 144, loss: 1.668080, test acc: 0.847245, test avg acc: 0.794744
Train 145, loss: 1.730613, train acc: 0.830619, train avg acc: 0.747003
Test 145, loss: 1.648924, test acc: 0.856159, test avg acc: 0.787180
Train 146, loss: 1.732534, train acc: 0.827871, train avg acc: 0.738013
Test 146, loss: 1.636739, test acc: 0.858995, test avg acc: 0.805756
Train 147, loss: 1.723277, train acc: 0.829296, train avg acc: 0.740946
Test 147, loss: 1.649247, test acc: 0.844408, test avg acc: 0.778070
Train 148, loss: 1.730850, train acc: 0.827056, train avg acc: 0.736047
Test 148, loss: 1.654548, test acc: 0.847650, test avg acc: 0.789692
Train 149, loss: 1.728901, train acc: 0.827260, train avg acc: 0.739112
Test 149, loss: 1.629065, test acc: 0.861831, test avg acc: 0.800256
Train 150, loss: 1.726674, train acc: 0.830008, train avg acc: 0.741749
Test 150, loss: 1.633581, test acc: 0.858995, test avg acc: 0.797297
Train 151, loss: 1.717476, train acc: 0.834894, train avg acc: 0.749379
Test 151, loss: 1.622205, test acc: 0.873987, test avg acc: 0.814047
Train 152, loss: 1.719547, train acc: 0.832451, train avg acc: 0.744807
Test 152, loss: 1.606968, test acc: 0.876823, test avg acc: 0.829169
Train 153, loss: 1.719540, train acc: 0.833367, train avg acc: 0.750157
Test 153, loss: 1.630951, test acc: 0.867504, test avg acc: 0.816791
Train 154, loss: 1.722929, train acc: 0.834283, train avg acc: 0.745061
Test 154, loss: 1.591225, test acc: 0.877229, test avg acc: 0.802145
Train 155, loss: 1.713975, train acc: 0.835708, train avg acc: 0.747141
Test 155, loss: 1.623616, test acc: 0.862237, test avg acc: 0.803459
Train 156, loss: 1.719140, train acc: 0.828074, train avg acc: 0.741446
Test 156, loss: 1.606953, test acc: 0.859806, test avg acc: 0.803192
Train 157, loss: 1.707427, train acc: 0.841612, train avg acc: 0.756211
Test 157, loss: 1.612781, test acc: 0.859400, test avg acc: 0.814541
Train 158, loss: 1.716358, train acc: 0.835098, train avg acc: 0.747203
Test 158, loss: 1.604820, test acc: 0.870746, test avg acc: 0.814483
Train 159, loss: 1.709433, train acc: 0.836421, train avg acc: 0.749126
Test 159, loss: 1.613265, test acc: 0.874392, test avg acc: 0.809215
Train 160, loss: 1.710888, train acc: 0.836625, train avg acc: 0.752469
Test 160, loss: 1.592194, test acc: 0.873177, test avg acc: 0.791017
Train 161, loss: 1.704243, train acc: 0.839373, train avg acc: 0.755394
Test 161, loss: 1.620840, test acc: 0.865478, test avg acc: 0.812680
Train 162, loss: 1.703620, train acc: 0.837948, train avg acc: 0.752060
Test 162, loss: 1.602848, test acc: 0.870340, test avg acc: 0.815302
Train 163, loss: 1.707034, train acc: 0.832248, train avg acc: 0.745609
Test 163, loss: 1.616086, test acc: 0.869935, test avg acc: 0.809279
Train 164, loss: 1.695710, train acc: 0.841409, train avg acc: 0.758141
Test 164, loss: 1.589371, test acc: 0.879254, test avg acc: 0.814169
Train 165, loss: 1.701295, train acc: 0.839373, train avg acc: 0.751629
Test 165, loss: 1.632940, test acc: 0.873177, test avg acc: 0.820791
Train 166, loss: 1.695407, train acc: 0.844463, train avg acc: 0.763556
Test 166, loss: 1.631981, test acc: 0.855754, test avg acc: 0.789012
Train 167, loss: 1.699792, train acc: 0.836930, train avg acc: 0.752695
Test 167, loss: 1.604638, test acc: 0.862642, test avg acc: 0.790930
Train 168, loss: 1.691210, train acc: 0.841205, train avg acc: 0.755228
Test 168, loss: 1.604345, test acc: 0.871151, test avg acc: 0.811593
Train 169, loss: 1.699253, train acc: 0.841103, train avg acc: 0.757990
Test 169, loss: 1.595137, test acc: 0.874797, test avg acc: 0.817250
Train 170, loss: 1.689782, train acc: 0.840289, train avg acc: 0.758573
Test 170, loss: 1.589577, test acc: 0.868314, test avg acc: 0.817727
Train 171, loss: 1.684092, train acc: 0.844157, train avg acc: 0.760900
Test 171, loss: 1.573963, test acc: 0.880470, test avg acc: 0.817977
Train 172, loss: 1.683408, train acc: 0.849654, train avg acc: 0.768396
Test 172, loss: 1.610002, test acc: 0.861021, test avg acc: 0.806035
Train 173, loss: 1.685362, train acc: 0.844157, train avg acc: 0.762164
Test 173, loss: 1.629242, test acc: 0.869530, test avg acc: 0.808762
Train 174, loss: 1.682678, train acc: 0.847822, train avg acc: 0.765826
Test 174, loss: 1.582602, test acc: 0.868314, test avg acc: 0.810233
Train 175, loss: 1.681179, train acc: 0.848840, train avg acc: 0.770680
Test 175, loss: 1.590053, test acc: 0.873987, test avg acc: 0.810971
Train 176, loss: 1.677592, train acc: 0.852606, train avg acc: 0.771858
Test 176, loss: 1.617918, test acc: 0.857780, test avg acc: 0.804680
Train 177, loss: 1.667935, train acc: 0.854540, train avg acc: 0.773895
Test 177, loss: 1.588645, test acc: 0.879254, test avg acc: 0.826174
Train 178, loss: 1.668576, train acc: 0.854336, train avg acc: 0.775244
Test 178, loss: 1.585270, test acc: 0.875608, test avg acc: 0.821459
Train 179, loss: 1.670691, train acc: 0.853827, train avg acc: 0.774166
Test 179, loss: 1.608071, test acc: 0.869125, test avg acc: 0.813616
Train 180, loss: 1.669323, train acc: 0.853827, train avg acc: 0.778658
Test 180, loss: 1.601033, test acc: 0.876823, test avg acc: 0.822360
Train 181, loss: 1.668850, train acc: 0.852809, train avg acc: 0.770263
Test 181, loss: 1.581060, test acc: 0.881686, test avg acc: 0.817913
Train 182, loss: 1.675062, train acc: 0.848738, train avg acc: 0.769041
Test 182, loss: 1.570678, test acc: 0.879660, test avg acc: 0.825971
Train 183, loss: 1.664519, train acc: 0.852402, train avg acc: 0.772295
Test 183, loss: 1.567645, test acc: 0.877634, test avg acc: 0.818384
Train 184, loss: 1.658878, train acc: 0.855965, train avg acc: 0.780013
Test 184, loss: 1.574577, test acc: 0.884927, test avg acc: 0.822081
Train 185, loss: 1.665245, train acc: 0.857186, train avg acc: 0.779907
Test 185, loss: 1.588645, test acc: 0.880065, test avg acc: 0.828471
Train 186, loss: 1.654203, train acc: 0.859324, train avg acc: 0.782320
Test 186, loss: 1.577291, test acc: 0.884117, test avg acc: 0.819680
Train 187, loss: 1.666260, train acc: 0.852911, train avg acc: 0.773923
Test 187, loss: 1.596835, test acc: 0.864668, test avg acc: 0.818558
Train 188, loss: 1.657661, train acc: 0.857085, train avg acc: 0.779386
Test 188, loss: 1.580184, test acc: 0.873582, test avg acc: 0.812081
Train 189, loss: 1.657203, train acc: 0.856576, train avg acc: 0.778079
Test 189, loss: 1.580823, test acc: 0.880065, test avg acc: 0.829570
Train 190, loss: 1.656606, train acc: 0.855863, train avg acc: 0.780683
Test 190, loss: 1.584583, test acc: 0.874797, test avg acc: 0.821547
Train 191, loss: 1.652682, train acc: 0.860444, train avg acc: 0.784950
Test 191, loss: 1.597432, test acc: 0.871151, test avg acc: 0.827721
Train 192, loss: 1.648571, train acc: 0.860647, train avg acc: 0.785293
Test 192, loss: 1.562331, test acc: 0.884117, test avg acc: 0.828802
Train 193, loss: 1.645005, train acc: 0.862174, train avg acc: 0.788543
Test 193, loss: 1.568962, test acc: 0.888574, test avg acc: 0.833506
Train 194, loss: 1.643396, train acc: 0.865737, train avg acc: 0.791551
Test 194, loss: 1.567712, test acc: 0.880470, test avg acc: 0.825512
Train 195, loss: 1.649555, train acc: 0.858510, train avg acc: 0.782715
Test 195, loss: 1.572155, test acc: 0.886143, test avg acc: 0.828093
Train 196, loss: 1.645734, train acc: 0.862785, train avg acc: 0.788260
Test 196, loss: 1.568956, test acc: 0.883306, test avg acc: 0.836099
Train 197, loss: 1.642399, train acc: 0.867264, train avg acc: 0.799548
Test 197, loss: 1.550532, test acc: 0.887763, test avg acc: 0.827128
Train 198, loss: 1.637431, train acc: 0.865330, train avg acc: 0.795723
Test 198, loss: 1.562172, test acc: 0.882496, test avg acc: 0.813965
Train 199, loss: 1.634730, train acc: 0.866857, train avg acc: 0.792968
Test 199, loss: 1.550484, test acc: 0.891410, test avg acc: 0.831384
Train 200, loss: 1.635184, train acc: 0.866246, train avg acc: 0.793570
Test 200, loss: 1.563207, test acc: 0.884117, test avg acc: 0.830512
Train 201, loss: 1.642765, train acc: 0.862581, train avg acc: 0.788616
Test 201, loss: 1.574036, test acc: 0.876823, test avg acc: 0.825140
Train 202, loss: 1.632564, train acc: 0.869300, train avg acc: 0.796755
Test 202, loss: 1.555132, test acc: 0.888169, test avg acc: 0.824302
Train 203, loss: 1.633053, train acc: 0.867162, train avg acc: 0.793343
Test 203, loss: 1.555041, test acc: 0.891410, test avg acc: 0.830424
Train 204, loss: 1.627455, train acc: 0.871539, train avg acc: 0.802209
Test 204, loss: 1.558791, test acc: 0.882901, test avg acc: 0.830052
Train 205, loss: 1.627991, train acc: 0.869707, train avg acc: 0.799100
Test 205, loss: 1.562411, test acc: 0.893436, test avg acc: 0.838837
Train 206, loss: 1.627603, train acc: 0.872557, train avg acc: 0.803978
Test 206, loss: 1.555484, test acc: 0.888979, test avg acc: 0.841843
Train 207, loss: 1.626690, train acc: 0.870012, train avg acc: 0.799575
Test 207, loss: 1.556521, test acc: 0.885737, test avg acc: 0.830762
Train 208, loss: 1.623679, train acc: 0.874898, train avg acc: 0.808616
Test 208, loss: 1.544710, test acc: 0.892626, test avg acc: 0.834541
Train 209, loss: 1.625315, train acc: 0.870725, train avg acc: 0.798121
Test 209, loss: 1.556384, test acc: 0.883712, test avg acc: 0.835349
Train 210, loss: 1.619805, train acc: 0.875814, train avg acc: 0.807606
Test 210, loss: 1.546161, test acc: 0.895057, test avg acc: 0.833453
Train 211, loss: 1.617211, train acc: 0.874593, train avg acc: 0.807497
Test 211, loss: 1.541301, test acc: 0.899919, test avg acc: 0.852837
Train 212, loss: 1.619741, train acc: 0.873066, train avg acc: 0.802642
Test 212, loss: 1.551477, test acc: 0.886143, test avg acc: 0.833052
Train 213, loss: 1.616005, train acc: 0.875204, train avg acc: 0.806395
Test 213, loss: 1.544528, test acc: 0.892220, test avg acc: 0.841965
Train 214, loss: 1.612362, train acc: 0.876527, train avg acc: 0.808273
Test 214, loss: 1.537034, test acc: 0.895462, test avg acc: 0.841721
Train 215, loss: 1.615372, train acc: 0.875713, train avg acc: 0.806533
Test 215, loss: 1.540404, test acc: 0.892626, test avg acc: 0.840965
Train 216, loss: 1.609912, train acc: 0.877138, train avg acc: 0.809513
Test 216, loss: 1.533435, test acc: 0.893031, test avg acc: 0.835221
Train 217, loss: 1.610882, train acc: 0.878868, train avg acc: 0.812436
Test 217, loss: 1.550445, test acc: 0.888169, test avg acc: 0.836628
Train 218, loss: 1.610287, train acc: 0.876018, train avg acc: 0.806113
Test 218, loss: 1.546032, test acc: 0.897488, test avg acc: 0.847215
Train 219, loss: 1.608706, train acc: 0.880497, train avg acc: 0.809941
Test 219, loss: 1.543912, test acc: 0.891410, test avg acc: 0.839465
Train 220, loss: 1.605378, train acc: 0.881718, train avg acc: 0.816368
Test 220, loss: 1.535240, test acc: 0.894246, test avg acc: 0.844419
Train 221, loss: 1.604801, train acc: 0.883143, train avg acc: 0.819711
Test 221, loss: 1.538179, test acc: 0.894652, test avg acc: 0.842058
Train 222, loss: 1.604750, train acc: 0.881922, train avg acc: 0.816480
Test 222, loss: 1.537247, test acc: 0.895867, test avg acc: 0.845052
Train 223, loss: 1.601829, train acc: 0.882736, train avg acc: 0.817896
Test 223, loss: 1.538186, test acc: 0.894246, test avg acc: 0.840419
Train 224, loss: 1.600629, train acc: 0.882940, train avg acc: 0.819497
Test 224, loss: 1.536367, test acc: 0.893841, test avg acc: 0.840884
Train 225, loss: 1.600214, train acc: 0.881311, train avg acc: 0.820651
Test 225, loss: 1.532220, test acc: 0.897893, test avg acc: 0.845750
Train 226, loss: 1.602596, train acc: 0.880497, train avg acc: 0.813521
Test 226, loss: 1.530131, test acc: 0.895867, test avg acc: 0.840500
Train 227, loss: 1.599491, train acc: 0.884670, train avg acc: 0.819403
Test 227, loss: 1.535183, test acc: 0.891005, test avg acc: 0.840174
Train 228, loss: 1.596078, train acc: 0.883347, train avg acc: 0.819113
Test 228, loss: 1.530105, test acc: 0.896677, test avg acc: 0.843715
Train 229, loss: 1.595355, train acc: 0.885688, train avg acc: 0.822087
Test 229, loss: 1.533259, test acc: 0.898703, test avg acc: 0.849093
Train 230, loss: 1.596960, train acc: 0.883958, train avg acc: 0.821218
Test 230, loss: 1.533408, test acc: 0.896677, test avg acc: 0.844674
Train 231, loss: 1.594731, train acc: 0.882431, train avg acc: 0.820004
Test 231, loss: 1.529033, test acc: 0.893031, test avg acc: 0.842384
Train 232, loss: 1.591649, train acc: 0.888640, train avg acc: 0.826679
Test 232, loss: 1.529432, test acc: 0.895057, test avg acc: 0.841837
Train 233, loss: 1.591944, train acc: 0.884670, train avg acc: 0.819181
Test 233, loss: 1.530441, test acc: 0.893031, test avg acc: 0.842384
Train 234, loss: 1.591807, train acc: 0.887113, train avg acc: 0.823341
Test 234, loss: 1.530576, test acc: 0.895462, test avg acc: 0.841965
Train 235, loss: 1.593096, train acc: 0.884059, train avg acc: 0.818882
Test 235, loss: 1.528014, test acc: 0.895057, test avg acc: 0.843628
Train 236, loss: 1.591475, train acc: 0.882125, train avg acc: 0.818041
Test 236, loss: 1.525098, test acc: 0.898703, test avg acc: 0.848291
Train 237, loss: 1.593365, train acc: 0.885586, train avg acc: 0.823520
Test 237, loss: 1.526235, test acc: 0.897083, test avg acc: 0.844256
Train 238, loss: 1.589370, train acc: 0.889149, train avg acc: 0.827505
Test 238, loss: 1.523093, test acc: 0.901945, test avg acc: 0.849291
Train 239, loss: 1.595160, train acc: 0.884467, train avg acc: 0.820463
Test 239, loss: 1.530294, test acc: 0.895057, test avg acc: 0.843128
Train 240, loss: 1.591252, train acc: 0.885485, train avg acc: 0.821984
Test 240, loss: 1.525989, test acc: 0.895462, test avg acc: 0.843006
Train 241, loss: 1.594827, train acc: 0.885383, train avg acc: 0.822788
Test 241, loss: 1.528873, test acc: 0.897488, test avg acc: 0.848209
Train 242, loss: 1.591012, train acc: 0.884772, train avg acc: 0.820682
Test 242, loss: 1.526659, test acc: 0.897083, test avg acc: 0.843087
Train 243, loss: 1.589088, train acc: 0.887520, train avg acc: 0.821323
Test 243, loss: 1.523888, test acc: 0.896272, test avg acc: 0.842587
Train 244, loss: 1.588566, train acc: 0.885892, train avg acc: 0.822600
Test 244, loss: 1.525272, test acc: 0.900729, test avg acc: 0.848506
Train 245, loss: 1.585218, train acc: 0.887215, train avg acc: 0.824910
Test 245, loss: 1.524987, test acc: 0.901135, test avg acc: 0.847709
Train 246, loss: 1.587533, train acc: 0.889963, train avg acc: 0.829988
Test 246, loss: 1.526404, test acc: 0.901135, test avg acc: 0.845878
Train 247, loss: 1.586507, train acc: 0.892406, train avg acc: 0.831876
Test 247, loss: 1.524381, test acc: 0.900729, test avg acc: 0.845581
Train 248, loss: 1.586994, train acc: 0.884059, train avg acc: 0.821275
Test 248, loss: 1.528553, test acc: 0.902755, test avg acc: 0.848000
Train 249, loss: 1.583064, train acc: 0.890167, train avg acc: 0.830266
Test 249, loss: 1.522358, test acc: 0.899109, test avg acc: 0.844297
Namespace(batch_size=32, dataset='modelnet40', dropout=0.5, emb_dims=1024, epochs=250, eval=False, exp_name='pointnet_d0.5', k=20, lr=0.001, model='pointnet', model_path='', momentum=0.9, no_cuda=False, num_points=1024, seed=1, test_batch_size=16, use_sgd=True)
Using GPU : 0 from 1 devices
Train 0, loss: 3.045353, train acc: 0.399735, train avg acc: 0.244851
Test 0, loss: 2.264753, test acc: 0.583468, test avg acc: 0.449395
Train 1, loss: 2.357098, train acc: 0.561991, train avg acc: 0.388585
Test 1, loss: 2.109648, test acc: 0.654376, test avg acc: 0.512314
Train 2, loss: 2.253328, train acc: 0.605049, train avg acc: 0.440565
Test 2, loss: 2.022260, test acc: 0.705429, test avg acc: 0.575907
Train 3, loss: 2.192455, train acc: 0.635586, train avg acc: 0.482393
Test 3, loss: 2.079112, test acc: 0.679092, test avg acc: 0.537797
Train 4, loss: 2.143760, train acc: 0.650041, train avg acc: 0.493593
Test 4, loss: 2.097769, test acc: 0.651945, test avg acc: 0.527267
Train 5, loss: 2.109296, train acc: 0.669585, train avg acc: 0.521308
Test 5, loss: 2.085265, test acc: 0.647488, test avg acc: 0.567523
Train 6, loss: 2.102374, train acc: 0.668872, train avg acc: 0.516605
Test 6, loss: 1.979023, test acc: 0.739465, test avg acc: 0.615430
Train 7, loss: 2.089216, train acc: 0.676405, train avg acc: 0.530287
Test 7, loss: 1.880353, test acc: 0.765802, test avg acc: 0.662378
Train 8, loss: 2.065286, train acc: 0.681393, train avg acc: 0.534344
Test 8, loss: 1.923702, test acc: 0.755267, test avg acc: 0.650826
Train 9, loss: 2.058317, train acc: 0.686380, train avg acc: 0.540990
Test 9, loss: 1.917098, test acc: 0.724473, test avg acc: 0.628099
Train 10, loss: 2.045414, train acc: 0.696865, train avg acc: 0.559239
Test 10, loss: 1.878242, test acc: 0.767423, test avg acc: 0.658099
Train 11, loss: 2.031162, train acc: 0.698697, train avg acc: 0.558459
Test 11, loss: 1.817344, test acc: 0.783225, test avg acc: 0.690919
Train 12, loss: 2.023806, train acc: 0.698493, train avg acc: 0.565030
Test 12, loss: 1.823363, test acc: 0.789303, test avg acc: 0.666698
Namespace(batch_size=32, dataset='modelnet40', dropout=0.5, emb_dims=1024, epochs=250, eval=False, exp_name='pointnet_d0.5', k=20, lr=0.001, model='pointnet', model_path='', momentum=0.9, no_cuda=False, num_points=1024, seed=1, test_batch_size=16, use_sgd=True)
Using GPU : 0 from 1 devices
Train 0, loss: 2.988313, train acc: 0.417549, train avg acc: 0.264829
Test 0, loss: 2.309595, test acc: 0.562399, test avg acc: 0.474843
Train 1, loss: 2.346270, train acc: 0.566164, train avg acc: 0.401302
Test 1, loss: 2.043861, test acc: 0.689627, test avg acc: 0.566948
Train 2, loss: 2.241040, train acc: 0.606474, train avg acc: 0.447468
Test 2, loss: 1.970899, test acc: 0.715964, test avg acc: 0.570436
Train 3, loss: 2.186967, train acc: 0.637113, train avg acc: 0.480853
Test 3, loss: 1.999185, test acc: 0.688412, test avg acc: 0.551581
Train 4, loss: 2.134016, train acc: 0.653807, train avg acc: 0.497622
Test 4, loss: 1.919585, test acc: 0.722042, test avg acc: 0.581547
Train 5, loss: 2.118805, train acc: 0.660322, train avg acc: 0.510363
Test 5, loss: 1.916162, test acc: 0.731361, test avg acc: 0.626256
Train 6, loss: 2.087472, train acc: 0.675896, train avg acc: 0.526202
Test 6, loss: 1.882549, test acc: 0.780389, test avg acc: 0.662558
Train 7, loss: 2.078789, train acc: 0.680782, train avg acc: 0.536327
Test 7, loss: 1.881906, test acc: 0.767828, test avg acc: 0.650756
Train 8, loss: 2.054186, train acc: 0.693913, train avg acc: 0.552456
Test 8, loss: 1.844919, test acc: 0.771475, test avg acc: 0.675959
Train 9, loss: 2.040074, train acc: 0.702056, train avg acc: 0.564959
Test 9, loss: 1.899516, test acc: 0.740276, test avg acc: 0.653802
Train 10, loss: 2.031113, train acc: 0.700020, train avg acc: 0.561908
Test 10, loss: 1.857752, test acc: 0.767018, test avg acc: 0.652919
Train 11, loss: 2.018931, train acc: 0.707044, train avg acc: 0.570319
Test 11, loss: 1.806579, test acc: 0.782820, test avg acc: 0.689651
Train 12, loss: 2.025467, train acc: 0.703481, train avg acc: 0.564240
Test 12, loss: 1.816621, test acc: 0.762561, test avg acc: 0.669227
Train 13, loss: 2.007155, train acc: 0.708673, train avg acc: 0.570448
Test 13, loss: 1.821092, test acc: 0.785656, test avg acc: 0.679953
Train 14, loss: 2.000572, train acc: 0.714678, train avg acc: 0.580431
Test 14, loss: 1.868350, test acc: 0.776742, test avg acc: 0.686384
Train 15, loss: 1.986401, train acc: 0.719564, train avg acc: 0.584386
Test 15, loss: 1.822805, test acc: 0.772285, test avg acc: 0.683797
Train 16, loss: 1.983791, train acc: 0.718445, train avg acc: 0.588427
Test 16, loss: 1.823838, test acc: 0.812399, test avg acc: 0.713826
Train 17, loss: 1.980680, train acc: 0.721498, train avg acc: 0.593588
Test 17, loss: 1.897480, test acc: 0.735818, test avg acc: 0.677674
Train 18, loss: 1.972375, train acc: 0.726486, train avg acc: 0.594768
Test 18, loss: 1.830685, test acc: 0.784036, test avg acc: 0.686860
Train 19, loss: 1.960699, train acc: 0.733408, train avg acc: 0.607885
Test 19, loss: 1.815805, test acc: 0.779984, test avg acc: 0.669459
Train 20, loss: 1.960865, train acc: 0.732186, train avg acc: 0.604323
Test 20, loss: 1.790297, test acc: 0.786062, test avg acc: 0.699430
Train 21, loss: 1.956473, train acc: 0.738294, train avg acc: 0.610630
Test 21, loss: 1.782007, test acc: 0.799433, test avg acc: 0.721355
Train 22, loss: 1.953028, train acc: 0.734935, train avg acc: 0.608058
Test 22, loss: 1.789430, test acc: 0.795786, test avg acc: 0.694570
Train 23, loss: 1.943907, train acc: 0.737683, train avg acc: 0.607672
Test 23, loss: 1.779652, test acc: 0.789708, test avg acc: 0.707948
Train 24, loss: 1.945379, train acc: 0.738396, train avg acc: 0.615702
Test 24, loss: 1.801206, test acc: 0.791734, test avg acc: 0.678669
Train 25, loss: 1.944709, train acc: 0.737378, train avg acc: 0.608053
Test 25, loss: 1.795143, test acc: 0.795786, test avg acc: 0.730453
Train 26, loss: 1.953154, train acc: 0.734731, train avg acc: 0.607157
Test 26, loss: 1.778648, test acc: 0.809562, test avg acc: 0.713064
Train 27, loss: 1.938700, train acc: 0.745623, train avg acc: 0.620552
Test 27, loss: 1.782036, test acc: 0.803485, test avg acc: 0.742820
Train 28, loss: 1.928906, train acc: 0.744809, train avg acc: 0.617943
Test 28, loss: 1.825831, test acc: 0.807131, test avg acc: 0.726564
Train 29, loss: 1.930926, train acc: 0.743384, train avg acc: 0.618851
Test 29, loss: 1.800444, test acc: 0.788898, test avg acc: 0.700744
Train 30, loss: 1.930432, train acc: 0.743485, train avg acc: 0.620144
Test 30, loss: 1.821503, test acc: 0.766207, test avg acc: 0.692122
Train 31, loss: 1.925916, train acc: 0.746946, train avg acc: 0.620004
Test 31, loss: 1.817297, test acc: 0.775932, test avg acc: 0.707517
Train 32, loss: 1.921165, train acc: 0.747557, train avg acc: 0.621388
Test 32, loss: 1.737394, test acc: 0.833063, test avg acc: 0.764523
Train 33, loss: 1.922751, train acc: 0.745928, train avg acc: 0.626252
Test 33, loss: 1.772851, test acc: 0.814425, test avg acc: 0.738285
Train 34, loss: 1.922388, train acc: 0.747048, train avg acc: 0.620373
Test 34, loss: 1.810466, test acc: 0.797407, test avg acc: 0.712907
Train 35, loss: 1.923883, train acc: 0.746539, train avg acc: 0.625704
Test 35, loss: 1.763191, test acc: 0.789303, test avg acc: 0.700198
Train 36, loss: 1.906731, train acc: 0.753970, train avg acc: 0.632439
Test 36, loss: 1.732784, test acc: 0.825365, test avg acc: 0.750814
Train 37, loss: 1.912599, train acc: 0.751221, train avg acc: 0.629956
Test 37, loss: 1.734749, test acc: 0.816451, test avg acc: 0.715250
Train 38, loss: 1.911750, train acc: 0.746641, train avg acc: 0.623501
Test 38, loss: 1.776352, test acc: 0.802674, test avg acc: 0.732727
Train 39, loss: 1.913968, train acc: 0.748779, train avg acc: 0.622525
Test 39, loss: 1.805934, test acc: 0.784846, test avg acc: 0.703140
Train 40, loss: 1.909691, train acc: 0.751018, train avg acc: 0.629591
Test 40, loss: 1.761078, test acc: 0.805105, test avg acc: 0.717087
Train 41, loss: 1.906180, train acc: 0.754682, train avg acc: 0.633073
Test 41, loss: 1.777903, test acc: 0.807942, test avg acc: 0.742965
Train 42, loss: 1.908175, train acc: 0.755191, train avg acc: 0.634589
Test 42, loss: 1.751348, test acc: 0.806321, test avg acc: 0.713331
Train 43, loss: 1.895786, train acc: 0.761706, train avg acc: 0.644037
Test 43, loss: 1.804659, test acc: 0.794571, test avg acc: 0.711500
Train 44, loss: 1.899715, train acc: 0.756515, train avg acc: 0.633128
Test 44, loss: 1.846776, test acc: 0.781605, test avg acc: 0.707692
Train 45, loss: 1.900955, train acc: 0.754682, train avg acc: 0.634642
Test 45, loss: 1.812674, test acc: 0.784036, test avg acc: 0.724047
